Load environment configuration
mkdir: created directory '/appsmith-stacks/git-storage'
RTS version v1.9.13 running at http://localhost:8091
ns:/page/edit# socket v7JdX4nW-2Baptb4AAAF joined the room page:643b2b4a8066f44c654fb5f1
ns:/# socket lEgKrammuOC-f-KSAAAE joined the room app:643b2b4a8066f44c654fb5ee
ns:/# socket lEgKrammuOC-f-KSAAAE left the room app:643b2b4a8066f44c654fb5ee
ns:/# socket lEgKrammuOC-f-KSAAAE joined the room app:643b2b4a8066f44c654fb5ee
ns:/page/edit # socket v7JdX4nW-2Baptb4AAAF left the room page:643b2b4a8066f44c654fb5f1
ns:/page/edit# socket v7JdX4nW-2Baptb4AAAF joined the room page:643b2b6a8066f44c654fb5f5
ns:/# socket lEgKrammuOC-f-KSAAAE left the room app:643b2b4a8066f44c654fb5ee
ns:/# socket lEgKrammuOC-f-KSAAAE joined the room app:643b2b4a8066f44c654fb5ee
ns:/page/edit # socket v7JdX4nW-2Baptb4AAAF left the room page:643b2b6a8066f44c654fb5f5
ns:/page/edit# socket v7JdX4nW-2Baptb4AAAF joined the room page:643b2b4a8066f44c654fb5f1
ns:/# socket lEgKrammuOC-f-KSAAAE left the room app:643b2b4a8066f44c654fb5ee
ns:/# socket lEgKrammuOC-f-KSAAAE joined the room app:643b2b4a8066f44c654fb5ee
ns:/page/edit # socket v7JdX4nW-2Baptb4AAAF left the room page:643b2b4a8066f44c654fb5f1
ns:/page/edit# socket v7JdX4nW-2Baptb4AAAF joined the room page:643b2b7a8066f44c654fb5f8
ns:/# socket lEgKrammuOC-f-KSAAAE left the room app:643b2b4a8066f44c654fb5ee
ns:/# socket lEgKrammuOC-f-KSAAAE joined the room app:643b2b4a8066f44c654fb5ee
ns:/page/edit # socket v7JdX4nW-2Baptb4AAAF left the room page:643b2b7a8066f44c654fb5f8
ns:/page/edit# socket v7JdX4nW-2Baptb4AAAF joined the room page:643b2bcf8066f44c654fb5fb
ns:/# socket lEgKrammuOC-f-KSAAAE left the room app:643b2b4a8066f44c654fb5ee
ns:/# socket lEgKrammuOC-f-KSAAAE joined the room app:643b2b4a8066f44c654fb5ee
ns:/page/edit # socket v7JdX4nW-2Baptb4AAAF left the room page:643b2bcf8066f44c654fb5fb
ns:/page/edit# socket v7JdX4nW-2Baptb4AAAF joined the room page:643b2bde8066f44c654fb5fe
ns:/# socket lEgKrammuOC-f-KSAAAE left the room app:643b2b4a8066f44c654fb5ee
ns:/# socket lEgKrammuOC-f-KSAAAE joined the room app:643b2b4a8066f44c654fb5ee
