+ http_conf=/opt/appsmith/templates/nginx-app-http.conf.template.sh
+ https_conf=/opt/appsmith/templates/nginx-app-https.conf.template.sh
+ ssl_conf_path=/appsmith-stacks/data/certificate/conf
+ APP_TEMPLATE=/opt/appsmith/templates/nginx-app-http.conf.template.sh
+ mkdir -pv /appsmith-stacks/data/certificate/conf
+ cat
+ cat
+ [[ -z 'self' * ]]
+ export 'APPSMITH_ALLOWED_FRAME_ANCESTORS='\''self'\'' *'
+ APPSMITH_ALLOWED_FRAME_ANCESTORS=''\''self'\'' *'
+ [[ -z false ]]
+ [[ -n '' ]]
+ bash /opt/appsmith/templates/nginx-app-http.conf.template.sh ''
+ index_html_served=/opt/appsmith/editor/index.html
+ index_html_original=/opt/appsmith/index.html.original
+ [[ ! -f /opt/appsmith/index.html.original ]]
+ cp -v /opt/appsmith/editor/index.html /opt/appsmith/index.html.original
+ node -e '
const fs = require("fs")
const content = fs.readFileSync("/opt/appsmith/index.html.original", "utf8").replace(
  /\b__(APPSMITH_[A-Z0-9_]+)__\b/g,
  (placeholder, name) => (process.env[name] || "")
)
fs.writeFileSync("/opt/appsmith/editor/index.html", content)
'
+ exec nginx -g 'daemon off;error_log stderr info;'
2023/03/29 14:54:21 [notice] 1592#1592: using the "epoll" event method
2023/03/29 14:54:21 [notice] 1592#1592: nginx/1.18.0 (Ubuntu)
2023/03/29 14:54:21 [notice] 1592#1592: OS: Linux 5.15.49-linuxkit
2023/03/29 14:54:21 [notice] 1592#1592: getrlimit(RLIMIT_NOFILE): 1048576:1048576
2023/03/29 14:54:21 [notice] 1592#1592: start worker processes
2023/03/29 14:54:21 [notice] 1592#1592: start worker process 1628
2023/03/29 14:54:21 [notice] 1592#1592: start worker process 1629
2023/03/29 14:54:21 [notice] 1592#1592: start worker process 1630
2023/03/29 14:54:21 [notice] 1592#1592: start worker process 1631
2023/03/29 14:54:21 [notice] 1592#1592: start worker process 1632
2023/03/29 14:54:21 [notice] 1592#1592: start worker process 1633
2023/03/29 14:54:21 [notice] 1592#1592: start worker process 1634
2023/03/29 14:54:21 [notice] 1592#1592: start worker process 1635
2023/03/29 15:13:24 [notice] 1592#1592: signal 3 (SIGQUIT) received from 1, shutting down
2023/03/29 15:13:24 [notice] 1628#1628: gracefully shutting down
2023/03/29 15:13:24 [notice] 1628#1628: exiting
2023/03/29 15:13:24 [notice] 1633#1633: gracefully shutting down
2023/03/29 15:13:24 [notice] 1631#1631: gracefully shutting down
2023/03/29 15:13:24 [notice] 1635#1635: gracefully shutting down
2023/03/29 15:13:24 [notice] 1631#1631: exiting
2023/03/29 15:13:24 [notice] 1635#1635: exiting
2023/03/29 15:13:24 [notice] 1632#1632: gracefully shutting down
2023/03/29 15:13:24 [notice] 1629#1629: gracefully shutting down
2023/03/29 15:13:24 [notice] 1632#1632: exiting
2023/03/29 15:13:24 [notice] 1629#1629: exiting
2023/03/29 15:13:24 [notice] 1633#1633: exiting
2023/03/29 15:13:24 [notice] 1634#1634: gracefully shutting down
2023/03/29 15:13:24 [notice] 1634#1634: exiting
2023/03/29 15:13:24 [notice] 1630#1630: gracefully shutting down
2023/03/29 15:13:24 [notice] 1630#1630: exiting
2023/03/29 15:13:24 [notice] 1634#1634: exit
2023/03/29 15:13:24 [notice] 1633#1633: exit
2023/03/29 15:13:24 [notice] 1632#1632: exit
2023/03/29 15:13:24 [notice] 1629#1629: exit
2023/03/29 15:13:24 [notice] 1631#1631: exit
2023/03/29 15:13:24 [notice] 1630#1630: exit
2023/03/29 15:13:24 [notice] 1592#1592: signal 17 (SIGCHLD) received from 1633
2023/03/29 15:13:24 [notice] 1592#1592: worker process 1631 exited with code 0
2023/03/29 15:13:24 [notice] 1592#1592: worker process 1632 exited with code 0
2023/03/29 15:13:24 [notice] 1592#1592: worker process 1633 exited with code 0
2023/03/29 15:13:24 [notice] 1592#1592: worker process 1634 exited with code 0
2023/03/29 15:13:24 [notice] 1592#1592: signal 29 (SIGIO) received
2023/03/29 15:13:24 [notice] 1635#1635: exit
2023/03/29 15:13:24 [notice] 1592#1592: signal 17 (SIGCHLD) received from 1630
2023/03/29 15:13:24 [notice] 1592#1592: worker process 1630 exited with code 0
2023/03/29 15:13:24 [notice] 1592#1592: signal 29 (SIGIO) received
2023/03/29 15:13:24 [notice] 1592#1592: signal 17 (SIGCHLD) received from 1629
2023/03/29 15:13:24 [notice] 1592#1592: worker process 1629 exited with code 0
2023/03/29 15:13:24 [notice] 1592#1592: signal 29 (SIGIO) received
2023/03/29 15:13:24 [notice] 1628#1628: exit
2023/03/29 15:13:24 [notice] 1592#1592: signal 17 (SIGCHLD) received from 1635
2023/03/29 15:13:24 [notice] 1592#1592: worker process 1635 exited with code 0
2023/03/29 15:13:24 [notice] 1592#1592: signal 29 (SIGIO) received
2023/03/29 15:13:24 [notice] 1592#1592: signal 17 (SIGCHLD) received from 1628
2023/03/29 15:13:24 [notice] 1592#1592: worker process 1628 exited with code 0
2023/03/29 15:13:24 [notice] 1592#1592: exit
+ http_conf=/opt/appsmith/templates/nginx-app-http.conf.template.sh
+ https_conf=/opt/appsmith/templates/nginx-app-https.conf.template.sh
+ ssl_conf_path=/appsmith-stacks/data/certificate/conf
+ APP_TEMPLATE=/opt/appsmith/templates/nginx-app-http.conf.template.sh
+ mkdir -pv /appsmith-stacks/data/certificate/conf
+ cat
+ cat
+ [[ -z 'self' * ]]
+ export 'APPSMITH_ALLOWED_FRAME_ANCESTORS='\''self'\'' *'
+ APPSMITH_ALLOWED_FRAME_ANCESTORS=''\''self'\'' *'
+ [[ -z false ]]
+ [[ -n '' ]]
+ bash /opt/appsmith/templates/nginx-app-http.conf.template.sh ''
+ index_html_served=/opt/appsmith/editor/index.html
+ index_html_original=/opt/appsmith/index.html.original
+ [[ ! -f /opt/appsmith/index.html.original ]]
+ node -e '
const fs = require("fs")
const content = fs.readFileSync("/opt/appsmith/index.html.original", "utf8").replace(
  /\b__(APPSMITH_[A-Z0-9_]+)__\b/g,
  (placeholder, name) => (process.env[name] || "")
)
fs.writeFileSync("/opt/appsmith/editor/index.html", content)
'
+ exec nginx -g 'daemon off;error_log stderr info;'
2023/03/29 15:14:21 [notice] 1354#1354: using the "epoll" event method
2023/03/29 15:14:21 [notice] 1354#1354: nginx/1.18.0 (Ubuntu)
2023/03/29 15:14:21 [notice] 1354#1354: OS: Linux 5.15.49-linuxkit
2023/03/29 15:14:21 [notice] 1354#1354: getrlimit(RLIMIT_NOFILE): 1048576:1048576
2023/03/29 15:14:21 [notice] 1354#1354: start worker processes
2023/03/29 15:14:21 [notice] 1354#1354: start worker process 1380
2023/03/29 15:14:21 [notice] 1354#1354: start worker process 1381
2023/03/29 15:14:21 [notice] 1354#1354: start worker process 1382
2023/03/29 15:14:21 [notice] 1354#1354: start worker process 1383
2023/03/29 15:14:21 [notice] 1354#1354: start worker process 1384
2023/03/29 15:14:21 [notice] 1354#1354: start worker process 1385
2023/03/29 15:14:21 [notice] 1354#1354: start worker process 1386
2023/03/29 15:14:21 [notice] 1354#1354: start worker process 1387
2023/03/29 15:16:19 [notice] 1354#1354: signal 3 (SIGQUIT) received from 1, shutting down
2023/03/29 15:16:19 [notice] 1380#1380: gracefully shutting down
2023/03/29 15:16:19 [notice] 1380#1380: exiting
2023/03/29 15:16:19 [notice] 1381#1381: gracefully shutting down
2023/03/29 15:16:19 [notice] 1381#1381: exiting
2023/03/29 15:16:19 [notice] 1382#1382: gracefully shutting down
2023/03/29 15:16:19 [notice] 1382#1382: exiting
2023/03/29 15:16:19 [notice] 1383#1383: gracefully shutting down
2023/03/29 15:16:19 [notice] 1383#1383: exiting
2023/03/29 15:16:19 [notice] 1386#1386: gracefully shutting down
2023/03/29 15:16:19 [notice] 1386#1386: exiting
2023/03/29 15:16:19 [notice] 1384#1384: gracefully shutting down
2023/03/29 15:16:19 [notice] 1384#1384: exiting
2023/03/29 15:16:19 [notice] 1380#1380: exit
2023/03/29 15:16:19 [notice] 1382#1382: exit
2023/03/29 15:16:19 [notice] 1381#1381: exit
2023/03/29 15:16:19 [notice] 1384#1384: exit
2023/03/29 15:16:19 [notice] 1383#1383: exit
2023/03/29 15:16:19 [notice] 1386#1386: exit
2023/03/29 15:16:19 [notice] 1387#1387: gracefully shutting down
2023/03/29 15:16:19 [notice] 1387#1387: exiting
2023/03/29 15:16:19 [notice] 1385#1385: gracefully shutting down
2023/03/29 15:16:19 [notice] 1354#1354: signal 17 (SIGCHLD) received from 1384
2023/03/29 15:16:19 [notice] 1354#1354: worker process 1380 exited with code 0
2023/03/29 15:16:19 [notice] 1385#1385: exiting
2023/03/29 15:16:19 [notice] 1354#1354: worker process 1381 exited with code 0
2023/03/29 15:16:19 [notice] 1354#1354: worker process 1382 exited with code 0
2023/03/29 15:16:19 [notice] 1354#1354: worker process 1383 exited with code 0
2023/03/29 15:16:19 [notice] 1354#1354: worker process 1384 exited with code 0
2023/03/29 15:16:19 [notice] 1354#1354: worker process 1386 exited with code 0
2023/03/29 15:16:19 [notice] 1354#1354: signal 29 (SIGIO) received
2023/03/29 15:16:19 [notice] 1354#1354: signal 17 (SIGCHLD) received from 1383
2023/03/29 15:16:19 [notice] 1387#1387: exit
2023/03/29 15:16:19 [notice] 1385#1385: exit
2023/03/29 15:16:19 [notice] 1354#1354: signal 17 (SIGCHLD) received from 1387
2023/03/29 15:16:19 [notice] 1354#1354: worker process 1387 exited with code 0
2023/03/29 15:16:19 [notice] 1354#1354: signal 29 (SIGIO) received
2023/03/29 15:16:19 [notice] 1354#1354: signal 17 (SIGCHLD) received from 1385
2023/03/29 15:16:19 [notice] 1354#1354: worker process 1385 exited with code 0
2023/03/29 15:16:19 [notice] 1354#1354: exit
