+ http_conf=/opt/appsmith/templates/nginx-app-http.conf.template.sh
+ https_conf=/opt/appsmith/templates/nginx-app-https.conf.template.sh
+ ssl_conf_path=/appsmith-stacks/data/certificate/conf
+ APP_TEMPLATE=/opt/appsmith/templates/nginx-app-http.conf.template.sh
+ mkdir -pv /appsmith-stacks/data/certificate/conf
+ cat
+ cat
+ [[ -z 'self' * ]]
+ export 'APPSMITH_ALLOWED_FRAME_ANCESTORS='\''self'\'' *'
+ APPSMITH_ALLOWED_FRAME_ANCESTORS=''\''self'\'' *'
+ [[ -z false ]]
+ [[ -n '' ]]
+ bash /opt/appsmith/templates/nginx-app-http.conf.template.sh ''
+ index_html_served=/opt/appsmith/editor/index.html
+ index_html_original=/opt/appsmith/index.html.original
+ [[ ! -f /opt/appsmith/index.html.original ]]
+ node -e '
const fs = require("fs")
const content = fs.readFileSync("/opt/appsmith/index.html.original", "utf8").replace(
  /\b__(APPSMITH_[A-Z0-9_]+)__\b/g,
  (placeholder, name) => (process.env[name] || "")
)
fs.writeFileSync("/opt/appsmith/editor/index.html", content)
'
+ exec nginx -g 'daemon off;error_log stderr info;'
2023/04/15 22:50:48 [notice] 1626#1626: using the "epoll" event method
2023/04/15 22:50:48 [notice] 1626#1626: nginx/1.18.0 (Ubuntu)
2023/04/15 22:50:48 [notice] 1626#1626: OS: Linux 5.15.90.1-microsoft-standard-WSL2
2023/04/15 22:50:48 [notice] 1626#1626: getrlimit(RLIMIT_NOFILE): 1048576:1048576
2023/04/15 22:50:48 [notice] 1626#1626: start worker processes
2023/04/15 22:50:48 [notice] 1626#1626: start worker process 1666
2023/04/15 22:50:48 [notice] 1626#1626: start worker process 1668
2023/04/15 22:50:48 [notice] 1626#1626: start worker process 1669
2023/04/15 22:50:48 [notice] 1626#1626: start worker process 1670
2023/04/15 22:50:48 [notice] 1626#1626: start worker process 1671
2023/04/15 22:50:48 [notice] 1626#1626: start worker process 1672
2023/04/15 22:50:48 [notice] 1626#1626: start worker process 1673
2023/04/15 22:50:48 [notice] 1626#1626: start worker process 1674
2023/04/15 22:50:48 [notice] 1626#1626: start worker process 1675
2023/04/15 22:50:48 [notice] 1626#1626: start worker process 1676
2023/04/15 22:50:48 [notice] 1626#1626: start worker process 1677
2023/04/15 22:50:48 [notice] 1626#1626: start worker process 1678
