+ http_conf=/opt/appsmith/templates/nginx-app-http.conf.template.sh
+ https_conf=/opt/appsmith/templates/nginx-app-https.conf.template.sh
+ ssl_conf_path=/appsmith-stacks/data/certificate/conf
+ APP_TEMPLATE=/opt/appsmith/templates/nginx-app-http.conf.template.sh
+ mkdir -pv /appsmith-stacks/data/certificate/conf
+ cat
+ cat
+ [[ -z 'self' * ]]
+ export 'APPSMITH_ALLOWED_FRAME_ANCESTORS='\''self'\'' *'
+ APPSMITH_ALLOWED_FRAME_ANCESTORS=''\''self'\'' *'
+ [[ -z false ]]
+ [[ -n '' ]]
+ bash /opt/appsmith/templates/nginx-app-http.conf.template.sh ''
+ index_html_served=/opt/appsmith/editor/index.html
+ index_html_original=/opt/appsmith/index.html.original
+ [[ ! -f /opt/appsmith/index.html.original ]]
+ cp -v /opt/appsmith/editor/index.html /opt/appsmith/index.html.original
+ node -e '
const fs = require("fs")
const content = fs.readFileSync("/opt/appsmith/index.html.original", "utf8").replace(
  /\b__(APPSMITH_[A-Z0-9_]+)__\b/g,
  (placeholder, name) => (process.env[name] || "")
)
fs.writeFileSync("/opt/appsmith/editor/index.html", content)
'
+ exec nginx -g 'daemon off;error_log stderr info;'
2023/03/29 15:16:43 [notice] 1353#1353: using the "epoll" event method
2023/03/29 15:16:43 [notice] 1353#1353: nginx/1.18.0 (Ubuntu)
2023/03/29 15:16:43 [notice] 1353#1353: OS: Linux 5.15.49-linuxkit
2023/03/29 15:16:43 [notice] 1353#1353: getrlimit(RLIMIT_NOFILE): 1048576:1048576
2023/03/29 15:16:43 [notice] 1353#1353: start worker processes
2023/03/29 15:16:43 [notice] 1353#1353: start worker process 1384
2023/03/29 15:16:43 [notice] 1353#1353: start worker process 1385
2023/03/29 15:16:43 [notice] 1353#1353: start worker process 1386
2023/03/29 15:16:43 [notice] 1353#1353: start worker process 1387
2023/03/29 15:16:43 [notice] 1353#1353: start worker process 1388
2023/03/29 15:16:43 [notice] 1353#1353: start worker process 1389
2023/03/29 15:16:43 [notice] 1353#1353: start worker process 1390
2023/03/29 15:16:43 [notice] 1353#1353: start worker process 1391
2023/03/29 15:19:47 [notice] 1353#1353: signal 3 (SIGQUIT) received from 1, shutting down
2023/03/29 15:19:47 [notice] 1384#1384: gracefully shutting down
2023/03/29 15:19:47 [notice] 1388#1388: gracefully shutting down
2023/03/29 15:19:47 [notice] 1384#1384: exiting
2023/03/29 15:19:47 [notice] 1386#1386: gracefully shutting down
2023/03/29 15:19:47 [notice] 1388#1388: exiting
2023/03/29 15:19:47 [notice] 1386#1386: exiting
2023/03/29 15:19:47 [notice] 1389#1389: gracefully shutting down
2023/03/29 15:19:47 [notice] 1390#1390: gracefully shutting down
2023/03/29 15:19:47 [notice] 1389#1389: exiting
2023/03/29 15:19:47 [notice] 1390#1390: exiting
2023/03/29 15:19:47 [notice] 1391#1391: gracefully shutting down
2023/03/29 15:19:47 [notice] 1391#1391: exiting
2023/03/29 15:19:47 [notice] 1384#1384: exit
2023/03/29 15:19:47 [notice] 1386#1386: exit
2023/03/29 15:19:47 [notice] 1388#1388: exit
2023/03/29 15:19:47 [notice] 1390#1390: exit
2023/03/29 15:19:47 [notice] 1389#1389: exit
2023/03/29 15:19:47 [notice] 1385#1385: gracefully shutting down
2023/03/29 15:19:47 [notice] 1385#1385: exiting
2023/03/29 15:19:47 [notice] 1391#1391: exit
2023/03/29 15:19:47 [notice] 1387#1387: gracefully shutting down
2023/03/29 15:19:47 [notice] 1353#1353: signal 17 (SIGCHLD) received from 1390
2023/03/29 15:19:47 [notice] 1353#1353: worker process 1384 exited with code 0
2023/03/29 15:19:47 [notice] 1353#1353: worker process 1386 exited with code 0
2023/03/29 15:19:47 [notice] 1353#1353: worker process 1388 exited with code 0
2023/03/29 15:19:47 [notice] 1353#1353: worker process 1389 exited with code 0
2023/03/29 15:19:47 [notice] 1353#1353: worker process 1390 exited with code 0
2023/03/29 15:19:47 [notice] 1387#1387: exiting
2023/03/29 15:19:47 [notice] 1353#1353: signal 29 (SIGIO) received
2023/03/29 15:19:47 [notice] 1353#1353: signal 17 (SIGCHLD) received from 1391
2023/03/29 15:19:47 [notice] 1353#1353: worker process 1391 exited with code 0
2023/03/29 15:19:47 [notice] 1353#1353: signal 29 (SIGIO) received
2023/03/29 15:19:47 [notice] 1385#1385: exit
2023/03/29 15:19:47 [notice] 1387#1387: exit
2023/03/29 15:19:47 [notice] 1353#1353: signal 17 (SIGCHLD) received from 1385
2023/03/29 15:19:47 [notice] 1353#1353: worker process 1385 exited with code 0
2023/03/29 15:19:47 [notice] 1353#1353: signal 29 (SIGIO) received
2023/03/29 15:19:47 [notice] 1353#1353: signal 17 (SIGCHLD) received from 1387
2023/03/29 15:19:47 [notice] 1353#1353: worker process 1387 exited with code 0
2023/03/29 15:19:47 [notice] 1353#1353: exit
