{"t":{"$date":"2023-04-15T16:45:38.531+00:00"},"s":"I",  "c":"NETWORK",  "id":4915701, "ctx":"-","msg":"Initialized wire specification","attr":{"spec":{"incomingExternalClient":{"minWireVersion":0,"maxWireVersion":13},"incomingInternalClient":{"minWireVersion":0,"maxWireVersion":13},"outgoing":{"minWireVersion":0,"maxWireVersion":13},"isInternalClient":true}}}
{"t":{"$date":"2023-04-15T16:45:38.540+00:00"},"s":"I",  "c":"CONTROL",  "id":23285,   "ctx":"-","msg":"Automatically disabling TLS 1.0, to force-enable TLS 1.0 specify --sslDisabledProtocols 'none'"}
{"t":{"$date":"2023-04-15T16:45:38.547+00:00"},"s":"W",  "c":"ASIO",     "id":22601,   "ctx":"main","msg":"No TransportLayer configured during NetworkInterface startup"}
{"t":{"$date":"2023-04-15T16:45:38.552+00:00"},"s":"I",  "c":"NETWORK",  "id":4648601, "ctx":"main","msg":"Implicit TCP FastOpen unavailable. If TCP FastOpen is required, set tcpFastOpenServer, tcpFastOpenClient, and tcpFastOpenQueueSize."}
{"t":{"$date":"2023-04-15T16:45:38.638+00:00"},"s":"W",  "c":"ASIO",     "id":22601,   "ctx":"main","msg":"No TransportLayer configured during NetworkInterface startup"}
{"t":{"$date":"2023-04-15T16:45:38.639+00:00"},"s":"W",  "c":"ASIO",     "id":22601,   "ctx":"main","msg":"No TransportLayer configured during NetworkInterface startup"}
{"t":{"$date":"2023-04-15T16:45:38.641+00:00"},"s":"I",  "c":"REPL",     "id":5123008, "ctx":"main","msg":"Successfully registered PrimaryOnlyService","attr":{"service":"TenantMigrationDonorService","ns":"config.tenantMigrationDonors"}}
{"t":{"$date":"2023-04-15T16:45:38.642+00:00"},"s":"I",  "c":"REPL",     "id":5123008, "ctx":"main","msg":"Successfully registered PrimaryOnlyService","attr":{"service":"TenantMigrationRecipientService","ns":"config.tenantMigrationRecipients"}}
{"t":{"$date":"2023-04-15T16:45:38.644+00:00"},"s":"I",  "c":"CONTROL",  "id":5945603, "ctx":"main","msg":"Multi threading initialized"}
{"t":{"$date":"2023-04-15T16:45:38.645+00:00"},"s":"I",  "c":"CONTROL",  "id":4615611, "ctx":"initandlisten","msg":"MongoDB starting","attr":{"pid":1347,"port":27017,"dbPath":".","architecture":"64-bit","host":"fb991e142691"}}
{"t":{"$date":"2023-04-15T16:45:38.646+00:00"},"s":"I",  "c":"CONTROL",  "id":23403,   "ctx":"initandlisten","msg":"Build Info","attr":{"buildInfo":{"version":"5.0.15","gitVersion":"935639beed3d0c19c2551c93854b831107c0b118","openSSLVersion":"OpenSSL 1.1.1f  31 Mar 2020","modules":[],"allocator":"tcmalloc","environment":{"distmod":"ubuntu2004","distarch":"x86_64","target_arch":"x86_64"}}}}
{"t":{"$date":"2023-04-15T16:45:38.647+00:00"},"s":"I",  "c":"CONTROL",  "id":51765,   "ctx":"initandlisten","msg":"Operating System","attr":{"os":{"name":"Ubuntu","version":"20.04"}}}
{"t":{"$date":"2023-04-15T16:45:38.649+00:00"},"s":"I",  "c":"CONTROL",  "id":21951,   "ctx":"initandlisten","msg":"Options set by command line","attr":{"options":{"net":{"bindIp":"localhost","port":27017},"replication":{"replSet":"mr1"},"security":{"keyFile":"/mongodb-key"},"storage":{"dbPath":"."},"systemLog":{"destination":"file","path":"/appsmith-stacks/logs/mongodb/db.log"}}}}
{"t":{"$date":"2023-04-15T16:45:38.658+00:00"},"s":"W",  "c":"STORAGE",  "id":22271,   "ctx":"initandlisten","msg":"Detected unclean shutdown - Lock file is not empty","attr":{"lockFile":"./mongod.lock"}}
{"t":{"$date":"2023-04-15T16:45:38.666+00:00"},"s":"I",  "c":"STORAGE",  "id":22270,   "ctx":"initandlisten","msg":"Storage engine to use detected by data files","attr":{"dbpath":".","storageEngine":"wiredTiger"}}
{"t":{"$date":"2023-04-15T16:45:38.670+00:00"},"s":"W",  "c":"STORAGE",  "id":22302,   "ctx":"initandlisten","msg":"Recovering data from the last clean checkpoint."}
{"t":{"$date":"2023-04-15T16:45:38.676+00:00"},"s":"I",  "c":"STORAGE",  "id":22315,   "ctx":"initandlisten","msg":"Opening WiredTiger","attr":{"config":"create,cache_size=3417M,session_max=33000,eviction=(threads_min=4,threads_max=4),config_base=false,statistics=(fast),log=(enabled=true,archive=true,path=journal,compressor=snappy),builtin_extension_config=(zstd=(compression_level=6)),file_manager=(close_idle_time=600,close_scan_interval=10,close_handle_minimum=250),statistics_log=(wait=0),verbose=[recovery_progress,checkpoint_progress,compact_progress],"}}
{"t":{"$date":"2023-04-15T16:45:39.479+00:00"},"s":"I",  "c":"STORAGE",  "id":22430,   "ctx":"initandlisten","msg":"WiredTiger message","attr":{"message":"[1681577139:479253][1347:0x7f8380664c80], txn-recover: [WT_VERB_RECOVERY_PROGRESS] Recovering log 10 through 11"}}
{"t":{"$date":"2023-04-15T16:45:41.916+00:00"},"s":"I",  "c":"STORAGE",  "id":22430,   "ctx":"initandlisten","msg":"WiredTiger message","attr":{"message":"[1681577141:916766][1347:0x7f8380664c80], txn-recover: [WT_VERB_RECOVERY_PROGRESS] Recovering log 11 through 11"}}
{"t":{"$date":"2023-04-15T16:45:43.634+00:00"},"s":"I",  "c":"STORAGE",  "id":22430,   "ctx":"initandlisten","msg":"WiredTiger message","attr":{"message":"[1681577143:634543][1347:0x7f8380664c80], txn-recover: [WT_VERB_RECOVERY_ALL] Main recovery loop: starting at 10/129664 to 11/256"}}
{"t":{"$date":"2023-04-15T16:45:43.641+00:00"},"s":"I",  "c":"STORAGE",  "id":22430,   "ctx":"initandlisten","msg":"WiredTiger message","attr":{"message":"[1681577143:641723][1347:0x7f8380664c80], txn-recover: [WT_VERB_RECOVERY_PROGRESS] Recovering log 10 through 11"}}
{"t":{"$date":"2023-04-15T16:45:43.733+00:00"},"s":"I",  "c":"STORAGE",  "id":22430,   "ctx":"initandlisten","msg":"WiredTiger message","attr":{"message":"[1681577143:733316][1347:0x7f8380664c80], txn-recover: [WT_VERB_RECOVERY_PROGRESS] Recovering log 11 through 11"}}
{"t":{"$date":"2023-04-15T16:45:43.775+00:00"},"s":"I",  "c":"STORAGE",  "id":22430,   "ctx":"initandlisten","msg":"WiredTiger message","attr":{"message":"[1681577143:775407][1347:0x7f8380664c80], txn-recover: [WT_VERB_RECOVERY_ALL] Set global recovery timestamp: (1681397791, 1)"}}
{"t":{"$date":"2023-04-15T16:45:43.777+00:00"},"s":"I",  "c":"STORAGE",  "id":22430,   "ctx":"initandlisten","msg":"WiredTiger message","attr":{"message":"[1681577143:777158][1347:0x7f8380664c80], txn-recover: [WT_VERB_RECOVERY_ALL] Set global oldest timestamp: (1681397491, 1)"}}
{"t":{"$date":"2023-04-15T16:45:43.798+00:00"},"s":"I",  "c":"STORAGE",  "id":22430,   "ctx":"initandlisten","msg":"WiredTiger message","attr":{"message":"[1681577143:798504][1347:0x7f8380664c80], WT_SESSION.checkpoint: [WT_VERB_CHECKPOINT_PROGRESS] saving checkpoint snapshot min: 13, snapshot max: 13 snapshot count: 0, oldest timestamp: (1681397491, 1) , meta checkpoint timestamp: (1681397791, 1) base write gen: 850"}}
{"t":{"$date":"2023-04-15T16:45:43.822+00:00"},"s":"I",  "c":"STORAGE",  "id":4795906, "ctx":"initandlisten","msg":"WiredTiger opened","attr":{"durationMillis":5144}}
{"t":{"$date":"2023-04-15T16:45:43.823+00:00"},"s":"I",  "c":"RECOVERY", "id":23987,   "ctx":"initandlisten","msg":"WiredTiger recoveryTimestamp","attr":{"recoveryTimestamp":{"$timestamp":{"t":1681397791,"i":1}}}}
{"t":{"$date":"2023-04-15T16:45:43.824+00:00"},"s":"I",  "c":"RECOVERY", "id":5380106, "ctx":"initandlisten","msg":"WiredTiger oldestTimestamp","attr":{"oldestTimestamp":{"$timestamp":{"t":1681397491,"i":1}}}}
{"t":{"$date":"2023-04-15T16:45:43.851+00:00"},"s":"I",  "c":"STORAGE",  "id":22383,   "ctx":"initandlisten","msg":"The size storer reports that the oplog contains","attr":{"numRecords":1359,"dataSize":1917161}}
{"t":{"$date":"2023-04-15T16:45:43.852+00:00"},"s":"I",  "c":"STORAGE",  "id":22384,   "ctx":"initandlisten","msg":"Scanning the oplog to determine where to place markers for truncation"}
{"t":{"$date":"2023-04-15T16:45:43.882+00:00"},"s":"I",  "c":"STORAGE",  "id":22382,   "ctx":"initandlisten","msg":"WiredTiger record store oplog processing finished","attr":{"durationMillis":31}}
{"t":{"$date":"2023-04-15T16:45:43.897+00:00"},"s":"I",  "c":"STORAGE",  "id":22262,   "ctx":"initandlisten","msg":"Timestamp monitor starting"}
{"t":{"$date":"2023-04-15T16:45:43.903+00:00"},"s":"W",  "c":"CONTROL",  "id":22138,   "ctx":"initandlisten","msg":"You are running this process as the root user, which is not recommended","tags":["startupWarnings"]}
{"t":{"$date":"2023-04-15T16:45:43.930+00:00"},"s":"I",  "c":"NETWORK",  "id":4915702, "ctx":"initandlisten","msg":"Updated wire specification","attr":{"oldSpec":{"incomingExternalClient":{"minWireVersion":0,"maxWireVersion":13},"incomingInternalClient":{"minWireVersion":0,"maxWireVersion":13},"outgoing":{"minWireVersion":0,"maxWireVersion":13},"isInternalClient":true},"newSpec":{"incomingExternalClient":{"minWireVersion":0,"maxWireVersion":13},"incomingInternalClient":{"minWireVersion":13,"maxWireVersion":13},"outgoing":{"minWireVersion":13,"maxWireVersion":13},"isInternalClient":true}}}
{"t":{"$date":"2023-04-15T16:45:43.934+00:00"},"s":"I",  "c":"STORAGE",  "id":5071100, "ctx":"initandlisten","msg":"Clearing temp directory"}
{"t":{"$date":"2023-04-15T16:45:44.006+00:00"},"s":"I",  "c":"CONTROL",  "id":20536,   "ctx":"initandlisten","msg":"Flow Control is enabled on this deployment"}
{"t":{"$date":"2023-04-15T16:45:44.007+00:00"},"s":"I",  "c":"STORAGE",  "id":5380103, "ctx":"initandlisten","msg":"Unpin oldest timestamp request","attr":{"service":"_wt_startup","requestedTs":{"$timestamp":{"t":1681397491,"i":1}}}}
{"t":{"$date":"2023-04-15T16:45:44.016+00:00"},"s":"I",  "c":"SHARDING", "id":20997,   "ctx":"initandlisten","msg":"Refreshed RWC defaults","attr":{"newDefaults":{}}}
{"t":{"$date":"2023-04-15T16:45:44.018+00:00"},"s":"I",  "c":"FTDC",     "id":20625,   "ctx":"initandlisten","msg":"Initializing full-time diagnostic data capture","attr":{"dataDirectory":"./diagnostic.data"}}
{"t":{"$date":"2023-04-15T16:45:44.045+00:00"},"s":"I",  "c":"REPL",     "id":6015317, "ctx":"initandlisten","msg":"Setting new configuration state","attr":{"newState":"ConfigStartingUp","oldState":"ConfigPreStart"}}
{"t":{"$date":"2023-04-15T16:45:44.049+00:00"},"s":"I",  "c":"REPL",     "id":4280500, "ctx":"initandlisten","msg":"Attempting to create internal replication collections"}
{"t":{"$date":"2023-04-15T16:45:44.057+00:00"},"s":"I",  "c":"-",        "id":4939300, "ctx":"monitoring-keys-for-HMAC","msg":"Failed to refresh key cache","attr":{"error":"ReadConcernMajorityNotAvailableYet: Read concern majority reads are currently not possible.","nextWakeupMillis":200}}
{"t":{"$date":"2023-04-15T16:45:44.072+00:00"},"s":"I",  "c":"REPL",     "id":4280501, "ctx":"initandlisten","msg":"Attempting to load local voted for document"}
{"t":{"$date":"2023-04-15T16:45:44.072+00:00"},"s":"I",  "c":"REPL",     "id":4280502, "ctx":"initandlisten","msg":"Searching for local Rollback ID document"}
{"t":{"$date":"2023-04-15T16:45:44.083+00:00"},"s":"I",  "c":"REPL",     "id":21529,   "ctx":"initandlisten","msg":"Initializing rollback ID","attr":{"rbid":4}}
{"t":{"$date":"2023-04-15T16:45:44.084+00:00"},"s":"I",  "c":"REPL",     "id":501401,  "ctx":"initandlisten","msg":"Incrementing the rollback ID after unclean shutdown"}
{"t":{"$date":"2023-04-15T16:45:44.086+00:00"},"s":"I",  "c":"REPL",     "id":21532,   "ctx":"initandlisten","msg":"Incremented the rollback ID","attr":{"rbid":5}}
{"t":{"$date":"2023-04-15T16:45:44.086+00:00"},"s":"I",  "c":"REPL",     "id":4280504, "ctx":"initandlisten","msg":"Cleaning up any partially applied oplog batches & reading last op from oplog"}
{"t":{"$date":"2023-04-15T16:45:44.093+00:00"},"s":"I",  "c":"REPL",     "id":21556,   "ctx":"initandlisten","msg":"The oplog truncation point is equal to or earlier than the stable timestamp, so truncating after the stable timestamp instead","attr":{"truncatePoint":{"$timestamp":{"t":1681397791,"i":1}},"stableTimestamp":{"$timestamp":{"t":1681397791,"i":1}}}}
{"t":{"$date":"2023-04-15T16:45:44.094+00:00"},"s":"I",  "c":"REPL",     "id":21557,   "ctx":"initandlisten","msg":"Removing unapplied oplog entries after oplogTruncateAfterPoint","attr":{"oplogTruncateAfterPoint":{"":{"$timestamp":{"t":1681397791,"i":1}}}}}
{"t":{"$date":"2023-04-15T16:45:44.095+00:00"},"s":"I",  "c":"REPL",     "id":21553,   "ctx":"initandlisten","msg":"Truncating oplog from truncateAfterOplogEntryTimestamp (non-inclusive)","attr":{"truncateAfterOplogEntryTimestamp":{"$timestamp":{"t":1681397791,"i":1}},"oplogTruncateAfterPoint":{"$timestamp":{"t":1681397791,"i":1}}}}
{"t":{"$date":"2023-04-15T16:45:44.096+00:00"},"s":"I",  "c":"REPL",     "id":21554,   "ctx":"initandlisten","msg":"Replication recovery oplog truncation finished","attr":{"durationMillis":1}}
{"t":{"$date":"2023-04-15T16:45:44.098+00:00"},"s":"I",  "c":"REPL",     "id":21544,   "ctx":"initandlisten","msg":"Recovering from stable timestamp","attr":{"stableTimestamp":{"$timestamp":{"t":1681397791,"i":1}},"topOfOplog":{"ts":{"$timestamp":{"t":1681397791,"i":1}},"t":9},"appliedThrough":{"ts":{"$timestamp":{"t":0,"i":0}},"t":-1}}}
{"t":{"$date":"2023-04-15T16:45:44.099+00:00"},"s":"I",  "c":"REPL",     "id":21545,   "ctx":"initandlisten","msg":"Starting recovery oplog application at the stable timestamp","attr":{"stableTimestamp":{"$timestamp":{"t":1681397791,"i":1}}}}
{"t":{"$date":"2023-04-15T16:45:44.099+00:00"},"s":"I",  "c":"REPL",     "id":5466604, "ctx":"initandlisten","msg":"Start point for recovery oplog application exists in oplog. No adjustment necessary","attr":{"startPoint":{"$timestamp":{"t":1681397791,"i":1}}}}
{"t":{"$date":"2023-04-15T16:45:44.100+00:00"},"s":"I",  "c":"REPL",     "id":21549,   "ctx":"initandlisten","msg":"No oplog entries to apply for recovery. Start point is at the top of the oplog"}
{"t":{"$date":"2023-04-15T16:45:44.101+00:00"},"s":"I",  "c":"REPL",     "id":4280505, "ctx":"initandlisten","msg":"Creating any necessary TenantMigrationAccessBlockers for unfinished migrations"}
{"t":{"$date":"2023-04-15T16:45:44.112+00:00"},"s":"I",  "c":"REPL",     "id":4280506, "ctx":"initandlisten","msg":"Reconstructing prepared transactions"}
{"t":{"$date":"2023-04-15T16:45:44.119+00:00"},"s":"I",  "c":"REPL",     "id":4280507, "ctx":"initandlisten","msg":"Loaded replica set config, scheduled callback to set local config"}
{"t":{"$date":"2023-04-15T16:45:44.119+00:00"},"s":"I",  "c":"REPL",     "id":4280508, "ctx":"ReplCoord-0","msg":"Attempting to set local replica set config; validating config for startup"}
{"t":{"$date":"2023-04-15T16:45:44.121+00:00"},"s":"I",  "c":"REPL",     "id":40440,   "ctx":"initandlisten","msg":"Starting the TopologyVersionObserver"}
{"t":{"$date":"2023-04-15T16:45:44.122+00:00"},"s":"I",  "c":"REPL",     "id":40445,   "ctx":"TopologyVersionObserver","msg":"Started TopologyVersionObserver"}
{"t":{"$date":"2023-04-15T16:45:44.123+00:00"},"s":"I",  "c":"CONTROL",  "id":20714,   "ctx":"LogicalSessionCacheRefresh","msg":"Failed to refresh session cache, will try again at the next refresh interval","attr":{"error":"NotYetInitialized: Replication has not yet been configured"}}
{"t":{"$date":"2023-04-15T16:45:44.125+00:00"},"s":"I",  "c":"CONTROL",  "id":20711,   "ctx":"LogicalSessionCacheReap","msg":"Failed to reap transaction table","attr":{"error":"NotYetInitialized: Replication has not yet been configured"}}
{"t":{"$date":"2023-04-15T16:45:44.134+00:00"},"s":"I",  "c":"NETWORK",  "id":23015,   "ctx":"listener","msg":"Listening on","attr":{"address":"/tmp/mongodb-27017.sock"}}
{"t":{"$date":"2023-04-15T16:45:44.135+00:00"},"s":"I",  "c":"NETWORK",  "id":23015,   "ctx":"listener","msg":"Listening on","attr":{"address":"127.0.0.1"}}
{"t":{"$date":"2023-04-15T16:45:44.137+00:00"},"s":"I",  "c":"NETWORK",  "id":23016,   "ctx":"listener","msg":"Waiting for connections","attr":{"port":27017,"ssl":"off"}}
{"t":{"$date":"2023-04-15T16:45:44.139+00:00"},"s":"I",  "c":"NETWORK",  "id":22943,   "ctx":"listener","msg":"Connection accepted","attr":{"remote":"127.0.0.1:60906","uuid":"76bae311-04d8-4ba7-b20d-e91cc8173094","connectionId":2,"connectionCount":1}}
{"t":{"$date":"2023-04-15T16:45:44.148+00:00"},"s":"W",  "c":"COMMAND",  "id":5578800, "ctx":"conn2","msg":"Deprecated operation requested. The client driver may require an upgrade in order to ensure compatibility with future server versions. For more details see https://dochub.mongodb.org/core/legacy-opcode-compatibility","attr":{"op":"query","clientInfo":{"address":"127.0.0.1:60906"}}}
{"t":{"$date":"2023-04-15T16:45:44.205+00:00"},"s":"I",  "c":"ACCESS",   "id":20250,   "ctx":"conn2","msg":"Authentication succeeded","attr":{"mechanism":"SCRAM-SHA-256","speculative":false,"principalName":"__system","authenticationDatabase":"local","remote":"127.0.0.1:60906","extraInfo":{}}}
{"t":{"$date":"2023-04-15T16:45:44.208+00:00"},"s":"I",  "c":"REPL",     "id":4280509, "ctx":"ReplCoord-0","msg":"Local configuration validated for startup"}
{"t":{"$date":"2023-04-15T16:45:44.209+00:00"},"s":"I",  "c":"NETWORK",  "id":22944,   "ctx":"conn2","msg":"Connection ended","attr":{"remote":"127.0.0.1:60906","uuid":"76bae311-04d8-4ba7-b20d-e91cc8173094","connectionId":2,"connectionCount":0}}
{"t":{"$date":"2023-04-15T16:45:44.209+00:00"},"s":"I",  "c":"REPL",     "id":6015317, "ctx":"ReplCoord-0","msg":"Setting new configuration state","attr":{"newState":"ConfigSteady","oldState":"ConfigStartingUp"}}
{"t":{"$date":"2023-04-15T16:45:44.211+00:00"},"s":"I",  "c":"REPL",     "id":21392,   "ctx":"ReplCoord-0","msg":"New replica set config in use","attr":{"config":{"_id":"mr1","version":1,"term":9,"members":[{"_id":0,"host":"localhost:27017","arbiterOnly":false,"buildIndexes":true,"hidden":false,"priority":1,"tags":{},"secondaryDelaySecs":0,"votes":1}],"protocolVersion":1,"writeConcernMajorityJournalDefault":true,"settings":{"chainingAllowed":true,"heartbeatIntervalMillis":2000,"heartbeatTimeoutSecs":10,"electionTimeoutMillis":10000,"catchUpTimeoutMillis":-1,"catchUpTakeoverDelayMillis":30000,"getLastErrorModes":{},"getLastErrorDefaults":{"w":1,"wtimeout":0},"replicaSetId":{"$oid":"642450f7b4dec7d82efcbd51"}}}}}
{"t":{"$date":"2023-04-15T16:45:44.211+00:00"},"s":"I",  "c":"REPL",     "id":21393,   "ctx":"ReplCoord-0","msg":"Found self in config","attr":{"hostAndPort":"localhost:27017"}}
{"t":{"$date":"2023-04-15T16:45:44.212+00:00"},"s":"I",  "c":"REPL",     "id":21358,   "ctx":"ReplCoord-0","msg":"Replica set state transition","attr":{"newState":"STARTUP2","oldState":"STARTUP"}}
{"t":{"$date":"2023-04-15T16:45:44.213+00:00"},"s":"I",  "c":"REPL",     "id":21320,   "ctx":"ReplCoord-0","msg":"Updated term","attr":{"term":9}}
{"t":{"$date":"2023-04-15T16:45:44.214+00:00"},"s":"I",  "c":"REPL",     "id":21306,   "ctx":"ReplCoord-0","msg":"Starting replication storage threads"}
{"t":{"$date":"2023-04-15T16:45:44.216+00:00"},"s":"I",  "c":"REPL",     "id":4280512, "ctx":"ReplCoord-0","msg":"No initial sync required. Attempting to begin steady replication"}
{"t":{"$date":"2023-04-15T16:45:44.216+00:00"},"s":"I",  "c":"REPL",     "id":21358,   "ctx":"ReplCoord-0","msg":"Replica set state transition","attr":{"newState":"RECOVERING","oldState":"STARTUP2"}}
{"t":{"$date":"2023-04-15T16:45:44.222+00:00"},"s":"I",  "c":"REPL",     "id":21299,   "ctx":"ReplCoord-0","msg":"Starting replication fetcher thread"}
{"t":{"$date":"2023-04-15T16:45:44.223+00:00"},"s":"I",  "c":"REPL",     "id":21300,   "ctx":"ReplCoord-0","msg":"Starting replication applier thread"}
{"t":{"$date":"2023-04-15T16:45:44.224+00:00"},"s":"I",  "c":"REPL",     "id":21301,   "ctx":"ReplCoord-0","msg":"Starting replication reporter thread"}
{"t":{"$date":"2023-04-15T16:45:44.224+00:00"},"s":"I",  "c":"REPL",     "id":21224,   "ctx":"OplogApplier-0","msg":"Starting oplog application"}
{"t":{"$date":"2023-04-15T16:45:44.224+00:00"},"s":"I",  "c":"REPL",     "id":4280511, "ctx":"ReplCoord-0","msg":"Set local replica set config"}
{"t":{"$date":"2023-04-15T16:45:44.225+00:00"},"s":"I",  "c":"REPL",     "id":21358,   "ctx":"OplogApplier-0","msg":"Replica set state transition","attr":{"newState":"SECONDARY","oldState":"RECOVERING"}}
{"t":{"$date":"2023-04-15T16:45:44.226+00:00"},"s":"I",  "c":"ELECTION", "id":4615652, "ctx":"OplogApplier-0","msg":"Starting an election, since we've seen no PRIMARY in election timeout period","attr":{"electionTimeoutPeriodMillis":10000}}
{"t":{"$date":"2023-04-15T16:45:44.227+00:00"},"s":"I",  "c":"ELECTION", "id":21438,   "ctx":"OplogApplier-0","msg":"Conducting a dry run election to see if we could be elected","attr":{"currentTerm":9}}
{"t":{"$date":"2023-04-15T16:45:44.228+00:00"},"s":"I",  "c":"ELECTION", "id":21444,   "ctx":"ReplCoord-0","msg":"Dry election run succeeded, running for election","attr":{"newTerm":10}}
{"t":{"$date":"2023-04-15T16:45:44.230+00:00"},"s":"I",  "c":"ELECTION", "id":6015300, "ctx":"ReplCoord-0","msg":"Storing last vote document in local storage for my election","attr":{"lastVote":{"term":10,"candidateIndex":0}}}
{"t":{"$date":"2023-04-15T16:45:44.232+00:00"},"s":"I",  "c":"ELECTION", "id":21450,   "ctx":"ReplCoord-0","msg":"Election succeeded, assuming primary role","attr":{"term":10}}
{"t":{"$date":"2023-04-15T16:45:44.233+00:00"},"s":"I",  "c":"REPL",     "id":21358,   "ctx":"ReplCoord-0","msg":"Replica set state transition","attr":{"newState":"PRIMARY","oldState":"SECONDARY"}}
{"t":{"$date":"2023-04-15T16:45:44.234+00:00"},"s":"I",  "c":"REPL",     "id":21106,   "ctx":"ReplCoord-0","msg":"Resetting sync source to empty","attr":{"previousSyncSource":":27017"}}
{"t":{"$date":"2023-04-15T16:45:44.235+00:00"},"s":"I",  "c":"REPL",     "id":21359,   "ctx":"ReplCoord-0","msg":"Entering primary catch-up mode"}
{"t":{"$date":"2023-04-15T16:45:44.236+00:00"},"s":"I",  "c":"REPL",     "id":6015304, "ctx":"ReplCoord-0","msg":"Skipping primary catchup since we are the only node in the replica set."}
{"t":{"$date":"2023-04-15T16:45:44.237+00:00"},"s":"I",  "c":"REPL",     "id":21363,   "ctx":"ReplCoord-0","msg":"Exited primary catch-up mode"}
{"t":{"$date":"2023-04-15T16:45:44.238+00:00"},"s":"I",  "c":"REPL",     "id":21107,   "ctx":"ReplCoord-0","msg":"Stopping replication producer"}
{"t":{"$date":"2023-04-15T16:45:44.239+00:00"},"s":"I",  "c":"REPL",     "id":21239,   "ctx":"ReplBatcher","msg":"Oplog buffer has been drained","attr":{"term":10}}
{"t":{"$date":"2023-04-15T16:45:44.240+00:00"},"s":"I",  "c":"REPL",     "id":21343,   "ctx":"RstlKillOpThread","msg":"Starting to kill user operations"}
{"t":{"$date":"2023-04-15T16:45:44.242+00:00"},"s":"I",  "c":"REPL",     "id":21344,   "ctx":"RstlKillOpThread","msg":"Stopped killing user operations"}
{"t":{"$date":"2023-04-15T16:45:44.243+00:00"},"s":"I",  "c":"REPL",     "id":21340,   "ctx":"RstlKillOpThread","msg":"State transition ops metrics","attr":{"metrics":{"lastStateTransition":"stepUp","userOpsKilled":0,"userOpsRunning":0}}}
{"t":{"$date":"2023-04-15T16:45:44.244+00:00"},"s":"I",  "c":"REPL",     "id":4508103, "ctx":"OplogApplier-0","msg":"Increment the config term via reconfig"}
{"t":{"$date":"2023-04-15T16:45:44.245+00:00"},"s":"I",  "c":"REPL",     "id":6015313, "ctx":"OplogApplier-0","msg":"Replication config state is Steady, starting reconfig"}
{"t":{"$date":"2023-04-15T16:45:44.246+00:00"},"s":"I",  "c":"REPL",     "id":6015317, "ctx":"OplogApplier-0","msg":"Setting new configuration state","attr":{"newState":"ConfigReconfiguring","oldState":"ConfigSteady"}}
{"t":{"$date":"2023-04-15T16:45:44.248+00:00"},"s":"I",  "c":"REPL",     "id":21353,   "ctx":"OplogApplier-0","msg":"replSetReconfig config object parses ok","attr":{"numMembers":1}}
{"t":{"$date":"2023-04-15T16:45:44.249+00:00"},"s":"I",  "c":"REPL",     "id":51814,   "ctx":"OplogApplier-0","msg":"Persisting new config to disk"}
{"t":{"$date":"2023-04-15T16:45:44.251+00:00"},"s":"I",  "c":"REPL",     "id":6015315, "ctx":"OplogApplier-0","msg":"Persisted new config to disk"}
{"t":{"$date":"2023-04-15T16:45:44.252+00:00"},"s":"I",  "c":"REPL",     "id":6015317, "ctx":"OplogApplier-0","msg":"Setting new configuration state","attr":{"newState":"ConfigSteady","oldState":"ConfigReconfiguring"}}
{"t":{"$date":"2023-04-15T16:45:44.253+00:00"},"s":"I",  "c":"REPL",     "id":21392,   "ctx":"OplogApplier-0","msg":"New replica set config in use","attr":{"config":{"_id":"mr1","version":1,"term":10,"members":[{"_id":0,"host":"localhost:27017","arbiterOnly":false,"buildIndexes":true,"hidden":false,"priority":1,"tags":{},"secondaryDelaySecs":0,"votes":1}],"protocolVersion":1,"writeConcernMajorityJournalDefault":true,"settings":{"chainingAllowed":true,"heartbeatIntervalMillis":2000,"heartbeatTimeoutSecs":10,"electionTimeoutMillis":10000,"catchUpTimeoutMillis":-1,"catchUpTakeoverDelayMillis":30000,"getLastErrorModes":{},"getLastErrorDefaults":{"w":1,"wtimeout":0},"replicaSetId":{"$oid":"642450f7b4dec7d82efcbd51"}}}}}
{"t":{"$date":"2023-04-15T16:45:44.255+00:00"},"s":"I",  "c":"REPL",     "id":21393,   "ctx":"OplogApplier-0","msg":"Found self in config","attr":{"hostAndPort":"localhost:27017"}}
{"t":{"$date":"2023-04-15T16:45:44.257+00:00"},"s":"I",  "c":"REPL",     "id":6015310, "ctx":"OplogApplier-0","msg":"Starting to transition to primary."}
{"t":{"$date":"2023-04-15T16:45:44.258+00:00"},"s":"I",  "c":"-",        "id":4939300, "ctx":"monitoring-keys-for-HMAC","msg":"Failed to refresh key cache","attr":{"error":"ReadConcernMajorityNotAvailableYet: Read concern majority reads are currently not possible.","nextWakeupMillis":400}}
{"t":{"$date":"2023-04-15T16:45:44.258+00:00"},"s":"I",  "c":"REPL",     "id":6015309, "ctx":"OplogApplier-0","msg":"Logging transition to primary to oplog on stepup"}
{"t":{"$date":"2023-04-15T16:45:44.261+00:00"},"s":"I",  "c":"STORAGE",  "id":20657,   "ctx":"OplogApplier-0","msg":"IndexBuildsCoordinator::onStepUp - this node is stepping up to primary"}
{"t":{"$date":"2023-04-15T16:45:44.263+00:00"},"s":"I",  "c":"REPL",     "id":21331,   "ctx":"OplogApplier-0","msg":"Transition to primary complete; database writes are now permitted"}
{"t":{"$date":"2023-04-15T16:45:44.269+00:00"},"s":"I",  "c":"REPL",     "id":5123005, "ctx":"TenantMigrationRecipientService-0","msg":"Rebuilding PrimaryOnlyService due to stepUp","attr":{"service":"TenantMigrationRecipientService"}}
{"t":{"$date":"2023-04-15T16:45:44.270+00:00"},"s":"I",  "c":"REPL",     "id":5123005, "ctx":"TenantMigrationDonorService-0","msg":"Rebuilding PrimaryOnlyService due to stepUp","attr":{"service":"TenantMigrationDonorService"}}
{"t":{"$date":"2023-04-15T16:45:45.041+00:00"},"s":"I",  "c":"FTDC",     "id":20631,   "ctx":"ftdc","msg":"Unclean full-time diagnostic data capture shutdown detected, found interim file, some metrics may have been lost","attr":{"error":{"code":0,"codeName":"OK"}}}
{"t":{"$date":"2023-04-15T16:45:47.907+00:00"},"s":"I",  "c":"NETWORK",  "id":22943,   "ctx":"listener","msg":"Connection accepted","attr":{"remote":"127.0.0.1:44648","uuid":"7e61a0ff-790e-427a-9f66-1028df6959a3","connectionId":3,"connectionCount":1}}
{"t":{"$date":"2023-04-15T16:45:47.908+00:00"},"s":"I",  "c":"NETWORK",  "id":22943,   "ctx":"listener","msg":"Connection accepted","attr":{"remote":"127.0.0.1:44658","uuid":"14395d51-a2d2-402e-a128-40bd51225056","connectionId":4,"connectionCount":2}}
{"t":{"$date":"2023-04-15T16:45:47.944+00:00"},"s":"I",  "c":"NETWORK",  "id":51800,   "ctx":"conn4","msg":"client metadata","attr":{"remote":"127.0.0.1:44658","client":"conn4","doc":{"driver":{"name":"mongo-java-driver|reactive-streams|spring-boot","version":"4.8.1"},"os":{"type":"Linux","name":"Linux","architecture":"amd64","version":"5.15.49-linuxkit"},"platform":"Java/Eclipse Adoptium/17.0.6+10"}}}
{"t":{"$date":"2023-04-15T16:45:47.945+00:00"},"s":"I",  "c":"NETWORK",  "id":51800,   "ctx":"conn3","msg":"client metadata","attr":{"remote":"127.0.0.1:44648","client":"conn3","doc":{"driver":{"name":"mongo-java-driver|reactive-streams|spring-boot","version":"4.8.1"},"os":{"type":"Linux","name":"Linux","architecture":"amd64","version":"5.15.49-linuxkit"},"platform":"Java/Eclipse Adoptium/17.0.6+10"}}}
{"t":{"$date":"2023-04-15T16:45:53.063+00:00"},"s":"I",  "c":"NETWORK",  "id":22943,   "ctx":"listener","msg":"Connection accepted","attr":{"remote":"127.0.0.1:44664","uuid":"73893e02-7c6a-4729-aa42-a03d29f26ad1","connectionId":5,"connectionCount":3}}
{"t":{"$date":"2023-04-15T16:45:53.064+00:00"},"s":"I",  "c":"NETWORK",  "id":22943,   "ctx":"listener","msg":"Connection accepted","attr":{"remote":"127.0.0.1:44668","uuid":"73e6d11d-2e0f-4fae-a40c-48f6400f0e25","connectionId":6,"connectionCount":4}}
{"t":{"$date":"2023-04-15T16:45:53.075+00:00"},"s":"I",  "c":"NETWORK",  "id":51800,   "ctx":"conn6","msg":"client metadata","attr":{"remote":"127.0.0.1:44668","client":"conn6","doc":{"driver":{"name":"mongo-java-driver|sync|spring-boot","version":"4.8.1"},"os":{"type":"Linux","name":"Linux","architecture":"amd64","version":"5.15.49-linuxkit"},"platform":"Java/Eclipse Adoptium/17.0.6+10"}}}
{"t":{"$date":"2023-04-15T16:45:53.078+00:00"},"s":"I",  "c":"NETWORK",  "id":51800,   "ctx":"conn5","msg":"client metadata","attr":{"remote":"127.0.0.1:44664","client":"conn5","doc":{"driver":{"name":"mongo-java-driver|sync|spring-boot","version":"4.8.1"},"os":{"type":"Linux","name":"Linux","architecture":"amd64","version":"5.15.49-linuxkit"},"platform":"Java/Eclipse Adoptium/17.0.6+10"}}}
{"t":{"$date":"2023-04-15T16:45:53.388+00:00"},"s":"I",  "c":"NETWORK",  "id":22943,   "ctx":"listener","msg":"Connection accepted","attr":{"remote":"127.0.0.1:44684","uuid":"e7e823cb-1156-414c-81df-8464a9d43d6c","connectionId":7,"connectionCount":5}}
{"t":{"$date":"2023-04-15T16:45:53.400+00:00"},"s":"I",  "c":"NETWORK",  "id":51800,   "ctx":"conn7","msg":"client metadata","attr":{"remote":"127.0.0.1:44684","client":"conn7","doc":{"driver":{"name":"mongo-java-driver|sync|spring-boot","version":"4.8.1"},"os":{"type":"Linux","name":"Linux","architecture":"amd64","version":"5.15.49-linuxkit"},"platform":"Java/Eclipse Adoptium/17.0.6+10"}}}
{"t":{"$date":"2023-04-15T16:45:53.496+00:00"},"s":"I",  "c":"ACCESS",   "id":20250,   "ctx":"conn7","msg":"Authentication succeeded","attr":{"mechanism":"SCRAM-SHA-256","speculative":true,"principalName":"appsmith","authenticationDatabase":"appsmith","remote":"127.0.0.1:44684","extraInfo":{}}}
{"t":{"$date":"2023-04-15T16:45:53.620+00:00"},"s":"I",  "c":"NETWORK",  "id":22943,   "ctx":"listener","msg":"Connection accepted","attr":{"remote":"127.0.0.1:44696","uuid":"18f69423-97f2-42ca-bfdd-130766975033","connectionId":8,"connectionCount":6}}
{"t":{"$date":"2023-04-15T16:45:53.624+00:00"},"s":"I",  "c":"NETWORK",  "id":51800,   "ctx":"conn8","msg":"client metadata","attr":{"remote":"127.0.0.1:44696","client":"conn8","doc":{"driver":{"name":"mongo-java-driver|sync|spring-boot","version":"4.8.1"},"os":{"type":"Linux","name":"Linux","architecture":"amd64","version":"5.15.49-linuxkit"},"platform":"Java/Eclipse Adoptium/17.0.6+10"}}}
{"t":{"$date":"2023-04-15T16:45:53.670+00:00"},"s":"I",  "c":"ACCESS",   "id":20250,   "ctx":"conn8","msg":"Authentication succeeded","attr":{"mechanism":"SCRAM-SHA-256","speculative":true,"principalName":"appsmith","authenticationDatabase":"appsmith","remote":"127.0.0.1:44696","extraInfo":{}}}
{"t":{"$date":"2023-04-15T16:45:53.764+00:00"},"s":"I",  "c":"COMMAND",  "id":51806,   "ctx":"conn8","msg":"CMD: dropIndexes","attr":{"namespace":"appsmith.theme","uuid":{"uuid":{"$uuid":"0e0a2b1e-0fc5-4a9f-8c01-9be9edd7c0a3"}},"indexes":"system_theme_index"}}
{"t":{"$date":"2023-04-15T16:45:53.765+00:00"},"s":"I",  "c":"STORAGE",  "id":22206,   "ctx":"conn8","msg":"Deferring table drop for index","attr":{"index":"system_theme_index","namespace":"appsmith.theme","uuid":{"uuid":{"$uuid":"0e0a2b1e-0fc5-4a9f-8c01-9be9edd7c0a3"}},"ident":"index-0-5824003182298020208","commitTimestamp":{"$timestamp":{"t":1681577153,"i":3}}}}
{"t":{"$date":"2023-04-15T16:45:53.771+00:00"},"s":"I",  "c":"COMMAND",  "id":51806,   "ctx":"conn8","msg":"CMD: dropIndexes","attr":{"namespace":"appsmith.theme","uuid":{"uuid":{"$uuid":"0e0a2b1e-0fc5-4a9f-8c01-9be9edd7c0a3"}},"indexes":"application_id_index"}}
{"t":{"$date":"2023-04-15T16:45:53.772+00:00"},"s":"I",  "c":"STORAGE",  "id":22206,   "ctx":"conn8","msg":"Deferring table drop for index","attr":{"index":"application_id_index","namespace":"appsmith.theme","uuid":{"uuid":{"$uuid":"0e0a2b1e-0fc5-4a9f-8c01-9be9edd7c0a3"}},"ident":"index-2-5824003182298020208","commitTimestamp":{"$timestamp":{"t":1681577153,"i":4}}}}
{"t":{"$date":"2023-04-15T16:45:53.788+00:00"},"s":"I",  "c":"INDEX",    "id":20438,   "ctx":"conn8","msg":"Index build: registering","attr":{"buildUUID":{"uuid":{"$uuid":"ace90f8c-affe-489f-a495-892d24aaf7ab"}},"namespace":"appsmith.theme","collectionUUID":{"uuid":{"$uuid":"0e0a2b1e-0fc5-4a9f-8c01-9be9edd7c0a3"}},"indexes":1,"firstIndex":{"name":"system_theme_index"}}}
{"t":{"$date":"2023-04-15T16:45:53.820+00:00"},"s":"I",  "c":"INDEX",    "id":20384,   "ctx":"IndexBuildsCoordinatorMongod-0","msg":"Index build: starting","attr":{"buildUUID":{"uuid":{"$uuid":"ace90f8c-affe-489f-a495-892d24aaf7ab"}},"collectionUUID":{"uuid":{"$uuid":"0e0a2b1e-0fc5-4a9f-8c01-9be9edd7c0a3"}},"namespace":"appsmith.theme","properties":{"v":2,"key":{"isSystemTheme":1},"name":"system_theme_index","background":true},"method":"Hybrid","maxTemporaryMemoryUsageMB":200}}
{"t":{"$date":"2023-04-15T16:45:53.821+00:00"},"s":"I",  "c":"INDEX",    "id":20346,   "ctx":"IndexBuildsCoordinatorMongod-0","msg":"Index build: initialized","attr":{"buildUUID":{"uuid":{"$uuid":"ace90f8c-affe-489f-a495-892d24aaf7ab"}},"collectionUUID":{"uuid":{"$uuid":"0e0a2b1e-0fc5-4a9f-8c01-9be9edd7c0a3"}},"namespace":"appsmith.theme","initializationTimestamp":{"$timestamp":{"t":1681577153,"i":6}}}}
{"t":{"$date":"2023-04-15T16:45:53.822+00:00"},"s":"I",  "c":"STORAGE",  "id":4847600, "ctx":"IndexBuildsCoordinatorMongod-0","msg":"Index build: waiting for last optime before interceptors to be majority committed","attr":{"buildUUID":{"uuid":{"$uuid":"ace90f8c-affe-489f-a495-892d24aaf7ab"}},"collectionUUID":{"uuid":{"$uuid":"0e0a2b1e-0fc5-4a9f-8c01-9be9edd7c0a3"}},"deadline":{"$date":"2023-04-15T16:46:03.821Z"},"timeoutMillis":10000,"lastOpTime":{"ts":{"$timestamp":{"t":1681577153,"i":6}},"t":10}}}
{"t":{"$date":"2023-04-15T16:45:53.822+00:00"},"s":"I",  "c":"INDEX",    "id":20440,   "ctx":"conn8","msg":"Index build: waiting for index build to complete","attr":{"buildUUID":{"uuid":{"$uuid":"ace90f8c-affe-489f-a495-892d24aaf7ab"}},"deadline":{"$date":{"$numberLong":"9223372036854775807"}}}}
{"t":{"$date":"2023-04-15T16:45:53.877+00:00"},"s":"I",  "c":"INDEX",    "id":20391,   "ctx":"IndexBuildsCoordinatorMongod-0","msg":"Index build: collection scan done","attr":{"buildUUID":{"uuid":{"$uuid":"ace90f8c-affe-489f-a495-892d24aaf7ab"}},"collectionUUID":{"uuid":{"$uuid":"0e0a2b1e-0fc5-4a9f-8c01-9be9edd7c0a3"}},"namespace":"appsmith.theme","totalRecords":8,"readSource":"kMajorityCommitted","durationMillis":0}}
{"t":{"$date":"2023-04-15T16:45:53.883+00:00"},"s":"I",  "c":"INDEX",    "id":20685,   "ctx":"IndexBuildsCoordinatorMongod-0","msg":"Index build: inserted keys from external sorter into index","attr":{"namespace":"appsmith.theme","index":"system_theme_index","keysInserted":8,"durationMillis":0}}
{"t":{"$date":"2023-04-15T16:45:53.892+00:00"},"s":"I",  "c":"CONNPOOL", "id":22576,   "ctx":"ReplNetwork","msg":"Connecting","attr":{"hostAndPort":"localhost:27017"}}
{"t":{"$date":"2023-04-15T16:45:53.894+00:00"},"s":"I",  "c":"NETWORK",  "id":22943,   "ctx":"listener","msg":"Connection accepted","attr":{"remote":"127.0.0.1:44710","uuid":"313d2bf8-f485-400b-b372-9e84fbc03fdc","connectionId":10,"connectionCount":7}}
{"t":{"$date":"2023-04-15T16:45:53.895+00:00"},"s":"I",  "c":"NETWORK",  "id":51800,   "ctx":"conn10","msg":"client metadata","attr":{"remote":"127.0.0.1:44710","client":"conn10","doc":{"driver":{"name":"NetworkInterfaceTL","version":"5.0.15"},"os":{"type":"Linux","name":"Ubuntu","architecture":"x86_64","version":"20.04"}}}}
{"t":{"$date":"2023-04-15T16:45:53.896+00:00"},"s":"I",  "c":"ACCESS",   "id":20250,   "ctx":"conn10","msg":"Authentication succeeded","attr":{"mechanism":"SCRAM-SHA-256","speculative":true,"principalName":"__system","authenticationDatabase":"local","remote":"127.0.0.1:44710","extraInfo":{}}}
{"t":{"$date":"2023-04-15T16:45:53.898+00:00"},"s":"I",  "c":"STORAGE",  "id":3856201, "ctx":"conn10","msg":"Index build: commit quorum satisfied","attr":{"indexBuildEntry":{"_id":{"$uuid":"ace90f8c-affe-489f-a495-892d24aaf7ab"},"collectionUUID":{"$uuid":"0e0a2b1e-0fc5-4a9f-8c01-9be9edd7c0a3"},"commitQuorum":"votingMembers","indexNames":["system_theme_index"],"commitReadyMembers":["localhost:27017"]}}}
{"t":{"$date":"2023-04-15T16:45:53.899+00:00"},"s":"I",  "c":"CONNPOOL", "id":22566,   "ctx":"ReplNetwork","msg":"Ending connection due to bad connection status","attr":{"hostAndPort":"localhost:27017","error":"CallbackCanceled: Callback was canceled","numOpenConns":0}}
{"t":{"$date":"2023-04-15T16:45:53.901+00:00"},"s":"I",  "c":"STORAGE",  "id":3856203, "ctx":"IndexBuildsCoordinatorMongod-0","msg":"Index build: waiting for next action before completing final phase","attr":{"buildUUID":{"uuid":{"$uuid":"ace90f8c-affe-489f-a495-892d24aaf7ab"}}}}
{"t":{"$date":"2023-04-15T16:45:53.901+00:00"},"s":"I",  "c":"NETWORK",  "id":22943,   "ctx":"listener","msg":"Connection accepted","attr":{"remote":"127.0.0.1:44718","uuid":"ba5f58ef-84c9-46fe-b1ec-aedcc342353a","connectionId":12,"connectionCount":8}}
{"t":{"$date":"2023-04-15T16:45:53.901+00:00"},"s":"I",  "c":"NETWORK",  "id":22944,   "ctx":"conn10","msg":"Connection ended","attr":{"remote":"127.0.0.1:44710","uuid":"313d2bf8-f485-400b-b372-9e84fbc03fdc","connectionId":10,"connectionCount":7}}
{"t":{"$date":"2023-04-15T16:45:53.903+00:00"},"s":"I",  "c":"STORAGE",  "id":3856204, "ctx":"IndexBuildsCoordinatorMongod-0","msg":"Index build: received signal","attr":{"buildUUID":{"uuid":{"$uuid":"ace90f8c-affe-489f-a495-892d24aaf7ab"}},"action":"Commit quorum Satisfied"}}
{"t":{"$date":"2023-04-15T16:45:53.903+00:00"},"s":"I",  "c":"NETWORK",  "id":51800,   "ctx":"conn12","msg":"client metadata","attr":{"remote":"127.0.0.1:44718","client":"conn12","doc":{"driver":{"name":"NetworkInterfaceTL","version":"5.0.15"},"os":{"type":"Linux","name":"Ubuntu","architecture":"x86_64","version":"20.04"}}}}
{"t":{"$date":"2023-04-15T16:45:53.905+00:00"},"s":"I",  "c":"INDEX",    "id":20345,   "ctx":"IndexBuildsCoordinatorMongod-0","msg":"Index build: done building","attr":{"buildUUID":{"uuid":{"$uuid":"ace90f8c-affe-489f-a495-892d24aaf7ab"}},"namespace":"appsmith.theme","index":"system_theme_index","commitTimestamp":{"$timestamp":{"t":1681577153,"i":8}}}}
{"t":{"$date":"2023-04-15T16:45:53.906+00:00"},"s":"I",  "c":"ACCESS",   "id":20250,   "ctx":"conn12","msg":"Authentication succeeded","attr":{"mechanism":"SCRAM-SHA-256","speculative":true,"principalName":"__system","authenticationDatabase":"local","remote":"127.0.0.1:44718","extraInfo":{}}}
{"t":{"$date":"2023-04-15T16:45:53.909+00:00"},"s":"I",  "c":"STORAGE",  "id":20663,   "ctx":"IndexBuildsCoordinatorMongod-0","msg":"Index build: completed successfully","attr":{"buildUUID":{"uuid":{"$uuid":"ace90f8c-affe-489f-a495-892d24aaf7ab"}},"collectionUUID":{"uuid":{"$uuid":"0e0a2b1e-0fc5-4a9f-8c01-9be9edd7c0a3"}},"namespace":"appsmith.theme","indexesBuilt":["system_theme_index"],"numIndexesBefore":1,"numIndexesAfter":2}}
{"t":{"$date":"2023-04-15T16:45:53.911+00:00"},"s":"I",  "c":"INDEX",    "id":20447,   "ctx":"conn8","msg":"Index build: completed","attr":{"buildUUID":{"uuid":{"$uuid":"ace90f8c-affe-489f-a495-892d24aaf7ab"}}}}
{"t":{"$date":"2023-04-15T16:45:53.913+00:00"},"s":"I",  "c":"COMMAND",  "id":51803,   "ctx":"conn8","msg":"Slow query","attr":{"type":"command","ns":"appsmith.theme","command":{"createIndexes":"theme","indexes":[{"key":{"isSystemTheme":1},"name":"system_theme_index","background":true}],"$db":"appsmith","$clusterTime":{"clusterTime":{"$timestamp":{"t":1681577153,"i":4}},"signature":{"hash":{"$binary":{"base64":"HjsT7/PB+t69X4kLU2LlBNYlnP0=","subType":"0"}},"keyId":7215981524741521413}},"lsid":{"id":{"$uuid":"739dcdc6-6eb7-449e-9555-3bc1e11659e6"}},"$readPreference":{"mode":"primaryPreferred"}},"numYields":0,"reslen":271,"locks":{"ParallelBatchWriterMode":{"acquireCount":{"r":3}},"FeatureCompatibilityVersion":{"acquireCount":{"r":4,"w":2}},"ReplicationStateTransition":{"acquireCount":{"w":6}},"Global":{"acquireCount":{"r":4,"w":2}},"Database":{"acquireCount":{"r":2,"w":1}},"Collection":{"acquireCount":{"r":2,"W":1}},"Mutex":{"acquireCount":{"r":3}}},"flowControl":{"acquireCount":2,"timeAcquiringMicros":3},"readConcern":{"level":"local","provenance":"implicitDefault"},"writeConcern":{"w":"majority","wtimeout":0,"provenance":"implicitDefault"},"storage":{"data":{"bytesRead":101608,"timeReadingMicros":29}},"remote":"127.0.0.1:44696","protocol":"op_msg","durationMillis":124}}
{"t":{"$date":"2023-04-15T16:45:53.917+00:00"},"s":"I",  "c":"INDEX",    "id":20438,   "ctx":"conn8","msg":"Index build: registering","attr":{"buildUUID":{"uuid":{"$uuid":"54625165-aa08-4110-9828-e1480fdc2ca8"}},"namespace":"appsmith.theme","collectionUUID":{"uuid":{"$uuid":"0e0a2b1e-0fc5-4a9f-8c01-9be9edd7c0a3"}},"indexes":1,"firstIndex":{"name":"application_id_index"}}}
{"t":{"$date":"2023-04-15T16:45:53.934+00:00"},"s":"I",  "c":"INDEX",    "id":20384,   "ctx":"IndexBuildsCoordinatorMongod-0","msg":"Index build: starting","attr":{"buildUUID":{"uuid":{"$uuid":"54625165-aa08-4110-9828-e1480fdc2ca8"}},"collectionUUID":{"uuid":{"$uuid":"0e0a2b1e-0fc5-4a9f-8c01-9be9edd7c0a3"}},"namespace":"appsmith.theme","properties":{"v":2,"key":{"applicationId":1,"deleted":1},"name":"application_id_index","background":true},"method":"Hybrid","maxTemporaryMemoryUsageMB":200}}
{"t":{"$date":"2023-04-15T16:45:53.935+00:00"},"s":"I",  "c":"INDEX",    "id":20346,   "ctx":"IndexBuildsCoordinatorMongod-0","msg":"Index build: initialized","attr":{"buildUUID":{"uuid":{"$uuid":"54625165-aa08-4110-9828-e1480fdc2ca8"}},"collectionUUID":{"uuid":{"$uuid":"0e0a2b1e-0fc5-4a9f-8c01-9be9edd7c0a3"}},"namespace":"appsmith.theme","initializationTimestamp":{"$timestamp":{"t":1681577153,"i":11}}}}
{"t":{"$date":"2023-04-15T16:45:53.936+00:00"},"s":"I",  "c":"STORAGE",  "id":4847600, "ctx":"IndexBuildsCoordinatorMongod-0","msg":"Index build: waiting for last optime before interceptors to be majority committed","attr":{"buildUUID":{"uuid":{"$uuid":"54625165-aa08-4110-9828-e1480fdc2ca8"}},"collectionUUID":{"uuid":{"$uuid":"0e0a2b1e-0fc5-4a9f-8c01-9be9edd7c0a3"}},"deadline":{"$date":"2023-04-15T16:46:03.936Z"},"timeoutMillis":10000,"lastOpTime":{"ts":{"$timestamp":{"t":1681577153,"i":11}},"t":10}}}
{"t":{"$date":"2023-04-15T16:45:53.936+00:00"},"s":"I",  "c":"INDEX",    "id":20440,   "ctx":"conn8","msg":"Index build: waiting for index build to complete","attr":{"buildUUID":{"uuid":{"$uuid":"54625165-aa08-4110-9828-e1480fdc2ca8"}},"deadline":{"$date":{"$numberLong":"9223372036854775807"}}}}
{"t":{"$date":"2023-04-15T16:45:54.014+00:00"},"s":"I",  "c":"INDEX",    "id":20391,   "ctx":"IndexBuildsCoordinatorMongod-0","msg":"Index build: collection scan done","attr":{"buildUUID":{"uuid":{"$uuid":"54625165-aa08-4110-9828-e1480fdc2ca8"}},"collectionUUID":{"uuid":{"$uuid":"0e0a2b1e-0fc5-4a9f-8c01-9be9edd7c0a3"}},"namespace":"appsmith.theme","totalRecords":8,"readSource":"kMajorityCommitted","durationMillis":0}}
{"t":{"$date":"2023-04-15T16:45:54.018+00:00"},"s":"I",  "c":"INDEX",    "id":20685,   "ctx":"IndexBuildsCoordinatorMongod-0","msg":"Index build: inserted keys from external sorter into index","attr":{"namespace":"appsmith.theme","index":"application_id_index","keysInserted":8,"durationMillis":0}}
{"t":{"$date":"2023-04-15T16:45:54.026+00:00"},"s":"I",  "c":"STORAGE",  "id":3856201, "ctx":"conn12","msg":"Index build: commit quorum satisfied","attr":{"indexBuildEntry":{"_id":{"$uuid":"54625165-aa08-4110-9828-e1480fdc2ca8"},"collectionUUID":{"$uuid":"0e0a2b1e-0fc5-4a9f-8c01-9be9edd7c0a3"},"commitQuorum":"votingMembers","indexNames":["application_id_index"],"commitReadyMembers":["localhost:27017"]}}}
{"t":{"$date":"2023-04-15T16:45:54.026+00:00"},"s":"I",  "c":"CONNPOOL", "id":22566,   "ctx":"ReplNetwork","msg":"Ending connection due to bad connection status","attr":{"hostAndPort":"localhost:27017","error":"CallbackCanceled: Callback was canceled","numOpenConns":0}}
{"t":{"$date":"2023-04-15T16:45:54.027+00:00"},"s":"I",  "c":"STORAGE",  "id":3856203, "ctx":"IndexBuildsCoordinatorMongod-0","msg":"Index build: waiting for next action before completing final phase","attr":{"buildUUID":{"uuid":{"$uuid":"54625165-aa08-4110-9828-e1480fdc2ca8"}}}}
{"t":{"$date":"2023-04-15T16:45:54.028+00:00"},"s":"I",  "c":"NETWORK",  "id":22943,   "ctx":"listener","msg":"Connection accepted","attr":{"remote":"127.0.0.1:44732","uuid":"5aecdfd2-6e4f-4c19-9095-c8ec57ad9eb0","connectionId":14,"connectionCount":8}}
{"t":{"$date":"2023-04-15T16:45:54.028+00:00"},"s":"I",  "c":"NETWORK",  "id":22944,   "ctx":"conn12","msg":"Connection ended","attr":{"remote":"127.0.0.1:44718","uuid":"ba5f58ef-84c9-46fe-b1ec-aedcc342353a","connectionId":12,"connectionCount":7}}
{"t":{"$date":"2023-04-15T16:45:54.028+00:00"},"s":"I",  "c":"STORAGE",  "id":3856204, "ctx":"IndexBuildsCoordinatorMongod-0","msg":"Index build: received signal","attr":{"buildUUID":{"uuid":{"$uuid":"54625165-aa08-4110-9828-e1480fdc2ca8"}},"action":"Commit quorum Satisfied"}}
{"t":{"$date":"2023-04-15T16:45:54.029+00:00"},"s":"I",  "c":"NETWORK",  "id":51800,   "ctx":"conn14","msg":"client metadata","attr":{"remote":"127.0.0.1:44732","client":"conn14","doc":{"driver":{"name":"NetworkInterfaceTL","version":"5.0.15"},"os":{"type":"Linux","name":"Ubuntu","architecture":"x86_64","version":"20.04"}}}}
{"t":{"$date":"2023-04-15T16:45:54.031+00:00"},"s":"I",  "c":"INDEX",    "id":20345,   "ctx":"IndexBuildsCoordinatorMongod-0","msg":"Index build: done building","attr":{"buildUUID":{"uuid":{"$uuid":"54625165-aa08-4110-9828-e1480fdc2ca8"}},"namespace":"appsmith.theme","index":"application_id_index","commitTimestamp":{"$timestamp":{"t":1681577154,"i":2}}}}
{"t":{"$date":"2023-04-15T16:45:54.032+00:00"},"s":"I",  "c":"ACCESS",   "id":20250,   "ctx":"conn14","msg":"Authentication succeeded","attr":{"mechanism":"SCRAM-SHA-256","speculative":true,"principalName":"__system","authenticationDatabase":"local","remote":"127.0.0.1:44732","extraInfo":{}}}
{"t":{"$date":"2023-04-15T16:45:54.036+00:00"},"s":"I",  "c":"STORAGE",  "id":20663,   "ctx":"IndexBuildsCoordinatorMongod-0","msg":"Index build: completed successfully","attr":{"buildUUID":{"uuid":{"$uuid":"54625165-aa08-4110-9828-e1480fdc2ca8"}},"collectionUUID":{"uuid":{"$uuid":"0e0a2b1e-0fc5-4a9f-8c01-9be9edd7c0a3"}},"namespace":"appsmith.theme","indexesBuilt":["application_id_index"],"numIndexesBefore":2,"numIndexesAfter":3}}
{"t":{"$date":"2023-04-15T16:45:54.037+00:00"},"s":"I",  "c":"INDEX",    "id":20447,   "ctx":"conn8","msg":"Index build: completed","attr":{"buildUUID":{"uuid":{"$uuid":"54625165-aa08-4110-9828-e1480fdc2ca8"}}}}
{"t":{"$date":"2023-04-15T16:45:54.040+00:00"},"s":"I",  "c":"COMMAND",  "id":51803,   "ctx":"conn8","msg":"Slow query","attr":{"type":"command","ns":"appsmith.theme","command":{"createIndexes":"theme","indexes":[{"key":{"applicationId":1,"deleted":1},"name":"application_id_index","background":true}],"$db":"appsmith","$clusterTime":{"clusterTime":{"$timestamp":{"t":1681577153,"i":9}},"signature":{"hash":{"$binary":{"base64":"HjsT7/PB+t69X4kLU2LlBNYlnP0=","subType":"0"}},"keyId":7215981524741521413}},"lsid":{"id":{"$uuid":"739dcdc6-6eb7-449e-9555-3bc1e11659e6"}},"$readPreference":{"mode":"primaryPreferred"}},"numYields":0,"reslen":271,"locks":{"ParallelBatchWriterMode":{"acquireCount":{"r":3}},"FeatureCompatibilityVersion":{"acquireCount":{"r":4,"w":2}},"ReplicationStateTransition":{"acquireCount":{"w":6}},"Global":{"acquireCount":{"r":4,"w":2}},"Database":{"acquireCount":{"r":2,"w":1}},"Collection":{"acquireCount":{"r":2,"W":1}},"Mutex":{"acquireCount":{"r":3}}},"flowControl":{"acquireCount":2,"timeAcquiringMicros":2},"readConcern":{"level":"local","provenance":"implicitDefault"},"writeConcern":{"w":"majority","wtimeout":0,"provenance":"implicitDefault"},"storage":{},"remote":"127.0.0.1:44696","protocol":"op_msg","durationMillis":122}}
{"t":{"$date":"2023-04-15T16:45:55.727+00:00"},"s":"I",  "c":"NETWORK",  "id":22943,   "ctx":"listener","msg":"Connection accepted","attr":{"remote":"127.0.0.1:44746","uuid":"f08b3ac0-eab5-4506-aa91-88b325a3cee6","connectionId":15,"connectionCount":8}}
{"t":{"$date":"2023-04-15T16:45:55.734+00:00"},"s":"I",  "c":"NETWORK",  "id":51800,   "ctx":"conn15","msg":"client metadata","attr":{"remote":"127.0.0.1:44746","client":"conn15","doc":{"driver":{"name":"mongo-java-driver|reactive-streams|spring-boot","version":"4.8.1"},"os":{"type":"Linux","name":"Linux","architecture":"amd64","version":"5.15.49-linuxkit"},"platform":"Java/Eclipse Adoptium/17.0.6+10"}}}
{"t":{"$date":"2023-04-15T16:45:55.769+00:00"},"s":"I",  "c":"ACCESS",   "id":20250,   "ctx":"conn15","msg":"Authentication succeeded","attr":{"mechanism":"SCRAM-SHA-256","speculative":true,"principalName":"appsmith","authenticationDatabase":"appsmith","remote":"127.0.0.1:44746","extraInfo":{}}}
{"t":{"$date":"2023-04-15T16:46:25.617+00:00"},"s":"I",  "c":"NETWORK",  "id":22943,   "ctx":"listener","msg":"Connection accepted","attr":{"remote":"127.0.0.1:42256","uuid":"22e8263c-2b0e-48cd-8909-85e1b6e12693","connectionId":16,"connectionCount":9}}
{"t":{"$date":"2023-04-15T16:46:25.619+00:00"},"s":"I",  "c":"NETWORK",  "id":51800,   "ctx":"conn16","msg":"client metadata","attr":{"remote":"127.0.0.1:42256","client":"conn16","doc":{"driver":{"name":"mongo-java-driver|reactive-streams|spring-boot","version":"4.8.1"},"os":{"type":"Linux","name":"Linux","architecture":"amd64","version":"5.15.49-linuxkit"},"platform":"Java/Eclipse Adoptium/17.0.6+10"}}}
{"t":{"$date":"2023-04-15T16:46:25.649+00:00"},"s":"I",  "c":"ACCESS",   "id":20250,   "ctx":"conn16","msg":"Authentication succeeded","attr":{"mechanism":"SCRAM-SHA-256","speculative":true,"principalName":"appsmith","authenticationDatabase":"appsmith","remote":"127.0.0.1:42256","extraInfo":{}}}
{"t":{"$date":"2023-04-15T16:46:27.437+00:00"},"s":"I",  "c":"NETWORK",  "id":22943,   "ctx":"listener","msg":"Connection accepted","attr":{"remote":"127.0.0.1:33266","uuid":"d761f246-48e2-4042-987f-9fbe74e35124","connectionId":17,"connectionCount":10}}
{"t":{"$date":"2023-04-15T16:46:27.438+00:00"},"s":"I",  "c":"NETWORK",  "id":22943,   "ctx":"listener","msg":"Connection accepted","attr":{"remote":"127.0.0.1:33270","uuid":"66492edf-73bf-4752-be09-af500c441886","connectionId":18,"connectionCount":11}}
{"t":{"$date":"2023-04-15T16:46:27.439+00:00"},"s":"I",  "c":"NETWORK",  "id":51800,   "ctx":"conn17","msg":"client metadata","attr":{"remote":"127.0.0.1:33266","client":"conn17","doc":{"driver":{"name":"mongo-java-driver|reactive-streams|spring-boot","version":"4.8.1"},"os":{"type":"Linux","name":"Linux","architecture":"amd64","version":"5.15.49-linuxkit"},"platform":"Java/Eclipse Adoptium/17.0.6+10"}}}
{"t":{"$date":"2023-04-15T16:46:27.440+00:00"},"s":"I",  "c":"NETWORK",  "id":51800,   "ctx":"conn18","msg":"client metadata","attr":{"remote":"127.0.0.1:33270","client":"conn18","doc":{"driver":{"name":"mongo-java-driver|reactive-streams|spring-boot","version":"4.8.1"},"os":{"type":"Linux","name":"Linux","architecture":"amd64","version":"5.15.49-linuxkit"},"platform":"Java/Eclipse Adoptium/17.0.6+10"}}}
{"t":{"$date":"2023-04-15T16:46:27.482+00:00"},"s":"I",  "c":"ACCESS",   "id":20250,   "ctx":"conn17","msg":"Authentication succeeded","attr":{"mechanism":"SCRAM-SHA-256","speculative":true,"principalName":"appsmith","authenticationDatabase":"appsmith","remote":"127.0.0.1:33266","extraInfo":{}}}
{"t":{"$date":"2023-04-15T16:46:27.484+00:00"},"s":"I",  "c":"ACCESS",   "id":20250,   "ctx":"conn18","msg":"Authentication succeeded","attr":{"mechanism":"SCRAM-SHA-256","speculative":true,"principalName":"appsmith","authenticationDatabase":"appsmith","remote":"127.0.0.1:33270","extraInfo":{}}}
{"t":{"$date":"2023-04-15T16:46:44.011+00:00"},"s":"I",  "c":"STORAGE",  "id":22430,   "ctx":"Checkpointer","msg":"WiredTiger message","attr":{"message":"[1681577204:11210][1347:0x7f837763d700], WT_SESSION.checkpoint: [WT_VERB_CHECKPOINT_PROGRESS] saving checkpoint snapshot min: 78, snapshot max: 78 snapshot count: 0, oldest timestamp: (1681576887, 3) , meta checkpoint timestamp: (1681577187, 3) base write gen: 850"}}
{"t":{"$date":"2023-04-15T16:47:44.074+00:00"},"s":"I",  "c":"STORAGE",  "id":22430,   "ctx":"Checkpointer","msg":"WiredTiger message","attr":{"message":"[1681577264:74259][1347:0x7f837763d700], WT_SESSION.checkpoint: [WT_VERB_CHECKPOINT_PROGRESS] saving checkpoint snapshot min: 97, snapshot max: 97 snapshot count: 0, oldest timestamp: (1681576954, 1) , meta checkpoint timestamp: (1681577254, 1) base write gen: 850"}}
{"t":{"$date":"2023-04-15T16:47:55.625+00:00"},"s":"I",  "c":"NETWORK",  "id":22943,   "ctx":"listener","msg":"Connection accepted","attr":{"remote":"127.0.0.1:51820","uuid":"e3f20b73-799c-4892-83e8-9c15f5b60614","connectionId":19,"connectionCount":12}}
{"t":{"$date":"2023-04-15T16:47:55.626+00:00"},"s":"I",  "c":"NETWORK",  "id":51800,   "ctx":"conn19","msg":"client metadata","attr":{"remote":"127.0.0.1:51820","client":"conn19","doc":{"driver":{"name":"mongo-java-driver|reactive-streams|spring-boot","version":"4.8.1"},"os":{"type":"Linux","name":"Linux","architecture":"amd64","version":"5.15.49-linuxkit"},"platform":"Java/Eclipse Adoptium/17.0.6+10"}}}
{"t":{"$date":"2023-04-15T16:47:55.653+00:00"},"s":"I",  "c":"ACCESS",   "id":20250,   "ctx":"conn19","msg":"Authentication succeeded","attr":{"mechanism":"SCRAM-SHA-256","speculative":true,"principalName":"appsmith","authenticationDatabase":"appsmith","remote":"127.0.0.1:51820","extraInfo":{}}}
{"t":{"$date":"2023-04-15T16:48:44.129+00:00"},"s":"I",  "c":"STORAGE",  "id":22430,   "ctx":"Checkpointer","msg":"WiredTiger message","attr":{"message":"[1681577324:129026][1347:0x7f837763d700], WT_SESSION.checkpoint: [WT_VERB_CHECKPOINT_PROGRESS] saving checkpoint snapshot min: 112, snapshot max: 112 snapshot count: 0, oldest timestamp: (1681577014, 1) , meta checkpoint timestamp: (1681577314, 1) base write gen: 850"}}
{"t":{"$date":"2023-04-15T16:49:44.177+00:00"},"s":"I",  "c":"STORAGE",  "id":22430,   "ctx":"Checkpointer","msg":"WiredTiger message","attr":{"message":"[1681577384:177752][1347:0x7f837763d700], WT_SESSION.checkpoint: [WT_VERB_CHECKPOINT_PROGRESS] saving checkpoint snapshot min: 127, snapshot max: 127 snapshot count: 0, oldest timestamp: (1681577074, 1) , meta checkpoint timestamp: (1681577374, 1) base write gen: 850"}}
{"t":{"$date":"2023-04-15T16:50:44.259+00:00"},"s":"I",  "c":"STORAGE",  "id":22430,   "ctx":"Checkpointer","msg":"WiredTiger message","attr":{"message":"[1681577444:259605][1347:0x7f837763d700], WT_SESSION.checkpoint: [WT_VERB_CHECKPOINT_PROGRESS] saving checkpoint snapshot min: 151, snapshot max: 151 snapshot count: 0, oldest timestamp: (1681577144, 8) , meta checkpoint timestamp: (1681577444, 5) base write gen: 850"}}
{"t":{"$date":"2023-04-15T16:50:54.027+00:00"},"s":"I",  "c":"CONNPOOL", "id":22572,   "ctx":"ReplNetwork","msg":"Dropping all pooled connections","attr":{"hostAndPort":"localhost:27017","error":"ConnectionPoolExpired: Pool for localhost:27017 has expired."}}
{"t":{"$date":"2023-04-15T16:50:54.035+00:00"},"s":"I",  "c":"NETWORK",  "id":22944,   "ctx":"conn14","msg":"Connection ended","attr":{"remote":"127.0.0.1:44732","uuid":"5aecdfd2-6e4f-4c19-9095-c8ec57ad9eb0","connectionId":14,"connectionCount":11}}
{"t":{"$date":"2023-04-15T16:50:54.902+00:00"},"s":"I",  "c":"STORAGE",  "id":22260,   "ctx":"TimestampMonitor","msg":"Removing drop-pending idents with drop timestamps before timestamp","attr":{"timestamp":{"$timestamp":{"t":1681577154,"i":1}}}}
{"t":{"$date":"2023-04-15T16:50:54.904+00:00"},"s":"I",  "c":"STORAGE",  "id":22237,   "ctx":"TimestampMonitor","msg":"Completing drop for ident","attr":{"ident":"index-0-5824003182298020208","dropTimestamp":{"$timestamp":{"t":1681577153,"i":3}}}}
{"t":{"$date":"2023-04-15T16:50:54.911+00:00"},"s":"I",  "c":"STORAGE",  "id":22237,   "ctx":"TimestampMonitor","msg":"Completing drop for ident","attr":{"ident":"index-2-5824003182298020208","dropTimestamp":{"$timestamp":{"t":1681577153,"i":4}}}}
{"t":{"$date":"2023-04-15T16:51:44.347+00:00"},"s":"I",  "c":"STORAGE",  "id":22430,   "ctx":"Checkpointer","msg":"WiredTiger message","attr":{"message":"[1681577504:347937][1347:0x7f837763d700], WT_SESSION.checkpoint: [WT_VERB_CHECKPOINT_PROGRESS] saving checkpoint snapshot min: 171, snapshot max: 171 snapshot count: 0, oldest timestamp: (1681577194, 1) , meta checkpoint timestamp: (1681577494, 1) base write gen: 850"}}
{"t":{"$date":"2023-04-15T16:52:44.411+00:00"},"s":"I",  "c":"STORAGE",  "id":22430,   "ctx":"Checkpointer","msg":"WiredTiger message","attr":{"message":"[1681577564:411140][1347:0x7f837763d700], WT_SESSION.checkpoint: [WT_VERB_CHECKPOINT_PROGRESS] saving checkpoint snapshot min: 187, snapshot max: 187 snapshot count: 0, oldest timestamp: (1681577264, 1) , meta checkpoint timestamp: (1681577554, 1) base write gen: 850"}}
{"t":{"$date":"2023-04-15T16:53:44.472+00:00"},"s":"I",  "c":"STORAGE",  "id":22430,   "ctx":"Checkpointer","msg":"WiredTiger message","attr":{"message":"[1681577624:472179][1347:0x7f837763d700], WT_SESSION.checkpoint: [WT_VERB_CHECKPOINT_PROGRESS] saving checkpoint snapshot min: 203, snapshot max: 203 snapshot count: 0, oldest timestamp: (1681577324, 1) , meta checkpoint timestamp: (1681577624, 1) base write gen: 850"}}
{"t":{"$date":"2023-04-15T16:54:44.518+00:00"},"s":"I",  "c":"STORAGE",  "id":22430,   "ctx":"Checkpointer","msg":"WiredTiger message","attr":{"message":"[1681577684:518057][1347:0x7f837763d700], WT_SESSION.checkpoint: [WT_VERB_CHECKPOINT_PROGRESS] saving checkpoint snapshot min: 218, snapshot max: 218 snapshot count: 0, oldest timestamp: (1681577384, 1) , meta checkpoint timestamp: (1681577684, 1) base write gen: 850"}}
{"t":{"$date":"2023-04-15T16:55:44.560+00:00"},"s":"I",  "c":"STORAGE",  "id":22430,   "ctx":"Checkpointer","msg":"WiredTiger message","attr":{"message":"[1681577744:560371][1347:0x7f837763d700], WT_SESSION.checkpoint: [WT_VERB_CHECKPOINT_PROGRESS] saving checkpoint snapshot min: 233, snapshot max: 233 snapshot count: 0, oldest timestamp: (1681577444, 1) , meta checkpoint timestamp: (1681577744, 1) base write gen: 850"}}
{"t":{"$date":"2023-04-15T16:56:44.602+00:00"},"s":"I",  "c":"STORAGE",  "id":22430,   "ctx":"Checkpointer","msg":"WiredTiger message","attr":{"message":"[1681577804:602748][1347:0x7f837763d700], WT_SESSION.checkpoint: [WT_VERB_CHECKPOINT_PROGRESS] saving checkpoint snapshot min: 248, snapshot max: 248 snapshot count: 0, oldest timestamp: (1681577504, 1) , meta checkpoint timestamp: (1681577804, 1) base write gen: 850"}}
{"t":{"$date":"2023-04-15T16:57:44.649+00:00"},"s":"I",  "c":"STORAGE",  "id":22430,   "ctx":"Checkpointer","msg":"WiredTiger message","attr":{"message":"[1681577864:649284][1347:0x7f837763d700], WT_SESSION.checkpoint: [WT_VERB_CHECKPOINT_PROGRESS] saving checkpoint snapshot min: 263, snapshot max: 263 snapshot count: 0, oldest timestamp: (1681577564, 1) , meta checkpoint timestamp: (1681577864, 1) base write gen: 850"}}
{"t":{"$date":"2023-04-15T16:58:44.692+00:00"},"s":"I",  "c":"STORAGE",  "id":22430,   "ctx":"Checkpointer","msg":"WiredTiger message","attr":{"message":"[1681577924:692342][1347:0x7f837763d700], WT_SESSION.checkpoint: [WT_VERB_CHECKPOINT_PROGRESS] saving checkpoint snapshot min: 278, snapshot max: 278 snapshot count: 0, oldest timestamp: (1681577624, 1) , meta checkpoint timestamp: (1681577924, 1) base write gen: 850"}}
{"t":{"$date":"2023-04-15T16:59:44.739+00:00"},"s":"I",  "c":"STORAGE",  "id":22430,   "ctx":"Checkpointer","msg":"WiredTiger message","attr":{"message":"[1681577984:739781][1347:0x7f837763d700], WT_SESSION.checkpoint: [WT_VERB_CHECKPOINT_PROGRESS] saving checkpoint snapshot min: 293, snapshot max: 293 snapshot count: 0, oldest timestamp: (1681577684, 1) , meta checkpoint timestamp: (1681577984, 1) base write gen: 850"}}
{"t":{"$date":"2023-04-15T17:00:44.782+00:00"},"s":"I",  "c":"STORAGE",  "id":22430,   "ctx":"Checkpointer","msg":"WiredTiger message","attr":{"message":"[1681578044:782380][1347:0x7f837763d700], WT_SESSION.checkpoint: [WT_VERB_CHECKPOINT_PROGRESS] saving checkpoint snapshot min: 308, snapshot max: 308 snapshot count: 0, oldest timestamp: (1681577744, 1) , meta checkpoint timestamp: (1681578044, 1) base write gen: 850"}}
{"t":{"$date":"2023-04-15T17:01:44.825+00:00"},"s":"I",  "c":"STORAGE",  "id":22430,   "ctx":"Checkpointer","msg":"WiredTiger message","attr":{"message":"[1681578104:825440][1347:0x7f837763d700], WT_SESSION.checkpoint: [WT_VERB_CHECKPOINT_PROGRESS] saving checkpoint snapshot min: 323, snapshot max: 323 snapshot count: 0, oldest timestamp: (1681577804, 1) , meta checkpoint timestamp: (1681578104, 1) base write gen: 850"}}
{"t":{"$date":"2023-04-15T17:02:44.868+00:00"},"s":"I",  "c":"STORAGE",  "id":22430,   "ctx":"Checkpointer","msg":"WiredTiger message","attr":{"message":"[1681578164:868239][1347:0x7f837763d700], WT_SESSION.checkpoint: [WT_VERB_CHECKPOINT_PROGRESS] saving checkpoint snapshot min: 338, snapshot max: 338 snapshot count: 0, oldest timestamp: (1681577864, 1) , meta checkpoint timestamp: (1681578164, 1) base write gen: 850"}}
{"t":{"$date":"2023-04-15T17:03:44.918+00:00"},"s":"I",  "c":"STORAGE",  "id":22430,   "ctx":"Checkpointer","msg":"WiredTiger message","attr":{"message":"[1681578224:918371][1347:0x7f837763d700], WT_SESSION.checkpoint: [WT_VERB_CHECKPOINT_PROGRESS] saving checkpoint snapshot min: 353, snapshot max: 353 snapshot count: 0, oldest timestamp: (1681577924, 1) , meta checkpoint timestamp: (1681578224, 1) base write gen: 850"}}
{"t":{"$date":"2023-04-15T17:04:44.958+00:00"},"s":"I",  "c":"STORAGE",  "id":22430,   "ctx":"Checkpointer","msg":"WiredTiger message","attr":{"message":"[1681578284:958560][1347:0x7f837763d700], WT_SESSION.checkpoint: [WT_VERB_CHECKPOINT_PROGRESS] saving checkpoint snapshot min: 368, snapshot max: 368 snapshot count: 0, oldest timestamp: (1681577984, 1) , meta checkpoint timestamp: (1681578284, 1) base write gen: 850"}}
{"t":{"$date":"2023-04-15T17:05:45.004+00:00"},"s":"I",  "c":"STORAGE",  "id":22430,   "ctx":"Checkpointer","msg":"WiredTiger message","attr":{"message":"[1681578345:4554][1347:0x7f837763d700], WT_SESSION.checkpoint: [WT_VERB_CHECKPOINT_PROGRESS] saving checkpoint snapshot min: 383, snapshot max: 383 snapshot count: 0, oldest timestamp: (1681578044, 1) , meta checkpoint timestamp: (1681578344, 1) base write gen: 850"}}
{"t":{"$date":"2023-04-15T17:06:45.043+00:00"},"s":"I",  "c":"STORAGE",  "id":22430,   "ctx":"Checkpointer","msg":"WiredTiger message","attr":{"message":"[1681578405:43911][1347:0x7f837763d700], WT_SESSION.checkpoint: [WT_VERB_CHECKPOINT_PROGRESS] saving checkpoint snapshot min: 398, snapshot max: 398 snapshot count: 0, oldest timestamp: (1681578104, 1) , meta checkpoint timestamp: (1681578404, 1) base write gen: 850"}}
{"t":{"$date":"2023-04-15T17:07:45.085+00:00"},"s":"I",  "c":"STORAGE",  "id":22430,   "ctx":"Checkpointer","msg":"WiredTiger message","attr":{"message":"[1681578465:85747][1347:0x7f837763d700], WT_SESSION.checkpoint: [WT_VERB_CHECKPOINT_PROGRESS] saving checkpoint snapshot min: 413, snapshot max: 413 snapshot count: 0, oldest timestamp: (1681578164, 1) , meta checkpoint timestamp: (1681578464, 1) base write gen: 850"}}
{"t":{"$date":"2023-04-15T17:08:45.126+00:00"},"s":"I",  "c":"STORAGE",  "id":22430,   "ctx":"Checkpointer","msg":"WiredTiger message","attr":{"message":"[1681578525:126179][1347:0x7f837763d700], WT_SESSION.checkpoint: [WT_VERB_CHECKPOINT_PROGRESS] saving checkpoint snapshot min: 428, snapshot max: 428 snapshot count: 0, oldest timestamp: (1681578224, 1) , meta checkpoint timestamp: (1681578524, 1) base write gen: 850"}}
{"t":{"$date":"2023-04-15T17:09:45.170+00:00"},"s":"I",  "c":"STORAGE",  "id":22430,   "ctx":"Checkpointer","msg":"WiredTiger message","attr":{"message":"[1681578585:170827][1347:0x7f837763d700], WT_SESSION.checkpoint: [WT_VERB_CHECKPOINT_PROGRESS] saving checkpoint snapshot min: 443, snapshot max: 443 snapshot count: 0, oldest timestamp: (1681578284, 1) , meta checkpoint timestamp: (1681578584, 1) base write gen: 850"}}
{"t":{"$date":"2023-04-15T17:10:38.857+00:00"},"s":"I",  "c":"-",        "id":20883,   "ctx":"conn5","msg":"Interrupted operation as its client disconnected","attr":{"opId":21984}}
{"t":{"$date":"2023-04-15T17:10:38.857+00:00"},"s":"I",  "c":"-",        "id":20883,   "ctx":"conn4","msg":"Interrupted operation as its client disconnected","attr":{"opId":21987}}
{"t":{"$date":"2023-04-15T17:10:38.862+00:00"},"s":"I",  "c":"NETWORK",  "id":22944,   "ctx":"conn4","msg":"Connection ended","attr":{"remote":"127.0.0.1:44658","uuid":"14395d51-a2d2-402e-a128-40bd51225056","connectionId":4,"connectionCount":10}}
{"t":{"$date":"2023-04-15T17:10:38.862+00:00"},"s":"I",  "c":"NETWORK",  "id":22944,   "ctx":"conn5","msg":"Connection ended","attr":{"remote":"127.0.0.1:44664","uuid":"73893e02-7c6a-4729-aa42-a03d29f26ad1","connectionId":5,"connectionCount":9}}
{"t":{"$date":"2023-04-15T17:10:39.222+00:00"},"s":"I",  "c":"NETWORK",  "id":22944,   "ctx":"conn8","msg":"Connection ended","attr":{"remote":"127.0.0.1:44696","uuid":"18f69423-97f2-42ca-bfdd-130766975033","connectionId":8,"connectionCount":8}}
{"t":{"$date":"2023-04-15T17:10:39.223+00:00"},"s":"I",  "c":"NETWORK",  "id":22944,   "ctx":"conn7","msg":"Connection ended","attr":{"remote":"127.0.0.1:44684","uuid":"e7e823cb-1156-414c-81df-8464a9d43d6c","connectionId":7,"connectionCount":7}}
{"t":{"$date":"2023-04-15T17:10:39.228+00:00"},"s":"I",  "c":"NETWORK",  "id":22944,   "ctx":"conn15","msg":"Connection ended","attr":{"remote":"127.0.0.1:44746","uuid":"f08b3ac0-eab5-4506-aa91-88b325a3cee6","connectionId":15,"connectionCount":4}}
{"t":{"$date":"2023-04-15T17:10:39.229+00:00"},"s":"I",  "c":"NETWORK",  "id":22944,   "ctx":"conn19","msg":"Connection ended","attr":{"remote":"127.0.0.1:51820","uuid":"e3f20b73-799c-4892-83e8-9c15f5b60614","connectionId":19,"connectionCount":3}}
{"t":{"$date":"2023-04-15T17:10:39.224+00:00"},"s":"I",  "c":"NETWORK",  "id":22943,   "ctx":"listener","msg":"Connection accepted","attr":{"remote":"127.0.0.1:46064","uuid":"fbcf5549-6027-4701-b192-6b625c8d3896","connectionId":20,"connectionCount":8}}
{"t":{"$date":"2023-04-15T17:10:39.225+00:00"},"s":"I",  "c":"NETWORK",  "id":22944,   "ctx":"conn17","msg":"Connection ended","attr":{"remote":"127.0.0.1:33266","uuid":"d761f246-48e2-4042-987f-9fbe74e35124","connectionId":17,"connectionCount":7}}
{"t":{"$date":"2023-04-15T17:10:39.226+00:00"},"s":"I",  "c":"NETWORK",  "id":22944,   "ctx":"conn18","msg":"Connection ended","attr":{"remote":"127.0.0.1:33270","uuid":"66492edf-73bf-4752-be09-af500c441886","connectionId":18,"connectionCount":6}}
{"t":{"$date":"2023-04-15T17:10:39.226+00:00"},"s":"I",  "c":"NETWORK",  "id":22944,   "ctx":"conn16","msg":"Connection ended","attr":{"remote":"127.0.0.1:42256","uuid":"22e8263c-2b0e-48cd-8909-85e1b6e12693","connectionId":16,"connectionCount":5}}
{"t":{"$date":"2023-04-15T17:10:39.240+00:00"},"s":"I",  "c":"NETWORK",  "id":22943,   "ctx":"listener","msg":"Connection accepted","attr":{"remote":"127.0.0.1:46068","uuid":"542f2498-04d0-4ea0-a8d6-93020d78b780","connectionId":21,"connectionCount":4}}
{"t":{"$date":"2023-04-15T17:10:39.240+00:00"},"s":"I",  "c":"NETWORK",  "id":51800,   "ctx":"conn20","msg":"client metadata","attr":{"remote":"127.0.0.1:46064","client":"conn20","doc":{"driver":{"name":"mongo-java-driver|sync|spring-boot","version":"4.8.1"},"os":{"type":"Linux","name":"Linux","architecture":"amd64","version":"5.15.49-linuxkit"},"platform":"Java/Eclipse Adoptium/17.0.6+10"}}}
{"t":{"$date":"2023-04-15T17:10:39.243+00:00"},"s":"I",  "c":"NETWORK",  "id":51800,   "ctx":"conn21","msg":"client metadata","attr":{"remote":"127.0.0.1:46068","client":"conn21","doc":{"driver":{"name":"mongo-java-driver|reactive-streams|spring-boot","version":"4.8.1"},"os":{"type":"Linux","name":"Linux","architecture":"amd64","version":"5.15.49-linuxkit"},"platform":"Java/Eclipse Adoptium/17.0.6+10"}}}
{"t":{"$date":"2023-04-15T17:10:45.213+00:00"},"s":"I",  "c":"STORAGE",  "id":22430,   "ctx":"Checkpointer","msg":"WiredTiger message","attr":{"message":"[1681578645:213790][1347:0x7f837763d700], WT_SESSION.checkpoint: [WT_VERB_CHECKPOINT_PROGRESS] saving checkpoint snapshot min: 452, snapshot max: 452 snapshot count: 0, oldest timestamp: (1681578338, 1) , meta checkpoint timestamp: (1681578638, 1) base write gen: 850"}}
{"t":{"$date":"2023-04-15T17:26:20.263+00:00"},"s":"I",  "c":"-",        "id":20883,   "ctx":"conn21","msg":"Interrupted operation as its client disconnected","attr":{"opId":22003}}
{"t":{"$date":"2023-04-15T17:26:20.449+00:00"},"s":"I",  "c":"-",        "id":20883,   "ctx":"conn21","msg":"Interrupted operation as its client disconnected","attr":{"opId":22163}}
{"t":{"$date":"2023-04-15T17:26:20.450+00:00"},"s":"I",  "c":"-",        "id":20883,   "ctx":"conn20","msg":"Interrupted operation as its client disconnected","attr":{"opId":22159}}
{"t":{"$date":"2023-04-15T17:26:20.454+00:00"},"s":"I",  "c":"NETWORK",  "id":22943,   "ctx":"listener","msg":"Connection accepted","attr":{"remote":"127.0.0.1:39894","uuid":"0b3da131-bdf8-4714-8715-c3ea9efb31dd","connectionId":22,"connectionCount":5}}
{"t":{"$date":"2023-04-15T17:26:20.521+00:00"},"s":"I",  "c":"NETWORK",  "id":22943,   "ctx":"listener","msg":"Connection accepted","attr":{"remote":"127.0.0.1:39898","uuid":"9d186889-28da-4549-97c8-207ded3de696","connectionId":23,"connectionCount":6}}
{"t":{"$date":"2023-04-15T17:26:20.492+00:00"},"s":"I",  "c":"NETWORK",  "id":22989,   "ctx":"conn20","msg":"Error sending response to client. Ending connection from remote","attr":{"error":{"code":9001,"codeName":"SocketException","errmsg":"Broken pipe"},"remote":"127.0.0.1:46064","connectionId":20}}
{"t":{"$date":"2023-04-15T17:26:20.521+00:00"},"s":"I",  "c":"NETWORK",  "id":51800,   "ctx":"conn22","msg":"client metadata","attr":{"remote":"127.0.0.1:39894","client":"conn22","doc":{"driver":{"name":"mongo-java-driver|reactive-streams|spring-boot","version":"4.8.1"},"os":{"type":"Linux","name":"Linux","architecture":"amd64","version":"5.15.49-linuxkit"},"platform":"Java/Eclipse Adoptium/17.0.6+10"}}}
{"t":{"$date":"2023-04-15T17:26:20.487+00:00"},"s":"I",  "c":"NETWORK",  "id":22989,   "ctx":"conn21","msg":"Error sending response to client. Ending connection from remote","attr":{"error":{"code":9001,"codeName":"SocketException","errmsg":"Broken pipe"},"remote":"127.0.0.1:46068","connectionId":21}}
{"t":{"$date":"2023-04-15T17:26:20.524+00:00"},"s":"I",  "c":"NETWORK",  "id":51800,   "ctx":"conn23","msg":"client metadata","attr":{"remote":"127.0.0.1:39898","client":"conn23","doc":{"driver":{"name":"mongo-java-driver|sync|spring-boot","version":"4.8.1"},"os":{"type":"Linux","name":"Linux","architecture":"amd64","version":"5.15.49-linuxkit"},"platform":"Java/Eclipse Adoptium/17.0.6+10"}}}
{"t":{"$date":"2023-04-15T17:26:20.525+00:00"},"s":"I",  "c":"NETWORK",  "id":22944,   "ctx":"conn20","msg":"Connection ended","attr":{"remote":"127.0.0.1:46064","uuid":"fbcf5549-6027-4701-b192-6b625c8d3896","connectionId":20,"connectionCount":5}}
{"t":{"$date":"2023-04-15T17:26:20.527+00:00"},"s":"I",  "c":"NETWORK",  "id":22944,   "ctx":"conn21","msg":"Connection ended","attr":{"remote":"127.0.0.1:46068","uuid":"542f2498-04d0-4ea0-a8d6-93020d78b780","connectionId":21,"connectionCount":4}}
{"t":{"$date":"2023-04-15T17:26:20.586+00:00"},"s":"I",  "c":"STORAGE",  "id":22430,   "ctx":"Checkpointer","msg":"WiredTiger message","attr":{"message":"[1681579580:586314][1347:0x7f837763d700], WT_SESSION.checkpoint: [WT_VERB_CHECKPOINT_PROGRESS] saving checkpoint snapshot min: 462, snapshot max: 462 snapshot count: 0, oldest timestamp: (1681579280, 8) , meta checkpoint timestamp: (1681578648, 1) base write gen: 850"}}
{"t":{"$date":"2023-04-15T17:47:16.607+00:00"},"s":"I",  "c":"-",        "id":20883,   "ctx":"conn22","msg":"Interrupted operation as its client disconnected","attr":{"opId":22380}}
{"t":{"$date":"2023-04-15T17:47:17.001+00:00"},"s":"I",  "c":"NETWORK",  "id":22989,   "ctx":"conn22","msg":"Error sending response to client. Ending connection from remote","attr":{"error":{"code":9001,"codeName":"SocketException","errmsg":"Broken pipe"},"remote":"127.0.0.1:39894","connectionId":22}}
{"t":{"$date":"2023-04-15T17:47:16.984+00:00"},"s":"I",  "c":"NETWORK",  "id":22943,   "ctx":"listener","msg":"Connection accepted","attr":{"remote":"127.0.0.1:33650","uuid":"660dd51b-2a8f-48f4-950d-0b7e4b4016d6","connectionId":24,"connectionCount":5}}
{"t":{"$date":"2023-04-15T17:47:16.957+00:00"},"s":"I",  "c":"-",        "id":20883,   "ctx":"conn23","msg":"Interrupted operation as its client disconnected","attr":{"opId":22313}}
{"t":{"$date":"2023-04-15T17:47:17.176+00:00"},"s":"I",  "c":"-",        "id":20883,   "ctx":"conn23","msg":"Interrupted operation as its client disconnected","attr":{"opId":22395}}
{"t":{"$date":"2023-04-15T17:47:17.179+00:00"},"s":"I",  "c":"NETWORK",  "id":22989,   "ctx":"conn23","msg":"Error sending response to client. Ending connection from remote","attr":{"error":{"code":9001,"codeName":"SocketException","errmsg":"Broken pipe"},"remote":"127.0.0.1:39898","connectionId":23}}
{"t":{"$date":"2023-04-15T17:47:17.157+00:00"},"s":"I",  "c":"NETWORK",  "id":22943,   "ctx":"listener","msg":"Connection accepted","attr":{"remote":"127.0.0.1:33660","uuid":"a1771dbf-de49-4a5c-9718-c0a5c74c968e","connectionId":25,"connectionCount":5}}
{"t":{"$date":"2023-04-15T17:47:17.220+00:00"},"s":"I",  "c":"NETWORK",  "id":51800,   "ctx":"conn25","msg":"client metadata","attr":{"remote":"127.0.0.1:33660","client":"conn25","doc":{"driver":{"name":"mongo-java-driver|reactive-streams|spring-boot","version":"4.8.1"},"os":{"type":"Linux","name":"Linux","architecture":"amd64","version":"5.15.49-linuxkit"},"platform":"Java/Eclipse Adoptium/17.0.6+10"}}}
{"t":{"$date":"2023-04-15T17:47:17.157+00:00"},"s":"I",  "c":"NETWORK",  "id":51800,   "ctx":"conn24","msg":"client metadata","attr":{"remote":"127.0.0.1:33650","client":"conn24","doc":{"driver":{"name":"mongo-java-driver|sync|spring-boot","version":"4.8.1"},"os":{"type":"Linux","name":"Linux","architecture":"amd64","version":"5.15.49-linuxkit"},"platform":"Java/Eclipse Adoptium/17.0.6+10"}}}
{"t":{"$date":"2023-04-15T17:47:17.181+00:00"},"s":"I",  "c":"NETWORK",  "id":22944,   "ctx":"conn23","msg":"Connection ended","attr":{"remote":"127.0.0.1:39898","uuid":"9d186889-28da-4549-97c8-207ded3de696","connectionId":23,"connectionCount":4}}
{"t":{"$date":"2023-04-15T17:47:17.040+00:00"},"s":"I",  "c":"NETWORK",  "id":22944,   "ctx":"conn22","msg":"Connection ended","attr":{"remote":"127.0.0.1:39894","uuid":"0b3da131-bdf8-4714-8715-c3ea9efb31dd","connectionId":22,"connectionCount":4}}
{"t":{"$date":"2023-04-15T17:47:17.261+00:00"},"s":"I",  "c":"STORAGE",  "id":22430,   "ctx":"Checkpointer","msg":"WiredTiger message","attr":{"message":"[1681580837:261949][1347:0x7f837763d700], WT_SESSION.checkpoint: [WT_VERB_CHECKPOINT_PROGRESS] saving checkpoint snapshot min: 471, snapshot max: 471 snapshot count: 0, oldest timestamp: (1681580536, 1) , meta checkpoint timestamp: (1681579580, 8) base write gen: 850"}}
{"t":{"$date":"2023-04-15T17:48:17.339+00:00"},"s":"I",  "c":"STORAGE",  "id":22430,   "ctx":"Checkpointer","msg":"WiredTiger message","attr":{"message":"[1681580897:339182][1347:0x7f837763d700], WT_SESSION.checkpoint: [WT_VERB_CHECKPOINT_PROGRESS] saving checkpoint snapshot min: 487, snapshot max: 487 snapshot count: 0, oldest timestamp: (1681580596, 1) , meta checkpoint timestamp: (1681580896, 1) base write gen: 850"}}
{"t":{"$date":"2023-04-15T17:49:17.387+00:00"},"s":"I",  "c":"STORAGE",  "id":22430,   "ctx":"Checkpointer","msg":"WiredTiger message","attr":{"message":"[1681580957:387308][1347:0x7f837763d700], WT_SESSION.checkpoint: [WT_VERB_CHECKPOINT_PROGRESS] saving checkpoint snapshot min: 502, snapshot max: 502 snapshot count: 0, oldest timestamp: (1681580656, 1) , meta checkpoint timestamp: (1681580956, 1) base write gen: 850"}}
{"t":{"$date":"2023-04-15T17:50:17.432+00:00"},"s":"I",  "c":"STORAGE",  "id":22430,   "ctx":"Checkpointer","msg":"WiredTiger message","attr":{"message":"[1681581017:432649][1347:0x7f837763d700], WT_SESSION.checkpoint: [WT_VERB_CHECKPOINT_PROGRESS] saving checkpoint snapshot min: 517, snapshot max: 517 snapshot count: 0, oldest timestamp: (1681580716, 1) , meta checkpoint timestamp: (1681581016, 1) base write gen: 850"}}
{"t":{"$date":"2023-04-15T17:51:17.468+00:00"},"s":"I",  "c":"STORAGE",  "id":22430,   "ctx":"Checkpointer","msg":"WiredTiger message","attr":{"message":"[1681581077:468193][1347:0x7f837763d700], WT_SESSION.checkpoint: [WT_VERB_CHECKPOINT_PROGRESS] saving checkpoint snapshot min: 532, snapshot max: 532 snapshot count: 0, oldest timestamp: (1681580776, 1) , meta checkpoint timestamp: (1681581076, 1) base write gen: 850"}}
{"t":{"$date":"2023-04-15T17:52:17.526+00:00"},"s":"I",  "c":"STORAGE",  "id":22430,   "ctx":"Checkpointer","msg":"WiredTiger message","attr":{"message":"[1681581137:526957][1347:0x7f837763d700], WT_SESSION.checkpoint: [WT_VERB_CHECKPOINT_PROGRESS] saving checkpoint snapshot min: 547, snapshot max: 547 snapshot count: 0, oldest timestamp: (1681580836, 1) , meta checkpoint timestamp: (1681581136, 1) base write gen: 850"}}
{"t":{"$date":"2023-04-15T17:53:17.565+00:00"},"s":"I",  "c":"STORAGE",  "id":22430,   "ctx":"Checkpointer","msg":"WiredTiger message","attr":{"message":"[1681581197:565717][1347:0x7f837763d700], WT_SESSION.checkpoint: [WT_VERB_CHECKPOINT_PROGRESS] saving checkpoint snapshot min: 562, snapshot max: 562 snapshot count: 0, oldest timestamp: (1681580896, 1) , meta checkpoint timestamp: (1681581196, 1) base write gen: 850"}}
{"t":{"$date":"2023-04-15T17:54:17.610+00:00"},"s":"I",  "c":"STORAGE",  "id":22430,   "ctx":"Checkpointer","msg":"WiredTiger message","attr":{"message":"[1681581257:610475][1347:0x7f837763d700], WT_SESSION.checkpoint: [WT_VERB_CHECKPOINT_PROGRESS] saving checkpoint snapshot min: 577, snapshot max: 577 snapshot count: 0, oldest timestamp: (1681580956, 1) , meta checkpoint timestamp: (1681581256, 1) base write gen: 850"}}
{"t":{"$date":"2023-04-15T17:55:17.658+00:00"},"s":"I",  "c":"STORAGE",  "id":22430,   "ctx":"Checkpointer","msg":"WiredTiger message","attr":{"message":"[1681581317:658945][1347:0x7f837763d700], WT_SESSION.checkpoint: [WT_VERB_CHECKPOINT_PROGRESS] saving checkpoint snapshot min: 592, snapshot max: 592 snapshot count: 0, oldest timestamp: (1681581016, 1) , meta checkpoint timestamp: (1681581316, 1) base write gen: 850"}}
{"t":{"$date":"2023-04-15T17:56:17.705+00:00"},"s":"I",  "c":"STORAGE",  "id":22430,   "ctx":"Checkpointer","msg":"WiredTiger message","attr":{"message":"[1681581377:705593][1347:0x7f837763d700], WT_SESSION.checkpoint: [WT_VERB_CHECKPOINT_PROGRESS] saving checkpoint snapshot min: 607, snapshot max: 607 snapshot count: 0, oldest timestamp: (1681581076, 1) , meta checkpoint timestamp: (1681581376, 1) base write gen: 850"}}
{"t":{"$date":"2023-04-15T17:57:17.748+00:00"},"s":"I",  "c":"STORAGE",  "id":22430,   "ctx":"Checkpointer","msg":"WiredTiger message","attr":{"message":"[1681581437:748739][1347:0x7f837763d700], WT_SESSION.checkpoint: [WT_VERB_CHECKPOINT_PROGRESS] saving checkpoint snapshot min: 622, snapshot max: 622 snapshot count: 0, oldest timestamp: (1681581136, 1) , meta checkpoint timestamp: (1681581436, 1) base write gen: 850"}}
{"t":{"$date":"2023-04-15T17:58:17.816+00:00"},"s":"I",  "c":"STORAGE",  "id":22430,   "ctx":"Checkpointer","msg":"WiredTiger message","attr":{"message":"[1681581497:816291][1347:0x7f837763d700], WT_SESSION.checkpoint: [WT_VERB_CHECKPOINT_PROGRESS] saving checkpoint snapshot min: 637, snapshot max: 637 snapshot count: 0, oldest timestamp: (1681581196, 1) , meta checkpoint timestamp: (1681581496, 1) base write gen: 850"}}
{"t":{"$date":"2023-04-15T17:59:17.861+00:00"},"s":"I",  "c":"STORAGE",  "id":22430,   "ctx":"Checkpointer","msg":"WiredTiger message","attr":{"message":"[1681581557:861349][1347:0x7f837763d700], WT_SESSION.checkpoint: [WT_VERB_CHECKPOINT_PROGRESS] saving checkpoint snapshot min: 652, snapshot max: 652 snapshot count: 0, oldest timestamp: (1681581256, 1) , meta checkpoint timestamp: (1681581556, 1) base write gen: 850"}}
{"t":{"$date":"2023-04-15T18:00:17.918+00:00"},"s":"I",  "c":"STORAGE",  "id":22430,   "ctx":"Checkpointer","msg":"WiredTiger message","attr":{"message":"[1681581617:917896][1347:0x7f837763d700], WT_SESSION.checkpoint: [WT_VERB_CHECKPOINT_PROGRESS] saving checkpoint snapshot min: 667, snapshot max: 667 snapshot count: 0, oldest timestamp: (1681581316, 1) , meta checkpoint timestamp: (1681581616, 1) base write gen: 850"}}
{"t":{"$date":"2023-04-15T18:01:17.959+00:00"},"s":"I",  "c":"STORAGE",  "id":22430,   "ctx":"Checkpointer","msg":"WiredTiger message","attr":{"message":"[1681581677:959781][1347:0x7f837763d700], WT_SESSION.checkpoint: [WT_VERB_CHECKPOINT_PROGRESS] saving checkpoint snapshot min: 682, snapshot max: 682 snapshot count: 0, oldest timestamp: (1681581376, 1) , meta checkpoint timestamp: (1681581676, 1) base write gen: 850"}}
{"t":{"$date":"2023-04-15T18:02:18.006+00:00"},"s":"I",  "c":"STORAGE",  "id":22430,   "ctx":"Checkpointer","msg":"WiredTiger message","attr":{"message":"[1681581738:6355][1347:0x7f837763d700], WT_SESSION.checkpoint: [WT_VERB_CHECKPOINT_PROGRESS] saving checkpoint snapshot min: 697, snapshot max: 697 snapshot count: 0, oldest timestamp: (1681581436, 1) , meta checkpoint timestamp: (1681581736, 1) base write gen: 850"}}
{"t":{"$date":"2023-04-15T18:03:18.046+00:00"},"s":"I",  "c":"STORAGE",  "id":22430,   "ctx":"Checkpointer","msg":"WiredTiger message","attr":{"message":"[1681581798:46082][1347:0x7f837763d700], WT_SESSION.checkpoint: [WT_VERB_CHECKPOINT_PROGRESS] saving checkpoint snapshot min: 712, snapshot max: 712 snapshot count: 0, oldest timestamp: (1681581496, 1) , meta checkpoint timestamp: (1681581796, 1) base write gen: 850"}}
{"t":{"$date":"2023-04-15T18:04:18.086+00:00"},"s":"I",  "c":"STORAGE",  "id":22430,   "ctx":"Checkpointer","msg":"WiredTiger message","attr":{"message":"[1681581858:86119][1347:0x7f837763d700], WT_SESSION.checkpoint: [WT_VERB_CHECKPOINT_PROGRESS] saving checkpoint snapshot min: 727, snapshot max: 727 snapshot count: 0, oldest timestamp: (1681581556, 1) , meta checkpoint timestamp: (1681581856, 1) base write gen: 850"}}
{"t":{"$date":"2023-04-15T18:05:18.127+00:00"},"s":"I",  "c":"STORAGE",  "id":22430,   "ctx":"Checkpointer","msg":"WiredTiger message","attr":{"message":"[1681581918:127438][1347:0x7f837763d700], WT_SESSION.checkpoint: [WT_VERB_CHECKPOINT_PROGRESS] saving checkpoint snapshot min: 742, snapshot max: 742 snapshot count: 0, oldest timestamp: (1681581616, 1) , meta checkpoint timestamp: (1681581916, 1) base write gen: 850"}}
