Load environment configuration
Waiting for RTS to start ...
{"success":true}RTS started.
SLF4J: Class path contains multiple SLF4J providers.
SLF4J: Found provider [ch.qos.logback.classic.spi.LogbackServiceProvider@6d21714c]
SLF4J: Found provider [org.slf4j.reload4j.Reload4jServiceProvider@108c4c35]
SLF4J: See https://www.slf4j.org/codes.html#multiple_bindings for an explanation.
SLF4J: Actual provider is of type [ch.qos.logback.classic.spi.LogbackServiceProvider@6d21714c]
[2023-04-15 22:50:51,971]  - Starting ServerApplication vv1.9.13 using Java 17.0.6 with PID 1624 (/opt/appsmith/backend/server.jar started by root in /opt/appsmith/backend)
[2023-04-15 22:50:51,976]  - Running with Spring Boot v3.0.1, Spring v6.0.3
[2023-04-15 22:50:51,978]  - The following 1 profile is active: "production"
[2023-04-15 22:50:54,253]  - Multiple Spring Data modules found, entering strict repository configuration mode
[2023-04-15 22:50:54,254]  - Bootstrapping Spring Data Reactive MongoDB repositories in DEFAULT mode.
[2023-04-15 22:50:55,013]  - Finished Spring Data repository scanning in 746 ms. Found 54 Reactive MongoDB repository interfaces.
[2023-04-15 22:50:57,422]  - Bean 'org.springframework.security.config.annotation.method.configuration.ReactiveMethodSecurityConfiguration' of type [org.springframework.security.config.annotation.method.configuration.ReactiveMethodSecurityConfiguration] is not eligible for getting processed by all BeanPostProcessors (for example: not eligible for auto-proxying)
[2023-04-15 22:50:59,905]  - MongoClient with metadata {"driver": {"name": "mongo-java-driver|reactive-streams|spring-boot", "version": "4.8.1"}, "os": {"type": "Linux", "name": "Linux", "architecture": "amd64", "version": "5.15.90.1-microsoft-standard-WSL2"}, "platform": "Java/Eclipse Adoptium/17.0.6+10"} created with settings MongoClientSettings{readPreference=primary, writeConcern=WriteConcern{w=null, wTimeout=null ms, journal=null}, retryWrites=true, retryReads=true, readConcern=ReadConcern{level=null}, credential=MongoCredential{mechanism=null, userName='appsmith', source='appsmith', password=<hidden>, mechanismProperties=<hidden>}, streamFactoryFactory=NettyStreamFactoryFactory{eventLoopGroup=io.netty.channel.nio.NioEventLoopGroup@4f3e7344, socketChannelClass=class io.netty.channel.socket.nio.NioSocketChannel, allocator=PooledByteBufAllocator(directByDefault: true), sslContext=null}, commandListeners=[io.micrometer.core.instrument.binder.mongodb.MongoMetricsCommandListener@58a2b4c], codecRegistry=ProvidersCodecRegistry{codecProviders=[ValueCodecProvider{}, BsonValueCodecProvider{}, DBRefCodecProvider{}, DBObjectCodecProvider{}, DocumentCodecProvider{}, CollectionCodecProvider{}, IterableCodecProvider{}, MapCodecProvider{}, GeoJsonCodecProvider{}, GridFSFileCodecProvider{}, Jsr310CodecProvider{}, JsonObjectCodecProvider{}, BsonCodecProvider{}, EnumCodecProvider{}, com.mongodb.Jep395RecordCodecProvider@7808f638]}, clusterSettings={hosts=[localhost:27017], srvServiceName=mongodb, mode=SINGLE, requiredClusterType=UNKNOWN, requiredReplicaSetName='null', serverSelector='null', clusterListeners='[]', serverSelectionTimeout='30000 ms', localThreshold='30000 ms'}, socketSettings=SocketSettings{connectTimeoutMS=10000, readTimeoutMS=0, receiveBufferSize=0, sendBufferSize=0}, heartbeatSocketSettings=SocketSettings{connectTimeoutMS=10000, readTimeoutMS=10000, receiveBufferSize=0, sendBufferSize=0}, connectionPoolSettings=ConnectionPoolSettings{maxSize=100, minSize=0, maxWaitTimeMS=120000, maxConnectionLifeTimeMS=0, maxConnectionIdleTimeMS=0, maintenanceInitialDelayMS=0, maintenanceFrequencyMS=60000, connectionPoolListeners=[io.micrometer.core.instrument.binder.mongodb.MongoMetricsConnectionPoolListener@15e0fe05], maxConnecting=2}, serverSettings=ServerSettings{heartbeatFrequencyMS=10000, minHeartbeatFrequencyMS=500, serverListeners='[]', serverMonitorListeners='[]'}, sslSettings=SslSettings{enabled=false, invalidHostNameAllowed=false, context=null}, applicationName='null', compressorList=[], uuidRepresentation=JAVA_LEGACY, serverApi=null, autoEncryptionSettings=null, contextProvider=null}
[2023-04-15 22:50:59,988]  - Exception in monitor thread while connecting to server localhost:27017
com.mongodb.MongoSocketOpenException: Exception opening socket
	at com.mongodb.connection.netty.NettyStream$OpenChannelFutureListener.operationComplete(NettyStream.java:520)
	at com.mongodb.connection.netty.NettyStream$OpenChannelFutureListener.operationComplete(NettyStream.java:488)
	at io.netty.util.concurrent.DefaultPromise.notifyListener0(DefaultPromise.java:590)
	at io.netty.util.concurrent.DefaultPromise.notifyListeners0(DefaultPromise.java:583)
	at io.netty.util.concurrent.DefaultPromise.notifyListenersNow(DefaultPromise.java:559)
	at io.netty.util.concurrent.DefaultPromise.notifyListeners(DefaultPromise.java:492)
	at io.netty.util.concurrent.DefaultPromise.setValue0(DefaultPromise.java:636)
	at io.netty.util.concurrent.DefaultPromise.setFailure0(DefaultPromise.java:629)
	at io.netty.util.concurrent.DefaultPromise.tryFailure(DefaultPromise.java:118)
	at io.netty.channel.nio.AbstractNioChannel$AbstractNioUnsafe.fulfillConnectPromise(AbstractNioChannel.java:321)
	at io.netty.channel.nio.AbstractNioChannel$AbstractNioUnsafe.finishConnect(AbstractNioChannel.java:337)
	at io.netty.channel.nio.NioEventLoop.processSelectedKey(NioEventLoop.java:776)
	at io.netty.channel.nio.NioEventLoop.processSelectedKeysOptimized(NioEventLoop.java:724)
	at io.netty.channel.nio.NioEventLoop.processSelectedKeys(NioEventLoop.java:650)
	at io.netty.channel.nio.NioEventLoop.run(NioEventLoop.java:562)
	at io.netty.util.concurrent.SingleThreadEventExecutor$4.run(SingleThreadEventExecutor.java:997)
	at io.netty.util.internal.ThreadExecutorMap$2.run(ThreadExecutorMap.java:74)
	at io.netty.util.concurrent.FastThreadLocalRunnable.run(FastThreadLocalRunnable.java:30)
	at java.base/java.lang.Thread.run(Thread.java:833)
Caused by: io.netty.channel.AbstractChannel$AnnotatedConnectException: Connection refused: localhost/127.0.0.1:27017
Caused by: java.net.ConnectException: Connection refused
	at java.base/sun.nio.ch.Net.pollConnect(Native Method)
	at java.base/sun.nio.ch.Net.pollConnectNow(Net.java:672)
	at java.base/sun.nio.ch.SocketChannelImpl.finishConnect(SocketChannelImpl.java:946)
	at io.netty.channel.socket.nio.NioSocketChannel.doFinishConnect(NioSocketChannel.java:337)
	at io.netty.channel.nio.AbstractNioChannel$AbstractNioUnsafe.finishConnect(AbstractNioChannel.java:334)
	at io.netty.channel.nio.NioEventLoop.processSelectedKey(NioEventLoop.java:776)
	at io.netty.channel.nio.NioEventLoop.processSelectedKeysOptimized(NioEventLoop.java:724)
	at io.netty.channel.nio.NioEventLoop.processSelectedKeys(NioEventLoop.java:650)
	at io.netty.channel.nio.NioEventLoop.run(NioEventLoop.java:562)
	at io.netty.util.concurrent.SingleThreadEventExecutor$4.run(SingleThreadEventExecutor.java:997)
	at io.netty.util.internal.ThreadExecutorMap$2.run(ThreadExecutorMap.java:74)
	at io.netty.util.concurrent.FastThreadLocalRunnable.run(FastThreadLocalRunnable.java:30)
	at java.base/java.lang.Thread.run(Thread.java:833)
[2023-04-15 22:51:03,428]  - Enabled plugins: []
[2023-04-15 22:51:03,433]  - Disabled plugins: []
[2023-04-15 22:51:03,445]  - PF4J version 3.8.0 in 'deployment' mode
[2023-04-15 22:51:03,958]  - Plugin 'postgres-plugin@1.0-SNAPSHOT' resolved
[2023-04-15 22:51:03,958]  - Plugin 'saas-plugin@1.0-SNAPSHOT' resolved
[2023-04-15 22:51:03,958]  - Plugin 'snowflake-plugin@1.0-SNAPSHOT' resolved
[2023-04-15 22:51:03,959]  - Plugin 'elasticsearch-plugin@1.0-SNAPSHOT' resolved
[2023-04-15 22:51:03,959]  - Plugin 'mssql-plugin@1.0-SNAPSHOT' resolved
[2023-04-15 22:51:03,959]  - Plugin 'redshift-plugin@1.0-SNAPSHOT' resolved
[2023-04-15 22:51:03,959]  - Plugin 'google-sheets-plugin@1.0-SNAPSHOT' resolved
[2023-04-15 22:51:03,959]  - Plugin 'mongo-plugin@1.0-SNAPSHOT' resolved
[2023-04-15 22:51:03,959]  - Plugin 'js-plugin@1.0-SNAPSHOT' resolved
[2023-04-15 22:51:03,959]  - Plugin 'graphql-plugin@1.0-SNAPSHOT' resolved
[2023-04-15 22:51:03,959]  - Plugin 'smtp-plugin@1.0-SNAPSHOT' resolved
[2023-04-15 22:51:03,959]  - Plugin 'amazons3-plugin@1.0-SNAPSHOT' resolved
[2023-04-15 22:51:03,959]  - Plugin 'mysql-plugin@1.0-SNAPSHOT' resolved
[2023-04-15 22:51:03,960]  - Plugin 'dynamo-plugin@1.0-SNAPSHOT' resolved
[2023-04-15 22:51:03,960]  - Plugin 'arangodb-plugin@1.0-SNAPSHOT' resolved
[2023-04-15 22:51:03,960]  - Plugin 'restapi-plugin@1.0-SNAPSHOT' resolved
[2023-04-15 22:51:03,960]  - Plugin 'redis-plugin@1.0-SNAPSHOT' resolved
[2023-04-15 22:51:03,960]  - Plugin 'firestore-plugin@1.0-SNAPSHOT' resolved
[2023-04-15 22:51:03,960]  - Start plugin 'postgres-plugin@1.0-SNAPSHOT'
[2023-04-15 22:51:03,968]  - Start plugin 'saas-plugin@1.0-SNAPSHOT'
[2023-04-15 22:51:03,970]  - Start plugin 'snowflake-plugin@1.0-SNAPSHOT'
[2023-04-15 22:51:03,989]  - Start plugin 'elasticsearch-plugin@1.0-SNAPSHOT'
[2023-04-15 22:51:03,991]  - Start plugin 'mssql-plugin@1.0-SNAPSHOT'
[2023-04-15 22:51:03,995]  - Start plugin 'redshift-plugin@1.0-SNAPSHOT'
[2023-04-15 22:51:03,998]  - Start plugin 'google-sheets-plugin@1.0-SNAPSHOT'
[2023-04-15 22:51:04,110]  - Start plugin 'mongo-plugin@1.0-SNAPSHOT'
[2023-04-15 22:51:04,117]  - Start plugin 'js-plugin@1.0-SNAPSHOT'
[2023-04-15 22:51:04,119]  - Start plugin 'graphql-plugin@1.0-SNAPSHOT'
[2023-04-15 22:51:04,122]  - Start plugin 'smtp-plugin@1.0-SNAPSHOT'
[2023-04-15 22:51:04,124]  - Start plugin 'amazons3-plugin@1.0-SNAPSHOT'
[2023-04-15 22:51:04,133]  - Start plugin 'mysql-plugin@1.0-SNAPSHOT'
[2023-04-15 22:51:04,136]  - Start plugin 'dynamo-plugin@1.0-SNAPSHOT'
[2023-04-15 22:51:04,141]  - Start plugin 'arangodb-plugin@1.0-SNAPSHOT'
[2023-04-15 22:51:04,145]  - Start plugin 'restapi-plugin@1.0-SNAPSHOT'
[2023-04-15 22:51:04,148]  - Start plugin 'redis-plugin@1.0-SNAPSHOT'
[2023-04-15 22:51:04,149]  - Start plugin 'firestore-plugin@1.0-SNAPSHOT'
[2023-04-15 22:51:07,358]  - Exception in monitor thread while connecting to server localhost:27017
com.mongodb.MongoSocketOpenException: Exception opening socket
	at com.mongodb.connection.netty.NettyStream$OpenChannelFutureListener.operationComplete(NettyStream.java:520)
	at com.mongodb.connection.netty.NettyStream$OpenChannelFutureListener.operationComplete(NettyStream.java:488)
	at io.netty.util.concurrent.DefaultPromise.notifyListener0(DefaultPromise.java:590)
	at io.netty.util.concurrent.DefaultPromise.notifyListeners0(DefaultPromise.java:583)
	at io.netty.util.concurrent.DefaultPromise.notifyListenersNow(DefaultPromise.java:559)
	at io.netty.util.concurrent.DefaultPromise.notifyListeners(DefaultPromise.java:492)
	at io.netty.util.concurrent.DefaultPromise.setValue0(DefaultPromise.java:636)
	at io.netty.util.concurrent.DefaultPromise.setFailure0(DefaultPromise.java:629)
	at io.netty.util.concurrent.DefaultPromise.tryFailure(DefaultPromise.java:118)
	at io.netty.channel.nio.AbstractNioChannel$AbstractNioUnsafe.fulfillConnectPromise(AbstractNioChannel.java:321)
	at io.netty.channel.nio.AbstractNioChannel$AbstractNioUnsafe.finishConnect(AbstractNioChannel.java:337)
	at io.netty.channel.nio.NioEventLoop.processSelectedKey(NioEventLoop.java:776)
	at io.netty.channel.nio.NioEventLoop.processSelectedKeysOptimized(NioEventLoop.java:724)
	at io.netty.channel.nio.NioEventLoop.processSelectedKeys(NioEventLoop.java:650)
	at io.netty.channel.nio.NioEventLoop.run(NioEventLoop.java:562)
	at io.netty.util.concurrent.SingleThreadEventExecutor$4.run(SingleThreadEventExecutor.java:997)
	at io.netty.util.internal.ThreadExecutorMap$2.run(ThreadExecutorMap.java:74)
	at io.netty.util.concurrent.FastThreadLocalRunnable.run(FastThreadLocalRunnable.java:30)
	at java.base/java.lang.Thread.run(Thread.java:833)
Caused by: io.netty.channel.AbstractChannel$AnnotatedConnectException: Connection refused: localhost/127.0.0.1:27017
Caused by: java.net.ConnectException: Connection refused
	at java.base/sun.nio.ch.Net.pollConnect(Native Method)
	at java.base/sun.nio.ch.Net.pollConnectNow(Net.java:672)
	at java.base/sun.nio.ch.SocketChannelImpl.finishConnect(SocketChannelImpl.java:946)
	at io.netty.channel.socket.nio.NioSocketChannel.doFinishConnect(NioSocketChannel.java:337)
	at io.netty.channel.nio.AbstractNioChannel$AbstractNioUnsafe.finishConnect(AbstractNioChannel.java:334)
	at io.netty.channel.nio.NioEventLoop.processSelectedKey(NioEventLoop.java:776)
	at io.netty.channel.nio.NioEventLoop.processSelectedKeysOptimized(NioEventLoop.java:724)
	at io.netty.channel.nio.NioEventLoop.processSelectedKeys(NioEventLoop.java:650)
	at io.netty.channel.nio.NioEventLoop.run(NioEventLoop.java:562)
	at io.netty.util.concurrent.SingleThreadEventExecutor$4.run(SingleThreadEventExecutor.java:997)
	at io.netty.util.internal.ThreadExecutorMap$2.run(ThreadExecutorMap.java:74)
	at io.netty.util.concurrent.FastThreadLocalRunnable.run(FastThreadLocalRunnable.java:30)
	at java.base/java.lang.Thread.run(Thread.java:833)
[2023-04-15 22:51:07,364]  - MongoClient with metadata {"driver": {"name": "mongo-java-driver|sync|spring-boot", "version": "4.8.1"}, "os": {"type": "Linux", "name": "Linux", "architecture": "amd64", "version": "5.15.90.1-microsoft-standard-WSL2"}, "platform": "Java/Eclipse Adoptium/17.0.6+10"} created with settings MongoClientSettings{readPreference=primary, writeConcern=WriteConcern{w=null, wTimeout=null ms, journal=null}, retryWrites=true, retryReads=true, readConcern=ReadConcern{level=null}, credential=MongoCredential{mechanism=null, userName='appsmith', source='appsmith', password=<hidden>, mechanismProperties=<hidden>}, streamFactoryFactory=NettyStreamFactoryFactory{eventLoopGroup=io.netty.channel.nio.NioEventLoopGroup@b55f5b7, socketChannelClass=class io.netty.channel.socket.nio.NioSocketChannel, allocator=PooledByteBufAllocator(directByDefault: true), sslContext=null}, commandListeners=[io.micrometer.core.instrument.binder.mongodb.MongoMetricsCommandListener@58a2b4c], codecRegistry=ProvidersCodecRegistry{codecProviders=[ValueCodecProvider{}, BsonValueCodecProvider{}, DBRefCodecProvider{}, DBObjectCodecProvider{}, DocumentCodecProvider{}, CollectionCodecProvider{}, IterableCodecProvider{}, MapCodecProvider{}, GeoJsonCodecProvider{}, GridFSFileCodecProvider{}, Jsr310CodecProvider{}, JsonObjectCodecProvider{}, BsonCodecProvider{}, EnumCodecProvider{}, com.mongodb.Jep395RecordCodecProvider@7808f638]}, clusterSettings={hosts=[localhost:27017], srvServiceName=mongodb, mode=SINGLE, requiredClusterType=UNKNOWN, requiredReplicaSetName='null', serverSelector='null', clusterListeners='[]', serverSelectionTimeout='30000 ms', localThreshold='30000 ms'}, socketSettings=SocketSettings{connectTimeoutMS=10000, readTimeoutMS=0, receiveBufferSize=0, sendBufferSize=0}, heartbeatSocketSettings=SocketSettings{connectTimeoutMS=10000, readTimeoutMS=10000, receiveBufferSize=0, sendBufferSize=0}, connectionPoolSettings=ConnectionPoolSettings{maxSize=100, minSize=0, maxWaitTimeMS=120000, maxConnectionLifeTimeMS=0, maxConnectionIdleTimeMS=0, maintenanceInitialDelayMS=0, maintenanceFrequencyMS=60000, connectionPoolListeners=[io.micrometer.core.instrument.binder.mongodb.MongoMetricsConnectionPoolListener@15e0fe05], maxConnecting=2}, serverSettings=ServerSettings{heartbeatFrequencyMS=10000, minHeartbeatFrequencyMS=500, serverListeners='[]', serverMonitorListeners='[]'}, sslSettings=SslSettings{enabled=false, invalidHostNameAllowed=false, context=null}, applicationName='null', compressorList=[], uuidRepresentation=JAVA_LEGACY, serverApi=null, autoEncryptionSettings=null, contextProvider=null}
[2023-04-15 22:51:07,544]  - Mongock runner COMMUNITY version[5.1.6]
[2023-04-15 22:51:07,544]  - Running Mongock with NO metadata
[2023-04-15 22:51:07,544]  - Property transaction-enabled not provided. It will become true as default in next versions. Set explicit value to false in case transaction are not desired.
[2023-04-15 22:51:07,544]  - Property transaction-enabled not provided and is unknown if driver is transactionable. BY DEFAULT MONGOCK WILL RUN IN NO-TRANSACTION MODE.
[2023-04-15 22:51:07,684]  - Reflections took 106 ms to scan 1 urls, producing 3 keys and 10 values
[2023-04-15 22:51:07,740]  - Reflections took 28 ms to scan 1 urls, producing 3 keys and 10 values
[2023-04-15 22:51:07,847]  - Cluster description not yet available. Waiting for 30000 ms before timing out
[2023-04-15 22:51:08,973]  - Monitor thread successfully connected to server with description ServerDescription{address=localhost:27017, type=REPLICA_SET_PRIMARY, state=CONNECTED, ok=true, minWireVersion=0, maxWireVersion=13, maxDocumentSize=16777216, logicalSessionTimeoutMinutes=30, roundTripTimeNanos=74056391, setName='mr1', canonicalAddress=localhost:27017, hosts=[localhost:27017], passives=[], arbiters=[], primary='localhost:27017', tagSet=TagSet{[]}, electionId=7fffffff0000000000000002, setVersion=1, topologyVersion=TopologyVersion{processId=643b2a48268d5bd1d7eea114, counter=6}, lastWriteDate=Sat Apr 15 22:51:08 UTC 2023, lastUpdateTimeNanos=32443091748311}
[2023-04-15 22:51:09,610]  - Mongock trying to acquire the lock
[2023-04-15 22:51:09,658]  - Mongock acquired the lock until: Sat Apr 15 22:52:09 UTC 2023
[2023-04-15 22:51:09,659]  - Starting mongock lock daemon...
[2023-04-15 22:51:09,665]  - Mongock starting the data migration sequence id[2023-04-15T22:51:07.540204545-672]...
[2023-04-15 22:51:09,775]  - method[initializeSchemaVersion] with arguments: [org.springframework.data.mongodb.core.MongoTemplate]
[2023-04-15 22:51:10,010]  - Monitor thread successfully connected to server with description ServerDescription{address=localhost:27017, type=REPLICA_SET_PRIMARY, state=CONNECTED, ok=true, minWireVersion=0, maxWireVersion=13, maxDocumentSize=16777216, logicalSessionTimeoutMinutes=30, roundTripTimeNanos=10196540, setName='mr1', canonicalAddress=localhost:27017, hosts=[localhost:27017], passives=[], arbiters=[], primary='localhost:27017', tagSet=TagSet{[]}, electionId=7fffffff0000000000000002, setVersion=1, topologyVersion=TopologyVersion{processId=643b2a48268d5bd1d7eea114, counter=6}, lastWriteDate=Sat Apr 15 22:51:09 UTC 2023, lastUpdateTimeNanos=32444151982773}
[2023-04-15 22:51:10,024]  - APPLIED - {"id"="initialize-schema-version", "type"="execution", "author"="", "class"="DatabaseChangelog0", "method"="initializeSchemaVersion"}
[2023-04-15 22:51:10,036]  - method[initialPlugins] with arguments: [org.springframework.data.mongodb.core.MongoTemplate]
[2023-04-15 22:51:10,115]  - APPLIED - {"id"="initial-plugins", "type"="execution", "author"="", "class"="DatabaseChangelog1", "method"="initialPlugins"}
[2023-04-15 22:51:10,123]  - method[removeOrgNameIndex] with arguments: [org.springframework.data.mongodb.core.MongoTemplate]
[2023-04-15 22:51:10,140]  - APPLIED - {"id"="remove-org-name-index", "type"="execution", "author"="", "class"="DatabaseChangelog1", "method"="removeOrgNameIndex"}
[2023-04-15 22:51:10,147]  - method[addInitialIndexes] with arguments: [org.springframework.data.mongodb.core.MongoTemplate]
[2023-04-15 22:51:11,792]  - APPLIED - {"id"="initial-indexes", "type"="execution", "author"="", "class"="DatabaseChangelog1", "method"="addInitialIndexes"}
[2023-04-15 22:51:11,803]  - method[addApplicationDeletedAtFieldAndIndex] with arguments: [org.springframework.data.mongodb.core.MongoTemplate]
[2023-04-15 22:51:11,857]  - APPLIED - {"id"="application-deleted-at", "type"="execution", "author"="", "class"="DatabaseChangelog1", "method"="addApplicationDeletedAtFieldAndIndex"}
[2023-04-15 22:51:11,867]  - method[hideRapidApiPluginFromCreateDatasource] with arguments: [org.springframework.data.mongodb.core.MongoTemplate]
[2023-04-15 22:51:11,923]  - APPLIED - {"id"="hide-rapidapi-plugin", "type"="execution", "author"="", "class"="DatabaseChangelog1", "method"="hideRapidApiPluginFromCreateDatasource"}
[2023-04-15 22:51:11,930]  - method[addDatasourceDeletedAtFieldAndIndex] with arguments: [org.springframework.data.mongodb.core.MongoTemplate]
[2023-04-15 22:51:11,971]  - APPLIED - {"id"="datasource-deleted-at", "type"="execution", "author"="", "class"="DatabaseChangelog1", "method"="addDatasourceDeletedAtFieldAndIndex"}
[2023-04-15 22:51:11,979]  - method[addPageDeletedAtFieldAndIndex] with arguments: [org.springframework.data.mongodb.core.MongoTemplate]
[2023-04-15 22:51:12,035]  - APPLIED - {"id"="page-deleted-at", "type"="execution", "author"="", "class"="DatabaseChangelog1", "method"="addPageDeletedAtFieldAndIndex"}
[2023-04-15 22:51:12,049]  - method[setFriendlyPluginNames] with arguments: [org.springframework.data.mongodb.core.MongoTemplate]
[2023-04-15 22:51:12,086]  - APPLIED - {"id"="friendly-plugin-names", "type"="execution", "author"="", "class"="DatabaseChangelog1", "method"="setFriendlyPluginNames"}
[2023-04-15 22:51:12,092]  - method[addDeleteDatasourcePermToExistingGroups] with arguments: [org.springframework.data.mongodb.core.MongoTemplate]
[2023-04-15 22:51:12,095]  - APPLIED - {"id"="add-delete-datasource-perm-existing-groups", "type"="execution", "author"="", "class"="DatabaseChangelog1", "method"="addDeleteDatasourcePermToExistingGroups"}
[2023-04-15 22:51:12,101]  - method[installDefaultPluginsToAllOrganizations] with arguments: [org.springframework.data.mongodb.core.MongoTemplate]
[2023-04-15 22:51:12,118]  - APPLIED - {"id"="install-default-plugins-to-all-organizations", "type"="execution", "author"="", "class"="DatabaseChangelog1", "method"="installDefaultPluginsToAllOrganizations"}
[2023-04-15 22:51:12,124]  - method[ensureDatasourceCreatedAndUpdatedAt] with arguments: [org.springframework.data.mongodb.core.MongoTemplate]
[2023-04-15 22:51:12,134]  - APPLIED - {"id"="ensure-datasource-created-and-updated-at-fields", "type"="execution", "author"="", "class"="DatabaseChangelog1", "method"="ensureDatasourceCreatedAndUpdatedAt"}
[2023-04-15 22:51:12,139]  - method[addIndexForSequenceName] with arguments: [org.springframework.data.mongodb.core.MongoTemplate]
[2023-04-15 22:51:12,211]  - APPLIED - {"id"="add-index-for-sequence-name", "type"="execution", "author"="", "class"="DatabaseChangelog1", "method"="addIndexForSequenceName"}
[2023-04-15 22:51:12,218]  - method[setInitialSequenceForDatasource] with arguments: [org.springframework.data.mongodb.core.MongoTemplate]
[2023-04-15 22:51:12,251]  - APPLIED - {"id"="set-initial-sequence-for-datasource", "type"="execution", "author"="", "class"="DatabaseChangelog1", "method"="setInitialSequenceForDatasource"}
[2023-04-15 22:51:12,260]  - method[setPluginImageAndDocsLink] with arguments: [org.springframework.data.mongodb.core.MongoTemplate]
[2023-04-15 22:51:12,294]  - APPLIED - {"id"="set-plugin-image-and-docs-link", "type"="execution", "author"="", "class"="DatabaseChangelog1", "method"="setPluginImageAndDocsLink"}
[2023-04-15 22:51:12,300]  - method[fixDoubleEscapes] with arguments: [org.springframework.data.mongodb.core.MongoTemplate]
[2023-04-15 22:51:12,305]  - APPLIED - {"id"="fix-double-escapes", "type"="execution", "author"="", "class"="DatabaseChangelog1", "method"="fixDoubleEscapes"}
[2023-04-15 22:51:12,314]  - method[encryptPassword] with arguments: [org.springframework.data.mongodb.core.MongoTemplate, com.appsmith.external.services.EncryptionService]
[2023-04-15 22:51:12,318]  - APPLIED - {"id"="encrypt-password", "type"="execution", "author"="", "class"="DatabaseChangelog1", "method"="encryptPassword"}
[2023-04-15 22:51:12,324]  - method[mysqlPlugin] with arguments: [org.springframework.data.mongodb.core.MongoTemplate]
[2023-04-15 22:51:12,358]  - APPLIED - {"id"="install-mysql-plugins", "type"="execution", "author"="", "class"="DatabaseChangelog1", "method"="mysqlPlugin"}
[2023-04-15 22:51:12,363]  - method[updateDatabaseDocumentationLinks] with arguments: [org.springframework.data.mongodb.core.MongoTemplate]
[2023-04-15 22:51:12,382]  - APPLIED - {"id"="update-database-documentation-links", "type"="execution", "author"="", "class"="DatabaseChangelog1", "method"="updateDatabaseDocumentationLinks"}
[2023-04-15 22:51:12,389]  - method[giveExecutePermissionToReadActionUsers] with arguments: [org.springframework.data.mongodb.core.MongoTemplate]
[2023-04-15 22:51:12,393]  - APPLIED - {"id"="execute-action-for-read-action", "type"="execution", "author"="", "class"="DatabaseChangelog1", "method"="giveExecutePermissionToReadActionUsers"}
[2023-04-15 22:51:12,399]  - method[giveInvitePermissionToOrganizationsAndPublicPermissionsToApplications] with arguments: [org.springframework.data.mongodb.core.MongoTemplate]
[2023-04-15 22:51:12,403]  - APPLIED - {"id"="invite-and-public-permissions", "type"="execution", "author"="", "class"="DatabaseChangelog1", "method"="giveInvitePermissionToOrganizationsAndPublicPermissionsToApplications"}
[2023-04-15 22:51:12,409]  - method[generateUniqueIdForInstance] with arguments: [org.springframework.data.mongodb.core.MongoTemplate]
[2023-04-15 22:51:12,430]  - APPLIED - {"id"="generate-unique-id-for-instance", "type"="execution", "author"="", "class"="DatabaseChangelog1", "method"="generateUniqueIdForInstance"}
[2023-04-15 22:51:12,437]  - method[fixTokenExpiration] with arguments: [org.springframework.data.mongodb.core.MongoTemplate]
[2023-04-15 22:51:12,506]  - APPLIED - {"id"="fix-password-reset-token-expiration", "type"="execution", "author"="", "class"="DatabaseChangelog1", "method"="fixTokenExpiration"}
[2023-04-15 22:51:12,512]  - method[addElasticSearchPlugin] with arguments: [org.springframework.data.mongodb.core.MongoTemplate]
[2023-04-15 22:51:12,524]  - APPLIED - {"id"="add-elastic-search-plugin", "type"="execution", "author"="", "class"="DatabaseChangelog1", "method"="addElasticSearchPlugin"}
[2023-04-15 22:51:12,530]  - method[addDynamoPlugin] with arguments: [org.springframework.data.mongodb.core.MongoTemplate]
[2023-04-15 22:51:12,541]  - APPLIED - {"id"="add-dynamo-plugin", "type"="execution", "author"="", "class"="DatabaseChangelog1", "method"="addDynamoPlugin"}
[2023-04-15 22:51:12,547]  - method[usePngLogos] with arguments: [org.springframework.data.mongodb.core.MongoTemplate]
[2023-04-15 22:51:12,561]  - APPLIED - {"id"="use-png-logos", "type"="execution", "author"="", "class"="DatabaseChangelog1", "method"="usePngLogos"}
[2023-04-15 22:51:12,567]  - method[addRedisPlugin] with arguments: [org.springframework.data.mongodb.core.MongoTemplate]
[2023-04-15 22:51:12,579]  - APPLIED - {"id"="add-redis-plugin", "type"="execution", "author"="", "class"="DatabaseChangelog1", "method"="addRedisPlugin"}
[2023-04-15 22:51:12,584]  - method[addMsSqlPlugin] with arguments: [org.springframework.data.mongodb.core.MongoTemplate]
[2023-04-15 22:51:12,596]  - APPLIED - {"id"="add-msSql-plugin", "type"="execution", "author"="", "class"="DatabaseChangelog1", "method"="addMsSqlPlugin"}
[2023-04-15 22:51:12,603]  - method[addNewPageIndexAfterDroppingNewPage] with arguments: [org.springframework.data.mongodb.core.MongoTemplate]
[2023-04-15 22:51:12,697]  - APPLIED - {"id"="createNewPageIndexAfterDroppingNewPage", "type"="execution", "author"="", "class"="DatabaseChangelog1", "method"="addNewPageIndexAfterDroppingNewPage"}
[2023-04-15 22:51:12,712]  - method[addNewActionIndexAfterDroppingNewAction] with arguments: [org.springframework.data.mongodb.core.MongoTemplate]
[2023-04-15 22:51:12,782]  - APPLIED - {"id"="createNewActionIndexAfterDroppingNewAction", "type"="execution", "author"="", "class"="DatabaseChangelog1", "method"="addNewActionIndexAfterDroppingNewAction"}
[2023-04-15 22:51:12,788]  - method[migratePage] with arguments: [org.springframework.data.mongodb.core.MongoTemplate]
[2023-04-15 22:51:12,797]  - APPLIED - {"id"="migrate-page-and-actions", "type"="execution", "author"="", "class"="DatabaseChangelog1", "method"="migratePage"}
[2023-04-15 22:51:12,803]  - method[addNewPageAndNewActionNewIndexes] with arguments: [org.springframework.data.mongodb.core.MongoTemplate]
[2023-04-15 22:51:12,875]  - APPLIED - {"id"="new-page-new-action-add-indexes", "type"="execution", "author"="", "class"="DatabaseChangelog1", "method"="addNewPageAndNewActionNewIndexes"}
[2023-04-15 22:51:12,881]  - method[addNewActionIndexForPageId] with arguments: [org.springframework.data.mongodb.core.MongoTemplate]
[2023-04-15 22:51:12,914]  - APPLIED - {"id"="new-action-add-index-pageId", "type"="execution", "author"="", "class"="DatabaseChangelog1", "method"="addNewActionIndexForPageId"}
[2023-04-15 22:51:12,919]  - method[updateActionIndexToSingleMultipleIndices] with arguments: [org.springframework.data.mongodb.core.MongoTemplate]
[2023-04-15 22:51:13,008]  - APPLIED - {"id"="update-action-index-to-single-multiple-indices", "type"="execution", "author"="", "class"="DatabaseChangelog1", "method"="updateActionIndexToSingleMultipleIndices"}
[2023-04-15 22:51:13,012]  - method[addFirestorePlugin] with arguments: [org.springframework.data.mongodb.core.MongoTemplate]
[2023-04-15 22:51:13,022]  - APPLIED - {"id"="add-firestore-plugin", "type"="execution", "author"="", "class"="DatabaseChangelog1", "method"="addFirestorePlugin"}
[2023-04-15 22:51:13,027]  - method[ensureAppIconsAndColors] with arguments: [org.springframework.data.mongodb.core.MongoTemplate]
[2023-04-15 22:51:13,042]  - APPLIED - {"id"="ensure-app-icons-and-colors", "type"="execution", "author"="", "class"="DatabaseChangelog1", "method"="ensureAppIconsAndColors"}
[2023-04-15 22:51:13,047]  - method[updateAuthenticationTypes] with arguments: [org.springframework.data.mongodb.core.MongoTemplate]
[2023-04-15 22:51:13,058]  - APPLIED - {"id"="update-authentication-type", "type"="execution", "author"="", "class"="DatabaseChangelog1", "method"="updateAuthenticationTypes"}
[2023-04-15 22:51:13,063]  - method[addIsSendSessionEnabledPropertyInDatasources] with arguments: [org.springframework.data.mongodb.core.MongoTemplate]
[2023-04-15 22:51:13,071]  - APPLIED - {"id"="add-isSendSessionEnabled-key-for-datasources", "type"="execution", "author"="", "class"="DatabaseChangelog1", "method"="addIsSendSessionEnabledPropertyInDatasources"}
[2023-04-15 22:51:13,076]  - method[addRedshiftPlugin] with arguments: [org.springframework.data.mongodb.core.MongoTemplate]
[2023-04-15 22:51:13,087]  - APPLIED - {"id"="add-redshift-plugin", "type"="execution", "author"="", "class"="DatabaseChangelog1", "method"="addRedshiftPlugin"}
[2023-04-15 22:51:13,093]  - method[clearUserDataCollection] with arguments: [org.springframework.data.mongodb.core.MongoTemplate]
[2023-04-15 22:51:13,100]  - APPLIED - {"id"="clear-userdata-collection", "type"="execution", "author"="", "class"="DatabaseChangelog1", "method"="clearUserDataCollection"}
[2023-04-15 22:51:13,105]  - method[updateDatabaseDocumentationLinks_v1_2_1] with arguments: [org.springframework.data.mongodb.core.MongoTemplate]
[2023-04-15 22:51:13,154]  - APPLIED - {"id"="update-database-documentation-links-v1-2-1", "type"="execution", "author"="", "class"="DatabaseChangelog1", "method"="updateDatabaseDocumentationLinks_v1_2_1"}
[2023-04-15 22:51:13,161]  - method[addAmazonS3Plugin] with arguments: [org.springframework.data.mongodb.core.MongoTemplate]
[2023-04-15 22:51:13,172]  - APPLIED - {"id"="add-amazons3-plugin", "type"="execution", "author"="", "class"="DatabaseChangelog1", "method"="addAmazonS3Plugin"}
[2023-04-15 22:51:13,179]  - method[addAppViewerInvitePolicy] with arguments: [org.springframework.data.mongodb.core.MongoTemplate]
[2023-04-15 22:51:13,188]  - APPLIED - {"id"="add-app-viewer-invite-policy", "type"="execution", "author"="", "class"="DatabaseChangelog1", "method"="addAppViewerInvitePolicy"}
[2023-04-15 22:51:13,195]  - method[updatePluginDatasourceFormComponents] with arguments: [org.springframework.data.mongodb.core.MongoTemplate]
[2023-04-15 22:51:13,289]  - APPLIED - {"id"="update-plugin-datasource-form-components", "type"="execution", "author"="", "class"="DatabaseChangelog1", "method"="updatePluginDatasourceFormComponents"}
[2023-04-15 22:51:13,295]  - method[updateEncodeParamsToggle] with arguments: [org.springframework.data.mongodb.core.MongoTemplate]
[2023-04-15 22:51:13,298]  - APPLIED - {"id"="update-database-encode-params-toggle", "type"="execution", "author"="", "class"="DatabaseChangelog1", "method"="updateEncodeParamsToggle"}
[2023-04-15 22:51:13,303]  - method[updatePostgresActionsSetPreparedStatementConfiguration] with arguments: [org.springframework.data.mongodb.core.MongoTemplate]
[2023-04-15 22:51:13,326]  - APPLIED - {"id"="update-postgres-plugin-preparedStatement-config", "type"="execution", "author"="", "class"="DatabaseChangelog1", "method"="updatePostgresActionsSetPreparedStatementConfiguration"}
[2023-04-15 22:51:13,331]  - method[fixDynamicBindingPathListForExistingActions] with arguments: [org.springframework.data.mongodb.core.MongoTemplate]
[2023-04-15 22:51:13,333]  - APPLIED - {"id"="fix-dynamicBindingPathListForActions", "type"="execution", "author"="", "class"="DatabaseChangelog1", "method"="fixDynamicBindingPathListForExistingActions"}
[2023-04-15 22:51:13,338]  - method[updateActionConfigurationTimeout] with arguments: [org.springframework.data.mongodb.core.MongoTemplate]
[2023-04-15 22:51:13,341]  - APPLIED - {"id"="update-database-action-configuration-timeout", "type"="execution", "author"="", "class"="DatabaseChangelog1", "method"="updateActionConfigurationTimeout"}
[2023-04-15 22:51:13,347]  - method[updateS3DatasourceConfigurationAndLabel] with arguments: [org.springframework.data.mongodb.core.MongoTemplate]
[2023-04-15 22:51:13,363]  - APPLIED - {"id"="update-s3-datasource-configuration-and-label", "type"="execution", "author"="", "class"="DatabaseChangelog1", "method"="updateS3DatasourceConfigurationAndLabel"}
[2023-04-15 22:51:13,380]  - method[changeAppLayoutTypeDefinition] with arguments: [org.springframework.data.mongodb.core.MongoOperations]
[2023-04-15 22:51:13,391]  - Could not map 'Application.appLayout'; Maybe a fragment in 'AppLayout' is considered a simple type; Mapper continues with appLayout
[2023-04-15 22:51:13,393]  - Could not map 'Application.appLayout'; Maybe a fragment in 'AppLayout' is considered a simple type; Mapper continues with appLayout
[2023-04-15 22:51:13,408]  - APPLIED - {"id"="change-applayout-type-definition", "type"="execution", "author"="", "class"="DatabaseChangelog1", "method"="changeAppLayoutTypeDefinition"}
[2023-04-15 22:51:13,414]  - method[updateMysqlPostgresMongoSslMode] with arguments: [org.springframework.data.mongodb.core.MongoTemplate]
[2023-04-15 22:51:13,436]  - APPLIED - {"id"="update-mysql-postgres-mongo-ssl-mode", "type"="execution", "author"="", "class"="DatabaseChangelog1", "method"="updateMysqlPostgresMongoSslMode"}
[2023-04-15 22:51:13,441]  - method[addCommentingPermissions] with arguments: [org.springframework.data.mongodb.core.MongoTemplate]
[2023-04-15 22:51:13,444]  - APPLIED - {"id"="add-commenting-permissions", "type"="execution", "author"="", "class"="DatabaseChangelog1", "method"="addCommentingPermissions"}
[2023-04-15 22:51:13,449]  - method[addGoogleSheetsPlugin] with arguments: [org.springframework.data.mongodb.core.MongoTemplate]
[2023-04-15 22:51:13,461]  - APPLIED - {"id"="add-google-sheets-plugin", "type"="execution", "author"="", "class"="DatabaseChangelog1", "method"="addGoogleSheetsPlugin"}
[2023-04-15 22:51:13,467]  - method[markInstanceAsUnregistered] with arguments: [org.springframework.data.mongodb.core.MongoTemplate]
[2023-04-15 22:51:13,474]  - APPLIED - {"id"="mark-instance-unregistered", "type"="execution", "author"="", "class"="DatabaseChangelog1", "method"="markInstanceAsUnregistered"}
[2023-04-15 22:51:13,479]  - method[createEntryInSequencePerOrganizationForDatasource] with arguments: [org.springframework.data.mongodb.core.MongoTemplate]
[2023-04-15 22:51:13,485]  - APPLIED - {"id"="create-entry-in-sequence-per-organization-for-datasource", "type"="execution", "author"="", "class"="DatabaseChangelog1", "method"="createEntryInSequencePerOrganizationForDatasource"}
[2023-04-15 22:51:13,491]  - method[migrateSmartSubstitutionDataTypeBoolean] with arguments: [org.springframework.data.mongodb.core.MongoTemplate, org.springframework.data.mongodb.core.MongoOperations]
[2023-04-15 22:51:13,525]  - APPLIED - {"id"="migrate-smartSubstitution-dataType", "type"="execution", "author"="", "class"="DatabaseChangelog1", "method"="migrateSmartSubstitutionDataTypeBoolean"}
[2023-04-15 22:51:13,531]  - method[updateMongoImportFromSrvField] with arguments: [org.springframework.data.mongodb.core.MongoTemplate]
[2023-04-15 22:51:13,538]  - APPLIED - {"id"="update-mongo-import-from-srv-field", "type"="execution", "author"="", "class"="DatabaseChangelog1", "method"="updateMongoImportFromSrvField"}
[2023-04-15 22:51:13,544]  - method[deleteMongoDatasourceStructures] with arguments: [org.springframework.data.mongodb.core.MongoTemplate, org.springframework.data.mongodb.core.MongoOperations]
[2023-04-15 22:51:13,556]  - APPLIED - {"id"="delete-mongo-datasource-structures", "type"="execution", "author"="", "class"="DatabaseChangelog1", "method"="deleteMongoDatasourceStructures"}
[2023-04-15 22:51:13,560]  - method[setMongoActionInputToRaw] with arguments: [org.springframework.data.mongodb.core.MongoTemplate]
[2023-04-15 22:51:13,567]  - APPLIED - {"id"="set-mongo-actions-type-to-raw", "type"="execution", "author"="", "class"="DatabaseChangelog1", "method"="setMongoActionInputToRaw"}
[2023-04-15 22:51:13,571]  - method[updateFirestoreWhereConditionsData] with arguments: [org.springframework.data.mongodb.core.MongoTemplate]
[2023-04-15 22:51:13,581]  - APPLIED - {"id"="update-firestore-where-conditions-data", "type"="execution", "author"="", "class"="DatabaseChangelog1", "method"="updateFirestoreWhereConditionsData"}
[2023-04-15 22:51:13,585]  - method[addApplicationExportPermissions] with arguments: [org.springframework.data.mongodb.core.MongoTemplate]
[2023-04-15 22:51:13,589]  - APPLIED - {"id"="add-application-export-permissions", "type"="execution", "author"="", "class"="DatabaseChangelog1", "method"="addApplicationExportPermissions"}
[2023-04-15 22:51:13,593]  - method[addSnowflakePlugin] with arguments: [org.springframework.data.mongodb.core.MongoTemplate]
[2023-04-15 22:51:13,603]  - APPLIED - {"id"="add-snowflake-plugin", "type"="execution", "author"="", "class"="DatabaseChangelog1", "method"="addSnowflakePlugin"}
[2023-04-15 22:51:13,609]  - method[migrateUpdateOneToUpdateManyMongoFormCommand] with arguments: [org.springframework.data.mongodb.core.MongoTemplate]
[2023-04-15 22:51:13,615]  - APPLIED - {"id"="mongo-form-merge-update-commands", "type"="execution", "author"="", "class"="DatabaseChangelog1", "method"="migrateUpdateOneToUpdateManyMongoFormCommand"}
[2023-04-15 22:51:13,621]  - method[ensureUserCreatedAndUpdatedAt] with arguments: [org.springframework.data.mongodb.core.MongoTemplate]
[2023-04-15 22:51:13,628]  - APPLIED - {"id"="ensure-user-created-and-updated-at-fields", "type"="execution", "author"="", "class"="DatabaseChangelog1", "method"="ensureUserCreatedAndUpdatedAt"}
[2023-04-15 22:51:13,633]  - method[addOrderToAllPagesOfApplication] with arguments: [org.springframework.data.mongodb.core.MongoTemplate]
[2023-04-15 22:51:13,636]  - APPLIED - {"id"="add-and-update-order-for-all-pages", "type"="execution", "author"="", "class"="DatabaseChangelog1", "method"="addOrderToAllPagesOfApplication"}
[2023-04-15 22:51:13,642]  - method[migrateRawInputTypeToRawCommand] with arguments: [org.springframework.data.mongodb.core.MongoTemplate]
[2023-04-15 22:51:13,649]  - APPLIED - {"id"="mongo-form-migrate-raw", "type"="execution", "author"="", "class"="DatabaseChangelog1", "method"="migrateRawInputTypeToRawCommand"}
[2023-04-15 22:51:13,655]  - method[addArangoDBPlugin] with arguments: [org.springframework.data.mongodb.core.MongoTemplate]
[2023-04-15 22:51:13,667]  - APPLIED - {"id"="add-arangodb-plugin", "type"="execution", "author"="", "class"="DatabaseChangelog1", "method"="addArangoDBPlugin"}
[2023-04-15 22:51:13,673]  - method[setSvgLogoToPluginIcons] with arguments: [org.springframework.data.mongodb.core.MongoTemplate]
[2023-04-15 22:51:13,774]  - APPLIED - {"id"="set-svg-logo-to-plugins", "type"="execution", "author"="", "class"="DatabaseChangelog1", "method"="setSvgLogoToPluginIcons"}
[2023-04-15 22:51:13,780]  - method[removePageOrderFieldFromApplicationPages] with arguments: [org.springframework.data.mongodb.core.MongoTemplate]
[2023-04-15 22:51:13,793]  - APPLIED - {"id"="remove-order-field-from-application- pages", "type"="execution", "author"="", "class"="DatabaseChangelog1", "method"="removePageOrderFieldFromApplicationPages"}
[2023-04-15 22:51:13,799]  - method[createPluginReferenceForGenerateCRUDPage] with arguments: [org.springframework.data.mongodb.core.MongoTemplate]
[2023-04-15 22:51:13,874]  - APPLIED - {"id"="create-plugin-reference-for-genarate-CRUD-page", "type"="execution", "author"="", "class"="DatabaseChangelog1", "method"="createPluginReferenceForGenerateCRUDPage"}
[2023-04-15 22:51:13,880]  - method[encryptCertificateAndPassword] with arguments: [org.springframework.data.mongodb.core.MongoTemplate, com.appsmith.external.services.EncryptionService]
[2023-04-15 22:51:13,886]  - APPLIED - {"id"="encrypt-certificate", "type"="execution", "author"="", "class"="DatabaseChangelog1", "method"="encryptCertificateAndPassword"}
[2023-04-15 22:51:13,892]  - method[createPluginReferenceForS3AndGSheetGenerateCRUDPage] with arguments: [org.springframework.data.mongodb.core.MongoTemplate]
[2023-04-15 22:51:13,962]  - APPLIED - {"id"="create-plugin-reference-for-S3-GSheet-genarate-CRUD-page", "type"="execution", "author"="", "class"="DatabaseChangelog1", "method"="createPluginReferenceForS3AndGSheetGenerateCRUDPage"}
[2023-04-15 22:51:13,968]  - method[addApplicationGitMetadataFieldAndIndex] with arguments: [org.springframework.data.mongodb.core.MongoTemplate]
[2023-04-15 22:51:14,017]  - APPLIED - {"id"="application-git-metadata", "type"="execution", "author"="", "class"="DatabaseChangelog1", "method"="addApplicationGitMetadataFieldAndIndex"}
[2023-04-15 22:51:14,022]  - method[addJSPlugin] with arguments: [org.springframework.data.mongodb.core.MongoTemplate]
[2023-04-15 22:51:14,031]  - APPLIED - {"id"="add-js-plugin", "type"="execution", "author"="", "class"="DatabaseChangelog1", "method"="addJSPlugin"}
[2023-04-15 22:51:14,036]  - method[updateGoogleSheetActionsSetSmartSubstitutionConfiguration] with arguments: [org.springframework.data.mongodb.core.MongoTemplate]
[2023-04-15 22:51:14,053]  - APPLIED - {"id"="update-google-sheet-plugin-smartSubstitution-config", "type"="execution", "author"="", "class"="DatabaseChangelog1", "method"="updateGoogleSheetActionsSetSmartSubstitutionConfiguration"}
[2023-04-15 22:51:14,057]  - method[uninstallMongoUqiPluginAndRemoveAllActions] with arguments: [org.springframework.data.mongodb.core.MongoTemplate]
[2023-04-15 22:51:14,080]  - APPLIED - {"id"="uninstall-mongo-uqi-plugin", "type"="execution", "author"="", "class"="DatabaseChangelog1", "method"="uninstallMongoUqiPluginAndRemoveAllActions"}
[2023-04-15 22:51:14,086]  - method[migrateMongoPluginToUqi] with arguments: [org.springframework.data.mongodb.core.MongoTemplate]
[2023-04-15 22:51:14,099]  - APPLIED - {"id"="migrate-mongo-to-uqi", "type"="execution", "author"="", "class"="DatabaseChangelog1", "method"="migrateMongoPluginToUqi"}
[2023-04-15 22:51:14,104]  - method[migrateMongoPluginDynamicBindingListUqi] with arguments: [org.springframework.data.mongodb.core.MongoTemplate]
[2023-04-15 22:51:14,111]  - APPLIED - {"id"="migrate-mongo-uqi-dynamicBindingPathList", "type"="execution", "author"="", "class"="DatabaseChangelog1", "method"="migrateMongoPluginDynamicBindingListUqi"}
[2023-04-15 22:51:14,116]  - method[updatePluginPackageNameIndexToPluginNamePackageNameAndVersion] with arguments: [org.springframework.data.mongodb.core.MongoTemplate]
[2023-04-15 22:51:14,274]  - APPLIED - {"id"="update-plugin-package-name-index", "type"="execution", "author"="", "class"="DatabaseChangelog1", "method"="updatePluginPackageNameIndexToPluginNamePackageNameAndVersion"}
[2023-04-15 22:51:14,280]  - method[deleteOrphanActions] with arguments: [org.springframework.data.mongodb.core.MongoTemplate]
[2023-04-15 22:51:14,285]  - APPLIED - {"id"="delete-orphan-actions", "type"="execution", "author"="", "class"="DatabaseChangelog1", "method"="deleteOrphanActions"}
[2023-04-15 22:51:14,291]  - method[migrateOldAppColorsToNewColors] with arguments: [org.springframework.data.mongodb.core.MongoTemplate]
[2023-04-15 22:51:14,427]  - APPLIED - {"id"="migrate-old-app-color-to-new-colors", "type"="execution", "author"="", "class"="DatabaseChangelog1", "method"="migrateOldAppColorsToNewColors"}
[2023-04-15 22:51:14,432]  - method[updateS3PermanentUrlToggleDefaultValue] with arguments: [org.springframework.data.mongodb.core.MongoTemplate]
[2023-04-15 22:51:14,441]  - APPLIED - {"id"="update-s3-permanent-url-toggle-default-value", "type"="execution", "author"="", "class"="DatabaseChangelog1", "method"="updateS3PermanentUrlToggleDefaultValue"}
[2023-04-15 22:51:14,447]  - method[updateGitApplicationMetadataIndex] with arguments: [org.springframework.data.mongodb.core.MongoTemplate]
[2023-04-15 22:51:14,494]  - APPLIED - {"id"="application-git-metadata-index", "type"="execution", "author"="", "class"="DatabaseChangelog1", "method"="updateGitApplicationMetadataIndex"}
[2023-04-15 22:51:14,499]  - method[migrateS3PluginToUqi] with arguments: [org.springframework.data.mongodb.core.MongoTemplate]
[2023-04-15 22:51:14,514]  - APPLIED - {"id"="migrate-s3-to-uqi", "type"="execution", "author"="", "class"="DatabaseChangelog1", "method"="migrateS3PluginToUqi"}
[2023-04-15 22:51:14,519]  - method[setSlugToApplicationAndPage] with arguments: [org.springframework.data.mongodb.core.MongoTemplate]
[2023-04-15 22:51:14,529]  - APPLIED - {"id"="set-slug-to-application-and-page", "type"="execution", "author"="", "class"="DatabaseChangelog1", "method"="setSlugToApplicationAndPage"}
[2023-04-15 22:51:14,534]  - method[removeUnusedTriggerPathsListWidget] with arguments: [org.springframework.data.mongodb.core.MongoTemplate]
[2023-04-15 22:51:14,538]  - APPLIED - {"id"="update-list-widget-trigger-paths", "type"="execution", "author"="", "class"="DatabaseChangelog1", "method"="removeUnusedTriggerPathsListWidget"}
[2023-04-15 22:51:14,544]  - method[updateS3ActionConfigurationBodyForContentTypeSupport] with arguments: [org.springframework.data.mongodb.core.MongoTemplate]
[2023-04-15 22:51:14,551]  - APPLIED - {"id"="update-s3-action-configuration-for-type", "type"="execution", "author"="", "class"="DatabaseChangelog1", "method"="updateS3ActionConfigurationBodyForContentTypeSupport"}
[2023-04-15 22:51:14,557]  - method[fixIsPublicIsSetFalseWhenAppIsPublic] with arguments: [org.springframework.data.mongodb.core.MongoTemplate]
[2023-04-15 22:51:14,567]  - APPLIED - {"id"="fix-ispublic-is-false-for-public-apps", "type"="execution", "author"="", "class"="DatabaseChangelog1", "method"="fixIsPublicIsSetFalseWhenAppIsPublic"}
[2023-04-15 22:51:14,576]  - method[updateJsActionsClientSideExecution] with arguments: [org.springframework.data.mongodb.core.MongoTemplate]
[2023-04-15 22:51:14,585]  - APPLIED - {"id"="update-js-action-client-side-execution", "type"="execution", "author"="", "class"="DatabaseChangelog1", "method"="updateJsActionsClientSideExecution"}
[2023-04-15 22:51:14,590]  - method[addSmtpPluginPlugin] with arguments: [org.springframework.data.mongodb.core.MongoTemplate]
[2023-04-15 22:51:14,612]  - APPLIED - {"id"="add-smtp-plugin", "type"="execution", "author"="", "class"="DatabaseChangelog1", "method"="addSmtpPluginPlugin"}
[2023-04-15 22:51:14,618]  - method[updateMockdbEndpoint] with arguments: [org.springframework.data.mongodb.core.MongoTemplate]
[2023-04-15 22:51:14,628]  - APPLIED - {"id"="update-mockdb-endpoint", "type"="execution", "author"="", "class"="DatabaseChangelog1", "method"="updateMockdbEndpoint"}
[2023-04-15 22:51:14,633]  - method[addPluginNameForGoogleSheets] with arguments: [org.springframework.data.mongodb.core.MongoTemplate]
[2023-04-15 22:51:14,644]  - APPLIED - {"id"="add-google-sheets-plugin-name", "type"="execution", "author"="", "class"="DatabaseChangelog1", "method"="addPluginNameForGoogleSheets"}
[2023-04-15 22:51:14,649]  - method[insertDefaultResources] with arguments: [org.springframework.data.mongodb.core.MongoTemplate]
[2023-04-15 22:51:14,672]  - APPLIED - {"id"="insert-default-resources", "type"="execution", "author"="", "class"="DatabaseChangelog1", "method"="insertDefaultResources"}
[2023-04-15 22:51:14,683]  - method[clearRedisCache] with arguments: [org.springframework.data.redis.core.ReactiveRedisOperations]
[2023-04-15 22:51:14,758]  - APPLIED - {"id"="flush-spring-redis-keys", "type"="execution", "author"="", "class"="DatabaseChangelog1", "method"="clearRedisCache"}
[2023-04-15 22:51:14,763]  - method[migrateFirestorePluginToUqi] with arguments: [org.springframework.data.mongodb.core.MongoTemplate]
[2023-04-15 22:51:14,777]  - APPLIED - {"id"="migrate-firestore-to-uqi", "type"="execution", "author"="", "class"="DatabaseChangelog1", "method"="migrateFirestorePluginToUqi"}
[2023-04-15 22:51:14,783]  - method[migrateFirestorePluginToUqi2] with arguments: [org.springframework.data.mongodb.core.MongoTemplate]
[2023-04-15 22:51:14,789]  - APPLIED - {"id"="migrate-firestore-to-uqi-2", "type"="execution", "author"="", "class"="DatabaseChangelog1", "method"="migrateFirestorePluginToUqi2"}
[2023-04-15 22:51:14,795]  - method[migrateFirestorePaginationData] with arguments: [org.springframework.data.mongodb.core.MongoTemplate]
[2023-04-15 22:51:14,801]  - APPLIED - {"id"="migrate-firestore-pagination-data", "type"="execution", "author"="", "class"="DatabaseChangelog1", "method"="migrateFirestorePaginationData"}
[2023-04-15 22:51:14,807]  - method[updateMongoMockdbEndpoint] with arguments: [org.springframework.data.mongodb.core.MongoTemplate]
[2023-04-15 22:51:14,817]  - APPLIED - {"id"="update-mongodb-mockdb-endpoint", "type"="execution", "author"="", "class"="DatabaseChangelog1", "method"="updateMongoMockdbEndpoint"}
[2023-04-15 22:51:14,823]  - method[migrateFirestorePluginToUqi3] with arguments: [org.springframework.data.mongodb.core.MongoTemplate]
[2023-04-15 22:51:14,843]  - APPLIED - {"id"="migrate-firestore-to-uqi-3", "type"="execution", "author"="", "class"="DatabaseChangelog1", "method"="migrateFirestorePluginToUqi3"}
[2023-04-15 22:51:14,848]  - method[createSystemThemes] with arguments: [org.springframework.data.mongodb.core.MongoTemplate]
[2023-04-15 22:51:14,849]  - APPLIED - {"id"="create-system-themes", "type"="execution", "author"="", "class"="DatabaseChangelog1", "method"="createSystemThemes"}
[2023-04-15 22:51:14,854]  - method[addLimitFieldDataToMongoAggregateCommand] with arguments: [org.springframework.data.mongodb.core.MongoTemplate]
[2023-04-15 22:51:14,863]  - APPLIED - {"id"="add-limit-field-data-to-mongo-aggregate-cmd", "type"="execution", "author"="", "class"="DatabaseChangelog1", "method"="addLimitFieldDataToMongoAggregateCommand"}
[2023-04-15 22:51:14,868]  - method[updateGitIndexes] with arguments: [org.springframework.data.mongodb.core.MongoTemplate]
[2023-04-15 22:51:15,004]  - APPLIED - {"id"="update-index-for-git", "type"="execution", "author"="", "class"="DatabaseChangelog1", "method"="updateGitIndexes"}
[2023-04-15 22:51:15,009]  - method[updateMockdbEndpoint2] with arguments: [org.springframework.data.mongodb.core.MongoTemplate]
[2023-04-15 22:51:15,015]  - APPLIED - {"id"="update-mockdb-endpoint-2", "type"="execution", "author"="", "class"="DatabaseChangelog1", "method"="updateMockdbEndpoint2"}
[2023-04-15 22:51:15,020]  - method[migrateFromRSASha1ToECDSASha2Protocol] with arguments: [org.springframework.data.mongodb.core.MongoTemplate]
[2023-04-15 22:51:15,023]  - APPLIED - {"id"="migrate-from-RSA-SHA1-to-ECDSA-SHA2-protocol-for-key-generation", "type"="execution", "author"="", "class"="DatabaseChangelog1", "method"="migrateFromRSASha1ToECDSASha2Protocol"}
[2023-04-15 22:51:15,027]  - method[useAssetsCDNForPluginIcons] with arguments: [org.springframework.data.mongodb.core.MongoTemplate]
[2023-04-15 22:51:15,168]  - APPLIED - {"id"="use-assets-cdn-for-plugin-icons", "type"="execution", "author"="", "class"="DatabaseChangelog1", "method"="useAssetsCDNForPluginIcons"}
[2023-04-15 22:51:15,174]  - method[updateNewActionActionCollectionAndUserDataIndexes] with arguments: [org.springframework.data.mongodb.core.MongoTemplate]
[2023-04-15 22:51:15,389]  - APPLIED - {"id"="update-index-for-newAction-actionCollection-userData", "type"="execution", "author"="", "class"="DatabaseChangelog1", "method"="updateNewActionActionCollectionAndUserDataIndexes"}
[2023-04-15 22:51:15,394]  - method[markMSSQLCrudUnavailable] with arguments: [org.springframework.data.mongodb.core.MongoTemplate]
[2023-04-15 22:51:15,406]  - APPLIED - {"id"="mark-mssql-crud-unavailable", "type"="execution", "author"="", "class"="DatabaseChangelog1", "method"="markMSSQLCrudUnavailable"}
[2023-04-15 22:51:15,412]  - method[updateNewActionActionCollectionIndexes] with arguments: [org.springframework.data.mongodb.core.MongoTemplate]
[2023-04-15 22:51:15,555]  - APPLIED - {"id"="update-index-for-newAction-actionCollection", "type"="execution", "author"="", "class"="DatabaseChangelog1", "method"="updateNewActionActionCollectionIndexes"}
[2023-04-15 22:51:15,561]  - method[createSystemThemes2] with arguments: [org.springframework.data.mongodb.core.MongoTemplate]
[2023-04-15 22:51:15,562]  - APPLIED - {"id"="create-system-themes-v2", "type"="execution", "author"="", "class"="DatabaseChangelog1", "method"="createSystemThemes2"}
[2023-04-15 22:51:15,567]  - method[setFirestoreSmartSubstitutionToFalseForOldCommands] with arguments: [org.springframework.data.mongodb.core.MongoTemplate]
[2023-04-15 22:51:15,576]  - APPLIED - {"id"="set-firestore-smart-substitution-to-false-for-old-cmds", "type"="execution", "author"="", "class"="DatabaseChangelog1", "method"="setFirestoreSmartSubstitutionToFalseForOldCommands"}
[2023-04-15 22:51:15,583]  - method[fixPluginTitleCasing] with arguments: [org.springframework.data.mongodb.core.MongoTemplate]
[2023-04-15 22:51:15,603]  - APPLIED - {"id"="fix-plugin-title-casing", "type"="execution", "author"="", "class"="DatabaseChangelog2", "method"="fixPluginTitleCasing"}
[2023-04-15 22:51:15,608]  - method[deprecateArchivedAtForNewAction] with arguments: [org.springframework.data.mongodb.core.MongoTemplate]
[2023-04-15 22:51:15,613]  - APPLIED - {"id"="deprecate-archivedAt-in-action", "type"="execution", "author"="", "class"="DatabaseChangelog2", "method"="deprecateArchivedAtForNewAction"}
[2023-04-15 22:51:15,620]  - method[updateActionFormDataPath] with arguments: [org.springframework.data.mongodb.core.MongoTemplate]
[2023-04-15 22:51:15,633]  - APPLIED - {"id"="update-form-data-for-uqi-mode", "type"="execution", "author"="", "class"="DatabaseChangelog2", "method"="updateActionFormDataPath"}
[2023-04-15 22:51:15,638]  - method[updateIsConfiguredFlagForAllTheExistingDatasources] with arguments: [org.springframework.data.mongodb.core.MongoTemplate]
[2023-04-15 22:51:15,646]  - APPLIED - {"id"="add-isConfigured-flag-for-all-datasources", "type"="execution", "author"="", "class"="DatabaseChangelog2", "method"="updateIsConfiguredFlagForAllTheExistingDatasources"}
[2023-04-15 22:51:15,652]  - method[setDefaultApplicationVersion] with arguments: [org.springframework.data.mongodb.core.MongoTemplate]
[2023-04-15 22:51:15,658]  - APPLIED - {"id"="set-application-version", "type"="execution", "author"="", "class"="DatabaseChangelog2", "method"="setDefaultApplicationVersion"}
[2023-04-15 22:51:15,664]  - method[deleteOrphanPages] with arguments: [org.springframework.data.mongodb.core.MongoTemplate]
[2023-04-15 22:51:15,668]  - APPLIED - {"id"="delete-orphan-pages", "type"="execution", "author"="", "class"="DatabaseChangelog2", "method"="deleteOrphanPages"}
[2023-04-15 22:51:15,673]  - method[addIndexesForGit] with arguments: [org.springframework.data.mongodb.core.MongoTemplate]
[2023-04-15 22:51:15,775]  - APPLIED - {"id"="update-git-indexes", "type"="execution", "author"="", "class"="DatabaseChangelog2", "method"="addIndexesForGit"}
[2023-04-15 22:51:15,780]  - method[updateOrganizationSlugs] with arguments: [org.springframework.data.mongodb.core.MongoTemplate]
[2023-04-15 22:51:15,791]  - APPLIED - {"id"="update-organization-slugs", "type"="execution", "author"="", "class"="DatabaseChangelog2", "method"="updateOrganizationSlugs"}
[2023-04-15 22:51:15,796]  - method[copyOrganizationToWorkspaces] with arguments: [org.springframework.data.mongodb.core.MongoTemplate]
[2023-04-15 22:51:15,813]  - APPLIED - {"id"="copy-organization-to-workspaces", "type"="execution", "author"="", "class"="DatabaseChangelog2", "method"="copyOrganizationToWorkspaces"}
[2023-04-15 22:51:15,819]  - method[addWorkspaceIndexes] with arguments: [org.springframework.data.mongodb.core.MongoTemplate]
[2023-04-15 22:51:15,889]  - APPLIED - {"id"="add-workspace-indexes", "type"="execution", "author"="", "class"="DatabaseChangelog2", "method"="addWorkspaceIndexes"}
[2023-04-15 22:51:15,894]  - method[updateSequenceNamesFromOrganizationToWorkspace] with arguments: [org.springframework.data.mongodb.core.MongoTemplate]
[2023-04-15 22:51:15,904]  - APPLIED - {"id"="update-sequence-names-from-organization-to-workspace", "type"="execution", "author"="", "class"="DatabaseChangelog2", "method"="updateSequenceNamesFromOrganizationToWorkspace"}
[2023-04-15 22:51:15,912]  - method[addDefaultTenant] with arguments: [org.springframework.data.mongodb.core.MongoTemplate]
[2023-04-15 22:51:15,978]  - APPLIED - {"id"="add-default-tenant", "type"="execution", "author"="", "class"="DatabaseChangelog2", "method"="addDefaultTenant"}
[2023-04-15 22:51:15,984]  - method[addTenantToWorkspaces] with arguments: [org.springframework.data.mongodb.core.MongoTemplate]
[2023-04-15 22:51:16,001]  - APPLIED - {"id"="add-tenant-to-all-workspaces", "type"="execution", "author"="", "class"="DatabaseChangelog2", "method"="addTenantToWorkspaces"}
[2023-04-15 22:51:16,008]  - method[addTenantToUsersAndFlushRedis] with arguments: [org.springframework.data.mongodb.core.MongoTemplate, org.springframework.data.redis.core.ReactiveRedisOperations]
[2023-04-15 22:51:16,021]  - APPLIED - {"id"="add-tenant-to-all-users-and-flush-redis", "type"="execution", "author"="", "class"="DatabaseChangelog2", "method"="addTenantToUsersAndFlushRedis"}
[2023-04-15 22:51:16,027]  - method[migrateOrganizationIdToWorkspaceIdInDomainObjects] with arguments: [org.springframework.data.mongodb.core.MongoTemplate, org.springframework.data.redis.core.ReactiveRedisOperations]
[2023-04-15 22:51:16,129]  - APPLIED - {"id"="migrate-organizationId-to-workspaceId-in-domain-objects", "type"="execution", "author"="", "class"="DatabaseChangelog2", "method"="migrateOrganizationIdToWorkspaceIdInDomainObjects"}
[2023-04-15 22:51:16,134]  - method[organizationToWorkspaceIndexesRecreate] with arguments: [org.springframework.data.mongodb.core.MongoTemplate]
[2023-04-15 22:51:16,209]  - APPLIED - {"id"="organization-to-workspace-indexes-recreate", "type"="execution", "author"="", "class"="DatabaseChangelog2", "method"="organizationToWorkspaceIndexesRecreate"}
[2023-04-15 22:51:16,214]  - method[migratePermissionsInUser] with arguments: [org.springframework.data.mongodb.core.MongoTemplate]
[2023-04-15 22:51:16,229]  - APPLIED - {"id"="migrate-permission-in-user", "type"="execution", "author"="", "class"="DatabaseChangelog2", "method"="migratePermissionsInUser"}
[2023-04-15 22:51:16,234]  - method[migratePermissionsInWorkspace] with arguments: [org.springframework.data.mongodb.core.MongoTemplate]
[2023-04-15 22:51:16,266]  - APPLIED - {"id"="migrate-permission-in-workspace", "type"="execution", "author"="", "class"="DatabaseChangelog2", "method"="migratePermissionsInWorkspace"}
[2023-04-15 22:51:16,272]  - method[migrateOrganizationIdToWorkspaceIdInNewActionDatasource] with arguments: [org.springframework.data.mongodb.core.MongoTemplate, org.springframework.data.redis.core.ReactiveRedisOperations]
[2023-04-15 22:51:16,289]  - APPLIED - {"id"="migrate-organizationId-to-workspaceId-in-newaction-datasource", "type"="execution", "author"="", "class"="DatabaseChangelog2", "method"="migrateOrganizationIdToWorkspaceIdInNewActionDatasource"}
[2023-04-15 22:51:16,296]  - method[migrateGoogleSheetsToUqi] with arguments: [org.springframework.data.mongodb.core.MongoTemplate]
[2023-04-15 22:51:16,313]  - APPLIED - {"id"="migrate-google-sheets-to-uqi", "type"="execution", "author"="", "class"="DatabaseChangelog2", "method"="migrateGoogleSheetsToUqi"}
[2023-04-15 22:51:16,318]  - method[clearRedisCache2] with arguments: [org.springframework.data.redis.core.ReactiveRedisOperations]
[2023-04-15 22:51:16,322]  - APPLIED - {"id"="flush-spring-redis-keys-2a", "type"="execution", "author"="", "class"="DatabaseChangelog2", "method"="clearRedisCache2"}
[2023-04-15 22:51:16,332]  - method[fixDeletedThemesWhenGitBranchDeleted] with arguments: [org.springframework.data.mongodb.core.MongoTemplate]
[2023-04-15 22:51:16,359]  - APPLIED - {"id"="fix-deleted-themes-when-git-branch-deleted", "type"="execution", "author"="", "class"="DatabaseChangelog2", "method"="fixDeletedThemesWhenGitBranchDeleted"}
[2023-04-15 22:51:16,369]  - method[addAnonymousUser] with arguments: [org.springframework.data.mongodb.core.MongoTemplate]
[2023-04-15 22:51:16,412]  - APPLIED - {"id"="add-anonymousUser", "type"="execution", "author"="", "class"="DatabaseChangelog2", "method"="addAnonymousUser"}
[2023-04-15 22:51:16,426]  - method[addDefaultPermissionGroups] with arguments: [org.springframework.data.mongodb.core.MongoTemplate, com.appsmith.server.services.WorkspaceService, com.appsmith.server.helpers.PolicyUtils, jdk.proxy2.$Proxy144]
[2023-04-15 22:51:16,443]  - APPLIED - {"id"="add-default-permission-groups", "type"="execution", "author"="", "class"="DatabaseChangelog2", "method"="addDefaultPermissionGroups"}
[2023-04-15 22:51:16,448]  - method[markPublicApps] with arguments: [org.springframework.data.mongodb.core.MongoTemplate]
[2023-04-15 22:51:16,454]  - APPLIED - {"id"="mark-public-apps", "type"="execution", "author"="", "class"="DatabaseChangelog2", "method"="markPublicApps"}
[2023-04-15 22:51:16,459]  - method[markWorkspacesForInheritance] with arguments: [org.springframework.data.mongodb.core.MongoTemplate]
[2023-04-15 22:51:16,465]  - APPLIED - {"id"="mark-workspaces-for-inheritance", "type"="execution", "author"="", "class"="DatabaseChangelog2", "method"="markWorkspacesForInheritance"}
[2023-04-15 22:51:16,469]  - method[inheritPoliciesToEveryChildObject] with arguments: [org.springframework.data.mongodb.core.MongoTemplate, com.appsmith.server.acl.PolicyGenerator]
[2023-04-15 22:51:16,472]  - APPLIED - {"id"="inherit-policies-to-every-child-object", "type"="execution", "author"="", "class"="DatabaseChangelog2", "method"="inheritPoliciesToEveryChildObject"}
[2023-04-15 22:51:16,477]  - method[makeApplicationsPublic] with arguments: [org.springframework.data.mongodb.core.MongoTemplate, com.appsmith.server.helpers.PolicyUtils, com.appsmith.server.acl.PolicyGenerator, jdk.proxy2.$Proxy155]
[2023-04-15 22:51:16,485]  - APPLIED - {"id"="make-applications-public", "type"="execution", "author"="", "class"="DatabaseChangelog2", "method"="makeApplicationsPublic"}
[2023-04-15 22:51:16,490]  - method[addInstanceConfigurationPlaceHolder] with arguments: [org.springframework.data.mongodb.core.MongoTemplate]
[2023-04-15 22:51:16,577]  - APPLIED - {"id"="add-instance-config-object", "type"="execution", "author"="", "class"="DatabaseChangelog2", "method"="addInstanceConfigurationPlaceHolder"}
[2023-04-15 22:51:16,585]  - method[addAnonymousUserPermissionGroup] with arguments: [org.springframework.data.mongodb.core.MongoTemplate]
[2023-04-15 22:51:16,607]  - APPLIED - {"id"="add-anonymous-user-permission-group", "type"="execution", "author"="", "class"="DatabaseChangelog2", "method"="addAnonymousUserPermissionGroup"}
[2023-04-15 22:51:16,611]  - method[createSystemThemes3] with arguments: [org.springframework.data.mongodb.core.MongoTemplate]
[2023-04-15 22:51:16,891]  - APPLIED - {"id"="create-system-themes-v3", "type"="execution", "author"="", "class"="DatabaseChangelog2", "method"="createSystemThemes3"}
[2023-04-15 22:51:16,897]  - method[updateBadThemeState] with arguments: [org.springframework.data.mongodb.core.MongoTemplate, com.appsmith.server.acl.PolicyGenerator, com.appsmith.server.repositories.CacheableRepositoryHelper]
[2023-04-15 22:51:16,900]  - APPLIED - {"id"="update-bad-theme-state", "type"="execution", "author"="", "class"="DatabaseChangelog2", "method"="updateBadThemeState"}
[2023-04-15 22:51:16,904]  - method[migratePublicAppsSinglePg] with arguments: [org.springframework.data.mongodb.core.MongoTemplate, com.appsmith.server.helpers.PolicyUtils, com.appsmith.server.acl.PolicyGenerator, com.appsmith.server.repositories.CacheableRepositoryHelper]
[2023-04-15 22:51:16,940]  - Cache entry evicted for key permissionGroupsForUser:anonymousUser643b2a638066f44c654fb5d6
[2023-04-15 22:51:16,962]  - APPLIED - {"id"="migrate-public-apps-single-pg", "type"="execution", "author"="", "class"="DatabaseChangelog2", "method"="migratePublicAppsSinglePg"}
[2023-04-15 22:51:16,967]  - method[addTenantAdminPermissionsToInstanceAdmin] with arguments: [org.springframework.data.mongodb.core.MongoTemplate, com.appsmith.server.helpers.PolicyUtils]
[2023-04-15 22:51:16,999]  - APPLIED - {"id"="add-tenant-admin-permissions-instance-admin", "type"="execution", "author"="", "class"="DatabaseChangelog2", "method"="addTenantAdminPermissionsToInstanceAdmin"}
[2023-04-15 22:51:17,013]  - method[addGraphQLPlugin] with arguments: [org.springframework.data.mongodb.core.MongoTemplate]
[2023-04-15 22:51:17,022]  - APPLIED - {"id"="add-graphql-plugin", "type"="execution", "author"="", "class"="DatabaseChangelog2", "method"="addGraphQLPlugin"}
[2023-04-15 22:51:17,027]  - method[reInstallGraphQLPluginToWorkspaces] with arguments: [org.springframework.data.mongodb.core.MongoTemplate]
[2023-04-15 22:51:17,037]  - APPLIED - {"id"="install-graphql-plugin-to-remaining-workspaces", "type"="execution", "author"="", "class"="DatabaseChangelog2", "method"="reInstallGraphQLPluginToWorkspaces"}
[2023-04-15 22:51:17,042]  - method[addIndicesRecommendedByMongoCloud] with arguments: [org.springframework.data.mongodb.core.MongoTemplate]
[2023-04-15 22:51:17,167]  - APPLIED - {"id"="indices-recommended-by-mongodb-cloud", "type"="execution", "author"="", "class"="DatabaseChangelog2", "method"="addIndicesRecommendedByMongoCloud"}
[2023-04-15 22:51:17,171]  - method[deleteRapidApiPluginRelatedItems] with arguments: [org.springframework.data.mongodb.core.MongoTemplate]
[2023-04-15 22:51:17,199]  - APPLIED - {"id"="delete-rapid-api-plugin-related-items", "type"="execution", "author"="", "class"="DatabaseChangelog2", "method"="deleteRapidApiPluginRelatedItems"}
[2023-04-15 22:51:17,203]  - method[addUniqueIndexOnUidString] with arguments: [org.springframework.data.mongodb.core.MongoTemplate]
[2023-04-15 22:51:17,269]  - APPLIED - {"id"="add-unique-index-for-uidstring", "type"="execution", "author"="", "class"="DatabaseChangelog2", "method"="addUniqueIndexOnUidString"}
[2023-04-15 22:51:17,273]  - method[modifyReadPermissionGroupToReadPermissionGroupMembers] with arguments: [org.springframework.data.mongodb.core.MongoTemplate, com.appsmith.server.helpers.PolicyUtils]
[2023-04-15 22:51:17,280]  - APPLIED - {"id"="change-readPermissionGroup-to-readPermissionGroupMembers", "type"="execution", "author"="", "class"="DatabaseChangelog2", "method"="modifyReadPermissionGroupToReadPermissionGroupMembers"}
[2023-04-15 22:51:17,285]  - method[changeSSLModeFromPreferredToDefaultForMySQLPlugin] with arguments: [org.springframework.data.mongodb.core.MongoTemplate]
[2023-04-15 22:51:17,294]  - APPLIED - {"id"="remove-preferred-ssl-mode-from-mysql", "type"="execution", "author"="", "class"="DatabaseChangelog2", "method"="changeSSLModeFromPreferredToDefaultForMySQLPlugin"}
[2023-04-15 22:51:17,299]  - method[deletePermissionsInPermissionGroups] with arguments: [org.springframework.data.mongodb.core.MongoTemplate]
[2023-04-15 22:51:17,305]  - APPLIED - {"id"="delete-permissions-in-permissionGroups", "type"="execution", "author"="", "class"="DatabaseChangelog2", "method"="deletePermissionsInPermissionGroups"}
[2023-04-15 22:51:17,310]  - method[removeUsagePulsesForAppsmithCloud] with arguments: [org.springframework.data.mongodb.core.MongoTemplate, com.appsmith.server.configurations.CommonConfig$$SpringCGLIB$$0]
[2023-04-15 22:51:17,310]  - APPLIED - {"id"="remove-usage-pulses-for-appsmith-cloud", "type"="execution", "author"="", "class"="DatabaseChangelog2", "method"="removeUsagePulsesForAppsmithCloud"}
[2023-04-15 22:51:17,317]  - method[addSslModeSettingsForExistingMssqlDatasource] with arguments: [org.springframework.data.mongodb.core.MongoTemplate]
[2023-04-15 22:51:17,326]  - APPLIED - {"id"="add-ssl-mode-settings-for-existing-mssql-datasources", "type"="execution", "author"="", "class"="DatabaseChangelog2", "method"="addSslModeSettingsForExistingMssqlDatasource"}
[2023-04-15 22:51:17,331]  - method[updateSuperUsers] with arguments: [org.springframework.data.mongodb.core.MongoTemplate, com.appsmith.server.repositories.CacheableRepositoryHelper]
[2023-04-15 22:51:17,352]  - APPLIED - {"id"="update-super-users", "type"="execution", "author"="", "class"="DatabaseChangelog2", "method"="updateSuperUsers"}
[2023-04-15 22:51:17,356]  - method[addPermissionGroupIndex] with arguments: [org.springframework.data.mongodb.core.MongoTemplate]
[2023-04-15 22:51:17,650]  - APPLIED - {"id"="create-indices-on-permissions-for-performance", "type"="execution", "author"="", "class"="DatabaseChangelog2", "method"="addPermissionGroupIndex"}
[2023-04-15 22:51:17,656]  - method[com.appsmith.server.migrations.db.ce.Migration003PermissionGroupDefaultWorkspaceIdMigration] with arguments: [org.springframework.data.mongodb.core.MongoTemplate]
[2023-04-15 22:51:17,656]  - method[defaultWorkspaceIdMigration] with arguments: []
[2023-04-15 22:51:17,678]  - APPLIED - {"id"="migrate-default-workspace-id-to-default-domain-id", "type"="execution", "author"="default_author", "class"="Migration003PermissionGroupDefaultWorkspaceIdMigration", "method"="defaultWorkspaceIdMigration"}
[2023-04-15 22:51:17,683]  - method[com.appsmith.server.migrations.db.ce.Migration004CreateIndexForApplicationSnapshotMigration] with arguments: [org.springframework.data.mongodb.core.MongoTemplate]
[2023-04-15 22:51:17,683]  - method[addIndexOnApplicationIdAndChunkOrder] with arguments: []
[2023-04-15 22:51:17,743]  - APPLIED - {"id"="create-index-for-application-snapshot-collection", "type"="execution", "author"="default_author", "class"="Migration004CreateIndexForApplicationSnapshotMigration", "method"="addIndexOnApplicationIdAndChunkOrder"}
[2023-04-15 22:51:17,747]  - method[com.appsmith.server.migrations.db.ce.Migration004ResetOnPageLoadEdgesInLayouts] with arguments: [org.springframework.data.mongodb.core.MongoTemplate]
[2023-04-15 22:51:17,747]  - method[executeMigration] with arguments: []
[2023-04-15 22:51:17,754]  - APPLIED - {"id"="reset-on-page-load-edges-in-layouts", "type"="execution", "author"="default_author", "class"="Migration004ResetOnPageLoadEdgesInLayouts", "method"="executeMigration"}
[2023-04-15 22:51:17,757]  - Mongock releasing the lock
[2023-04-15 22:51:17,757]  - Mongock releasing the lock
[2023-04-15 22:51:17,764]  - Mongock released the lock
[2023-04-15 22:51:17,764]  - Mongock has finished
[2023-04-15 22:51:18,998]  - Exposing 2 endpoint(s) beneath base path '/actuator'
[2023-04-15 22:51:19,683]  - Netty started on port 8080
[2023-04-15 22:51:19,723]  - Started ServerApplication in 28.64 seconds (process running for 30.027)
[2023-04-15 22:51:19,757]  - Triggering registration of this instance...
[2023-04-15 22:51:19,760]  - Performing RTS health check of this instance...
[2023-04-15 22:51:19,800]  - In memory cache miss for anonymous user permission groups. Fetching from DB and adding it to in memory storage.
[2023-04-15 22:51:21,533]  - Registration successful, updating state ...
[2023-04-15 22:51:21,614]  - RTS health check succeeded

                                
                     
                      
                      
                                   
                                             

Please open http://localhost:<port> in your browser to experience Appsmith!

[2023-04-15 22:51:29,520]  - Cancelled mongock lock daemon
[2023-04-15 22:51:51,956] userEmail=anonymousUser, sessionId=fa053ad1-eb72-4783-ba53-4023434ecb08, thread=lettuce-epollEventLoop-6-1, requestId=8a83464b-d8f9-4d56-9991-cb79975ce2f9 - Cache miss for key permissionGroupsForUser:anonymousUser643b2a638066f44c654fb5d6
[2023-04-15 22:51:51,959] userEmail=anonymousUser, sessionId=fa053ad1-eb72-4783-ba53-4023434ecb08, thread=lettuce-epollEventLoop-6-1, requestId=8a83464b-d8f9-4d56-9991-cb79975ce2f9 - Cache entry added for key permissionGroupsForUser:anonymousUser643b2a638066f44c654fb5d6
[2023-04-15 22:55:06,028] userEmail=anonymousUser, sessionId=, thread=lettuce-epollEventLoop-6-1, requestId=1a24b75c-36cb-4220-b7d3-530ff74b8251 - Cache miss for key permissionGroupsForUser:tietje.n@northeastern.edu643b2a638066f44c654fb5d6
[2023-04-15 22:55:06,037] userEmail=anonymousUser, sessionId=, thread=nioEventLoopGroup-3-9, requestId=1a24b75c-36cb-4220-b7d3-530ff74b8251 - Cache entry added for key permissionGroupsForUser:tietje.n@northeastern.edu643b2a638066f44c654fb5d6
[2023-04-15 22:55:06,337] userEmail=anonymousUser, sessionId=, thread=nioEventLoopGroup-3-5, requestId=1a24b75c-36cb-4220-b7d3-530ff74b8251 - Cache entry evicted for key permissionGroupsForUser:tietje.n@northeastern.edu643b2a638066f44c654fb5d6
[2023-04-15 22:55:06,376] userEmail=anonymousUser, sessionId=, thread=nioEventLoopGroup-3-7, requestId=1a24b75c-36cb-4220-b7d3-530ff74b8251 - Created blank default workspace for user 'tietje.n@northeastern.edu'.
[2023-04-15 22:55:06,386] userEmail=anonymousUser, sessionId=, thread=nioEventLoopGroup-3-7, requestId=1a24b75c-36cb-4220-b7d3-530ff74b8251 - Login succeeded for user: User(name=Nick, email=tietje.n@northeastern.edu, hashedEmail=null, roles=null, password=$2a$10$pBIZptqR9emsJ/qKjmdEQuC93WSjkdXr/VrFakuS6YFIT5gLM2DoC, passwordResetInitiated=false, source=FORM, state=ACTIVATED, isEnabled=true, currentOrganizationId=null, currentWorkspaceId=null, organizationIds=null, workspaceIds=null, examplesOrganizationId=null, examplesWorkspaceId=null, groupIds=[], permissions=[], inviteToken=null, isAnonymous=false, tenantId=643b2a638066f44c654fb5d6)
[2023-04-15 22:55:06,446]  - Got request to send email to: tietje.n@northeastern.edu with subject: Welcome to Appsmith
[2023-04-15 22:55:06,448] userEmail=anonymousUser, sessionId=, thread=lettuce-epollEventLoop-6-1, requestId=1a24b75c-36cb-4220-b7d3-530ff74b8251 - Cache miss for key permissionGroupsForUser:tietje.n@northeastern.edu643b2a638066f44c654fb5d6
[2023-04-15 22:55:06,454] userEmail=anonymousUser, sessionId=, thread=nioEventLoopGroup-3-7, requestId=1a24b75c-36cb-4220-b7d3-530ff74b8251 - Cache entry added for key permissionGroupsForUser:tietje.n@northeastern.edu643b2a638066f44c654fb5d6
[2023-04-15 22:55:06,888] userEmail=anonymousUser, sessionId=, thread=nioEventLoopGroup-3-7, requestId=1a24b75c-36cb-4220-b7d3-530ff74b8251 - Cache entry evicted for key permissionGroupsForUser:tietje.n@northeastern.edu643b2a638066f44c654fb5d6
[2023-04-15 22:55:06,900] userEmail=anonymousUser, sessionId=, thread=lettuce-epollEventLoop-6-1, requestId=1a24b75c-36cb-4220-b7d3-530ff74b8251 - Installation setup complete.
[2023-04-15 22:55:06,905] userEmail=anonymousUser, sessionId=, thread=lettuce-epollEventLoop-6-1, requestId=1a24b75c-36cb-4220-b7d3-530ff74b8251 - Cache miss for key permissionGroupsForUser:tietje.n@northeastern.edu643b2a638066f44c654fb5d6
[2023-04-15 22:55:06,914] userEmail=anonymousUser, sessionId=, thread=nioEventLoopGroup-3-8, requestId=1a24b75c-36cb-4220-b7d3-530ff74b8251 - Cache entry added for key permissionGroupsForUser:tietje.n@northeastern.edu643b2a638066f44c654fb5d6
[2023-04-15 22:55:07,002] userEmail=anonymousUser, sessionId=, thread=nioEventLoopGroup-3-8, requestId=1a24b75c-36cb-4220-b7d3-530ff74b8251 - Cache entry evicted for key permissionGroupsForUser:tietje.n@northeastern.edu643b2a638066f44c654fb5d6
[2023-04-15 22:55:07,007] userEmail=anonymousUser, sessionId=, thread=lettuce-epollEventLoop-6-1, requestId=1a24b75c-36cb-4220-b7d3-530ff74b8251 - Cache miss for key permissionGroupsForUser:tietje.n@northeastern.edu643b2a638066f44c654fb5d6
[2023-04-15 22:55:07,014] userEmail=anonymousUser, sessionId=, thread=nioEventLoopGroup-3-7, requestId=1a24b75c-36cb-4220-b7d3-530ff74b8251 - Cache entry added for key permissionGroupsForUser:tietje.n@northeastern.edu643b2a638066f44c654fb5d6
[2023-04-15 22:55:09,391] userEmail=tietje.n@northeastern.edu, sessionId=4fd3af37-c97f-4647-b713-b7ca117961bb, thread=nioEventLoopGroup-3-7, requestId=32d1a0d7-dad1-440c-b35b-c950a905aacd - Handling user document changes User(name=Nick, email=tietje.n@northeastern.edu, hashedEmail=d16fa21b2d915c545aeb44b1ea9234bbe94b2eadee9e4ecbf826a9d896bdf23a, roles=null, password=$2a$10$pBIZptqR9emsJ/qKjmdEQuC93WSjkdXr/VrFakuS6YFIT5gLM2DoC, passwordResetInitiated=false, source=FORM, state=ACTIVATED, isEnabled=true, currentOrganizationId=null, currentWorkspaceId=null, organizationIds=null, workspaceIds=null, examplesOrganizationId=null, examplesWorkspaceId=null, groupIds=[], permissions=[], inviteToken=null, isAnonymous=false, tenantId=643b2a638066f44c654fb5d6)
[2023-04-15 22:55:09,392] userEmail=tietje.n@northeastern.edu, sessionId=4fd3af37-c97f-4647-b713-b7ca117961bb, thread=nioEventLoopGroup-3-7, requestId=32d1a0d7-dad1-440c-b35b-c950a905aacd - Updating name in userRoles of workspace for user 643b2b498066f44c654fb5e8
[2023-04-15 22:55:10,205] userEmail=tietje.n@northeastern.edu, sessionId=4fd3af37-c97f-4647-b713-b7ca117961bb, thread=lettuce-epollEventLoop-6-1, requestId=b084d8f6-2ec3-40a9-b89e-6cc0c90e699e - Going to fetch applicationPageDTO for applicationId: null, pageId: 643b2b4a8066f44c654fb5f1, branchName: null, mode: EDIT
[2023-04-15 22:55:10,219] userEmail=tietje.n@northeastern.edu, sessionId=4fd3af37-c97f-4647-b713-b7ca117961bb, thread=nioEventLoopGroup-3-5, requestId=b084d8f6-2ec3-40a9-b89e-6cc0c90e699e - Retrieved possible application ids for page, picking the appropriate one now
[2023-04-15 22:55:10,238] userEmail=tietje.n@northeastern.edu, sessionId=4fd3af37-c97f-4647-b713-b7ca117961bb, thread=nioEventLoopGroup-3-5, requestId=b084d8f6-2ec3-40a9-b89e-6cc0c90e699e - Fetched application data for id: 643b2b4a8066f44c654fb5ee
[2023-04-15 22:55:10,268] userEmail=tietje.n@northeastern.edu, sessionId=4fd3af37-c97f-4647-b713-b7ca117961bb, thread=nioEventLoopGroup-3-8, requestId=b084d8f6-2ec3-40a9-b89e-6cc0c90e699e - Retrieved Page DTOs from DB ...
[2023-04-15 22:55:10,268] userEmail=tietje.n@northeastern.edu, sessionId=4fd3af37-c97f-4647-b713-b7ca117961bb, thread=nioEventLoopGroup-3-8, requestId=b084d8f6-2ec3-40a9-b89e-6cc0c90e699e - Populating applicationPagesDTO ...
[2023-04-15 22:55:10,507] userEmail=tietje.n@northeastern.edu, sessionId=4fd3af37-c97f-4647-b713-b7ca117961bb, thread=lettuce-epollEventLoop-6-1, requestId=3136cf48-e7e0-43fa-9fac-72d5f83e39fc - Going to get all actions with params: {applicationId=[643b2b4a8066f44c654fb5ee]}, branch: null
[2023-04-15 22:55:10,542] userEmail=tietje.n@northeastern.edu, sessionId=4fd3af37-c97f-4647-b713-b7ca117961bb, thread=lettuce-epollEventLoop-6-1, requestId=f1c878f4-d51a-4a1c-9cac-5ee16097c316 - Going to get all unpublished action collections with params: {applicationId=[643b2b4a8066f44c654fb5ee]}, branch: null
[2023-04-15 22:55:10,636] userEmail=tietje.n@northeastern.edu, sessionId=4fd3af37-c97f-4647-b713-b7ca117961bb, thread=lettuce-epollEventLoop-6-1, requestId=ad4de71c-34de-43f5-b9dc-89ab897e1142 - Going to get all unpublished JS libs in application: 643b2b4a8066f44c654fb5ee, on branch: null
[2023-04-15 22:55:10,838] userEmail=tietje.n@northeastern.edu, sessionId=4fd3af37-c97f-4647-b713-b7ca117961bb, thread=lettuce-epollEventLoop-6-1, requestId=efb90414-0e48-4426-99e5-8b7cc988e5b6 - Going to get all resources from base controller {workspaceId=[643b2b4a8066f44c654fb5ea]}
[2023-04-15 22:55:10,852] userEmail=tietje.n@northeastern.edu, sessionId=4fd3af37-c97f-4647-b713-b7ca117961bb, thread=nioEventLoopGroup-3-8, requestId=efb90414-0e48-4426-99e5-8b7cc988e5b6 - Fetching plugins by params: {workspaceId=[643b2b4a8066f44c654fb5ea]} for org: Nick's apps
[2023-04-15 22:55:10,865] userEmail=tietje.n@northeastern.edu, sessionId=4fd3af37-c97f-4647-b713-b7ca117961bb, thread=lettuce-epollEventLoop-6-1, requestId=c00e7ed8-a84c-4af2-9156-f8bdf77e44c5 - Going to get all resources from base controller {workspaceId=[643b2b4a8066f44c654fb5ea]}
[2023-04-15 22:55:10,871] userEmail=tietje.n@northeastern.edu, sessionId=4fd3af37-c97f-4647-b713-b7ca117961bb, thread=nioEventLoopGroup-3-8, requestId=efb90414-0e48-4426-99e5-8b7cc988e5b6 - Error loading templates metadata in plugin restapi-plugin
[2023-04-15 22:55:10,883] userEmail=tietje.n@northeastern.edu, sessionId=4fd3af37-c97f-4647-b713-b7ca117961bb, thread=nioEventLoopGroup-3-8, requestId=efb90414-0e48-4426-99e5-8b7cc988e5b6 - Error loading templates metadata in plugin elasticsearch-plugin
[2023-04-15 22:55:10,885] userEmail=tietje.n@northeastern.edu, sessionId=4fd3af37-c97f-4647-b713-b7ca117961bb, thread=nioEventLoopGroup-3-8, requestId=efb90414-0e48-4426-99e5-8b7cc988e5b6 - Error loading templates metadata in plugin dynamo-plugin
[2023-04-15 22:55:10,889] userEmail=tietje.n@northeastern.edu, sessionId=4fd3af37-c97f-4647-b713-b7ca117961bb, thread=nioEventLoopGroup-3-8, requestId=efb90414-0e48-4426-99e5-8b7cc988e5b6 - Error loading templates metadata in plugin redis-plugin
[2023-04-15 22:55:10,899] userEmail=tietje.n@northeastern.edu, sessionId=4fd3af37-c97f-4647-b713-b7ca117961bb, thread=nioEventLoopGroup-3-8, requestId=efb90414-0e48-4426-99e5-8b7cc988e5b6 - Error loading templates metadata in plugin firestore-plugin
[2023-04-15 22:55:10,901] userEmail=tietje.n@northeastern.edu, sessionId=4fd3af37-c97f-4647-b713-b7ca117961bb, thread=nioEventLoopGroup-3-8, requestId=efb90414-0e48-4426-99e5-8b7cc988e5b6 - Error loading templates metadata in plugin redshift-plugin
[2023-04-15 22:55:10,905] userEmail=tietje.n@northeastern.edu, sessionId=4fd3af37-c97f-4647-b713-b7ca117961bb, thread=nioEventLoopGroup-3-8, requestId=efb90414-0e48-4426-99e5-8b7cc988e5b6 - Error loading templates metadata in plugin amazons3-plugin
[2023-04-15 22:55:10,907] userEmail=tietje.n@northeastern.edu, sessionId=4fd3af37-c97f-4647-b713-b7ca117961bb, thread=nioEventLoopGroup-3-8, requestId=efb90414-0e48-4426-99e5-8b7cc988e5b6 - Error loading templates metadata in plugin google-sheets-plugin
[2023-04-15 22:55:10,935] userEmail=tietje.n@northeastern.edu, sessionId=4fd3af37-c97f-4647-b713-b7ca117961bb, thread=nioEventLoopGroup-3-7, requestId=efb90414-0e48-4426-99e5-8b7cc988e5b6 - Error loading templates metadata in plugin js-plugin
[2023-04-15 22:55:10,937] userEmail=tietje.n@northeastern.edu, sessionId=4fd3af37-c97f-4647-b713-b7ca117961bb, thread=nioEventLoopGroup-3-7, requestId=efb90414-0e48-4426-99e5-8b7cc988e5b6 - Error loading templates metadata in plugin smtp-plugin
[2023-04-15 22:55:10,943] userEmail=tietje.n@northeastern.edu, sessionId=4fd3af37-c97f-4647-b713-b7ca117961bb, thread=nioEventLoopGroup-3-8, requestId=efb90414-0e48-4426-99e5-8b7cc988e5b6 - Error loading templates metadata in plugin graphql-plugin
[2023-04-15 22:55:10,957] userEmail=tietje.n@northeastern.edu, sessionId=4fd3af37-c97f-4647-b713-b7ca117961bb, thread=nioEventLoopGroup-3-8, requestId=efb90414-0e48-4426-99e5-8b7cc988e5b6 - Error loading templates metadata in plugin saas-plugin
[2023-04-15 22:55:10,965] userEmail=tietje.n@northeastern.edu, sessionId=4fd3af37-c97f-4647-b713-b7ca117961bb, thread=nioEventLoopGroup-3-8, requestId=efb90414-0e48-4426-99e5-8b7cc988e5b6 - Error loading templates metadata in plugin saas-plugin
[2023-04-15 22:55:10,968] userEmail=tietje.n@northeastern.edu, sessionId=4fd3af37-c97f-4647-b713-b7ca117961bb, thread=nioEventLoopGroup-3-8, requestId=efb90414-0e48-4426-99e5-8b7cc988e5b6 - Error loading templates metadata in plugin saas-plugin
[2023-04-15 22:55:11,757] userEmail=tietje.n@northeastern.edu, sessionId=4fd3af37-c97f-4647-b713-b7ca117961bb, thread=lettuce-epollEventLoop-6-1, requestId=982052cf-e9b9-413b-8547-d66073d384b5 - Going to get resource from base controller for id: 643b2b4a8066f44c654fb5ea
[2023-04-15 22:55:11,787] userEmail=tietje.n@northeastern.edu, sessionId=4fd3af37-c97f-4647-b713-b7ca117961bb, thread=lettuce-epollEventLoop-6-1, requestId=81957119-b85f-4b0b-9eb8-5853230c0452 - Going to get all applications grouped by workspace
[2023-04-15 22:55:11,876] userEmail=tietje.n@northeastern.edu, sessionId=4fd3af37-c97f-4647-b713-b7ca117961bb, thread=reactor-http-epoll-1, requestId=88aeed3c-cb48-4af4-8bff-f41eb5849924 - update layout received for page 643b2b4a8066f44c654fb5f1
[2023-04-15 22:55:12,034] userEmail=tietje.n@northeastern.edu, sessionId=4fd3af37-c97f-4647-b713-b7ca117961bb, thread=lettuce-epollEventLoop-6-1, requestId=f6f79dd9-f555-4057-8fba-db19034524bf - Going to get version release items
[2023-04-15 22:55:34,802] userEmail=tietje.n@northeastern.edu, sessionId=4fd3af37-c97f-4647-b713-b7ca117961bb, thread=reactor-http-epoll-3, requestId=3e821161-0f6a-4d45-a7a6-d825713e620d - Going to update page with id: 643b2b4a8066f44c654fb5f1, branchName: null
[2023-04-15 22:55:38,644] userEmail=tietje.n@northeastern.edu, sessionId=4fd3af37-c97f-4647-b713-b7ca117961bb, thread=reactor-http-epoll-4, requestId=9f3576e2-d64f-4208-8d24-38189589675e - Going to create resource com.appsmith.server.dtos.PageDTO
[2023-04-15 22:55:45,350] userEmail=tietje.n@northeastern.edu, sessionId=4fd3af37-c97f-4647-b713-b7ca117961bb, thread=reactor-http-epoll-6, requestId=9dc90148-21b3-42d8-9b73-726116d07027 - Going to update page with id: 643b2b6a8066f44c654fb5f5, branchName: null
[2023-04-15 22:55:54,856] userEmail=tietje.n@northeastern.edu, sessionId=4fd3af37-c97f-4647-b713-b7ca117961bb, thread=reactor-http-epoll-8, requestId=8dcda651-6dc3-456f-af13-472f44fa1eca - Going to create resource com.appsmith.server.dtos.PageDTO
[2023-04-15 22:56:02,275] userEmail=tietje.n@northeastern.edu, sessionId=4fd3af37-c97f-4647-b713-b7ca117961bb, thread=reactor-http-epoll-10, requestId=0750ac9c-af3e-4869-935c-e41bc6ba921b - Going to update page with id: 643b2b7a8066f44c654fb5f8, branchName: null
[2023-04-15 22:56:25,682] userEmail=tietje.n@northeastern.edu, sessionId=4fd3af37-c97f-4647-b713-b7ca117961bb, thread=reactor-http-epoll-12, requestId=da01760c-9483-43af-ac3e-a8b65da544ad - update layout received for page 643b2b7a8066f44c654fb5f8
[2023-04-15 22:56:31,144] userEmail=tietje.n@northeastern.edu, sessionId=4fd3af37-c97f-4647-b713-b7ca117961bb, thread=reactor-http-epoll-1, requestId=94c518af-2f29-4279-9063-e9c5f158bea0 - update layout received for page 643b2b7a8066f44c654fb5f8
[2023-04-15 22:56:36,258] userEmail=tietje.n@northeastern.edu, sessionId=4fd3af37-c97f-4647-b713-b7ca117961bb, thread=reactor-http-epoll-2, requestId=f878f601-d847-473a-9f25-33a49f0611ee - update layout received for page 643b2b7a8066f44c654fb5f8
[2023-04-15 22:56:37,442] userEmail=tietje.n@northeastern.edu, sessionId=4fd3af37-c97f-4647-b713-b7ca117961bb, thread=reactor-http-epoll-3, requestId=2ebcee03-e00f-4f00-b541-27c17e8ee809 - update layout received for page 643b2b7a8066f44c654fb5f8
[2023-04-15 22:57:01,281] userEmail=tietje.n@northeastern.edu, sessionId=4fd3af37-c97f-4647-b713-b7ca117961bb, thread=reactor-http-epoll-4, requestId=923d0d22-2008-4993-bb38-916f52851479 - update layout received for page 643b2b7a8066f44c654fb5f8
[2023-04-15 22:57:12,865] userEmail=tietje.n@northeastern.edu, sessionId=4fd3af37-c97f-4647-b713-b7ca117961bb, thread=reactor-http-epoll-5, requestId=0d4ea7a5-6f22-4081-9944-7b9c87f487cf - update layout received for page 643b2b7a8066f44c654fb5f8
[2023-04-15 22:57:16,075] userEmail=tietje.n@northeastern.edu, sessionId=4fd3af37-c97f-4647-b713-b7ca117961bb, thread=reactor-http-epoll-6, requestId=39bbbfc2-2af0-4666-9d64-ec1f8048c892 - update layout received for page 643b2b7a8066f44c654fb5f8
[2023-04-15 22:57:19,460] userEmail=tietje.n@northeastern.edu, sessionId=4fd3af37-c97f-4647-b713-b7ca117961bb, thread=reactor-http-epoll-7, requestId=6d056522-4a53-4270-b39b-70ad875d810a - Going to create resource com.appsmith.server.dtos.PageDTO
[2023-04-15 22:57:31,235] userEmail=tietje.n@northeastern.edu, sessionId=4fd3af37-c97f-4647-b713-b7ca117961bb, thread=reactor-http-epoll-9, requestId=4eabe08a-3204-4e55-bbd4-b916485d0556 - Going to update page with id: 643b2bcf8066f44c654fb5fb, branchName: null
[2023-04-15 22:57:34,139] userEmail=tietje.n@northeastern.edu, sessionId=4fd3af37-c97f-4647-b713-b7ca117961bb, thread=nioEventLoopGroup-3-8, requestId=339b4dbf-40a9-4876-a659-0619b5935c50 - Fetched application data for id: 643b2b4a8066f44c654fb5ee
[2023-04-15 22:57:34,148] userEmail=tietje.n@northeastern.edu, sessionId=4fd3af37-c97f-4647-b713-b7ca117961bb, thread=nioEventLoopGroup-3-8, requestId=339b4dbf-40a9-4876-a659-0619b5935c50 - Retrieved Page DTOs from DB ...
[2023-04-15 22:57:34,148] userEmail=tietje.n@northeastern.edu, sessionId=4fd3af37-c97f-4647-b713-b7ca117961bb, thread=nioEventLoopGroup-3-8, requestId=339b4dbf-40a9-4876-a659-0619b5935c50 - Populating applicationPagesDTO ...
[2023-04-15 22:57:34,395] userEmail=tietje.n@northeastern.edu, sessionId=4fd3af37-c97f-4647-b713-b7ca117961bb, thread=lettuce-epollEventLoop-6-1, requestId=39825182-8faa-4dbb-a8bd-73fa82e873c1 - Going to get all actions with params: {pageId=[643b2bde8066f44c654fb5fe]}, branch: null
[2023-04-15 22:57:34,411] userEmail=tietje.n@northeastern.edu, sessionId=4fd3af37-c97f-4647-b713-b7ca117961bb, thread=lettuce-epollEventLoop-6-1, requestId=ac833d9e-10b3-41fc-9c90-b16ce12010f6 - Going to get all unpublished action collections with params: {pageId=[643b2bde8066f44c654fb5fe]}, branch: null
[2023-04-15 22:57:38,801] userEmail=tietje.n@northeastern.edu, sessionId=4fd3af37-c97f-4647-b713-b7ca117961bb, thread=reactor-http-epoll-2, requestId=6538ecbd-8a8e-4092-b02a-0d0019c3469f - Going to update page with id: 643b2bde8066f44c654fb5fe, branchName: null
